00:10:06.107 [QuartzScheduler_RuoyiScheduler-楼台1778602192007_MisfireHandler] ERROR o.s.s.q.LocalDataSourceJobStore - [manage,4017] - MisfireHandler: Error handling misfires: Failed to obtain DB connection from data source 'springNonTxDataSource.RuoyiScheduler': com.alibaba.druid.pool.DataSourceClosedException: dataSource already closed at Wed May 13 00:10:04 CST 2026
org.quartz.JobPersistenceException: Failed to obtain DB connection from data source 'springNonTxDataSource.RuoyiScheduler': com.alibaba.druid.pool.DataSourceClosedException: dataSource already closed at Wed May 13 00:10:04 CST 2026
	at org.quartz.impl.jdbcjobstore.JobStoreCMT.getNonManagedTXConnection(JobStoreCMT.java:168)
	at org.quartz.impl.jdbcjobstore.JobStoreSupport.doRecoverMisfires(JobStoreSupport.java:3246)
	at org.quartz.impl.jdbcjobstore.JobStoreSupport$MisfireHandler.manage(JobStoreSupport.java:4012)
	at org.quartz.impl.jdbcjobstore.JobStoreSupport$MisfireHandler.run(JobStoreSupport.java:4033)
Caused by: com.alibaba.druid.pool.DataSourceClosedException: dataSource already closed at Wed May 13 00:10:04 CST 2026
	at com.alibaba.druid.pool.DruidDataSource.getConnectionInternal(DruidDataSource.java:1546)
	at com.alibaba.druid.pool.DruidDataSource.getConnectionDirect(DruidDataSource.java:1372)
	at com.alibaba.druid.filter.FilterChainImpl.dataSource_connect(FilterChainImpl.java:5074)
	at com.alibaba.druid.filter.stat.StatFilter.dataSource_getConnection(StatFilter.java:724)
	at com.alibaba.druid.filter.FilterChainImpl.dataSource_connect(FilterChainImpl.java:5070)
	at com.alibaba.druid.pool.DruidDataSource.getConnection(DruidDataSource.java:1347)
	at com.alibaba.druid.pool.DruidDataSource.getConnection(DruidDataSource.java:1333)
	at com.alibaba.druid.pool.DruidDataSource.getConnection(DruidDataSource.java:81)
	at org.springframework.jdbc.datasource.lookup.AbstractRoutingDataSource.getConnection(AbstractRoutingDataSource.java:194)
	at org.springframework.scheduling.quartz.LocalDataSourceJobStore$2.getConnection(LocalDataSourceJobStore.java:140)
	at org.quartz.utils.DBConnectionManager.getConnection(DBConnectionManager.java:108)
	at org.quartz.impl.jdbcjobstore.JobStoreCMT.getNonManagedTXConnection(JobStoreCMT.java:165)
	... 3 common frames omitted
00:10:30.967 [QuartzScheduler_RuoyiScheduler-楼台1778602216748_MisfireHandler] ERROR o.s.s.q.LocalDataSourceJobStore - [manage,4017] - MisfireHandler: Error handling misfires: Failed to obtain DB connection from data source 'springNonTxDataSource.RuoyiScheduler': com.alibaba.druid.pool.DataSourceClosedException: dataSource already closed at Wed May 13 00:10:29 CST 2026
org.quartz.JobPersistenceException: Failed to obtain DB connection from data source 'springNonTxDataSource.RuoyiScheduler': com.alibaba.druid.pool.DataSourceClosedException: dataSource already closed at Wed May 13 00:10:29 CST 2026
	at org.quartz.impl.jdbcjobstore.JobStoreCMT.getNonManagedTXConnection(JobStoreCMT.java:168)
	at org.quartz.impl.jdbcjobstore.JobStoreSupport.doRecoverMisfires(JobStoreSupport.java:3246)
	at org.quartz.impl.jdbcjobstore.JobStoreSupport$MisfireHandler.manage(JobStoreSupport.java:4012)
	at org.quartz.impl.jdbcjobstore.JobStoreSupport$MisfireHandler.run(JobStoreSupport.java:4033)
Caused by: com.alibaba.druid.pool.DataSourceClosedException: dataSource already closed at Wed May 13 00:10:29 CST 2026
	at com.alibaba.druid.pool.DruidDataSource.getConnectionInternal(DruidDataSource.java:1546)
	at com.alibaba.druid.pool.DruidDataSource.getConnectionDirect(DruidDataSource.java:1372)
	at com.alibaba.druid.filter.FilterChainImpl.dataSource_connect(FilterChainImpl.java:5074)
	at com.alibaba.druid.filter.stat.StatFilter.dataSource_getConnection(StatFilter.java:724)
	at com.alibaba.druid.filter.FilterChainImpl.dataSource_connect(FilterChainImpl.java:5070)
	at com.alibaba.druid.pool.DruidDataSource.getConnection(DruidDataSource.java:1347)
	at com.alibaba.druid.pool.DruidDataSource.getConnection(DruidDataSource.java:1333)
	at com.alibaba.druid.pool.DruidDataSource.getConnection(DruidDataSource.java:81)
	at org.springframework.jdbc.datasource.lookup.AbstractRoutingDataSource.getConnection(AbstractRoutingDataSource.java:194)
	at org.springframework.scheduling.quartz.LocalDataSourceJobStore$2.getConnection(LocalDataSourceJobStore.java:140)
	at org.quartz.utils.DBConnectionManager.getConnection(DBConnectionManager.java:108)
	at org.quartz.impl.jdbcjobstore.JobStoreCMT.getNonManagedTXConnection(JobStoreCMT.java:165)
	... 3 common frames omitted
00:10:33.122 [QuartzScheduler_RuoyiScheduler-楼台1778602192007_MisfireHandler] ERROR o.s.s.q.LocalDataSourceJobStore - [manage,4017] - MisfireHandler: Error handling misfires: Failed to obtain DB connection from data source 'springNonTxDataSource.RuoyiScheduler': com.alibaba.druid.pool.DataSourceClosedException: dataSource already closed at Wed May 13 00:10:29 CST 2026
org.quartz.JobPersistenceException: Failed to obtain DB connection from data source 'springNonTxDataSource.RuoyiScheduler': com.alibaba.druid.pool.DataSourceClosedException: dataSource already closed at Wed May 13 00:10:29 CST 2026
	at org.quartz.impl.jdbcjobstore.JobStoreCMT.getNonManagedTXConnection(JobStoreCMT.java:168)
	at org.quartz.impl.jdbcjobstore.JobStoreSupport.doRecoverMisfires(JobStoreSupport.java:3246)
	at org.quartz.impl.jdbcjobstore.JobStoreSupport$MisfireHandler.manage(JobStoreSupport.java:4012)
	at org.quartz.impl.jdbcjobstore.JobStoreSupport$MisfireHandler.run(JobStoreSupport.java:4033)
Caused by: com.alibaba.druid.pool.DataSourceClosedException: dataSource already closed at Wed May 13 00:10:29 CST 2026
	at com.alibaba.druid.pool.DruidDataSource.getConnectionInternal(DruidDataSource.java:1546)
	at com.alibaba.druid.pool.DruidDataSource.getConnectionDirect(DruidDataSource.java:1372)
	at com.alibaba.druid.filter.FilterChainImpl.dataSource_connect(FilterChainImpl.java:5074)
	at com.alibaba.druid.filter.stat.StatFilter.dataSource_getConnection(StatFilter.java:724)
	at com.alibaba.druid.filter.FilterChainImpl.dataSource_connect(FilterChainImpl.java:5070)
	at com.alibaba.druid.pool.DruidDataSource.getConnection(DruidDataSource.java:1347)
	at com.alibaba.druid.pool.DruidDataSource.getConnection(DruidDataSource.java:1333)
	at com.alibaba.druid.pool.DruidDataSource.getConnection(DruidDataSource.java:81)
	at org.springframework.jdbc.datasource.lookup.AbstractRoutingDataSource.getConnection(AbstractRoutingDataSource.java:194)
	at org.springframework.scheduling.quartz.LocalDataSourceJobStore$2.getConnection(LocalDataSourceJobStore.java:140)
	at org.quartz.utils.DBConnectionManager.getConnection(DBConnectionManager.java:108)
	at org.quartz.impl.jdbcjobstore.JobStoreCMT.getNonManagedTXConnection(JobStoreCMT.java:165)
	... 3 common frames omitted
00:10:51.947 [restartedMain] ERROR s.d.s.w.p.DefaultRequestHandlerCombiner - [safeGroupBy,103] - Unable to index request handlers Method [listQualityTeacher] was discovered in the .class file but cannot be resolved in the class object. Request handlers with issuesRequest Handlers with duplicate keys {	0. RequestHandlerKey{pathMappings=[/achievement/manage], supportedMethods=[PUT], supportedMediaTypes=[], producibleMediaTypes=[]}	1. RequestHandlerKey{pathMappings=[/achievement/manage], supportedMethods=[POST], supportedMediaTypes=[], producibleMediaTypes=[]}}
00:10:54.517 [QuartzScheduler_RuoyiScheduler-楼台1778602241347_MisfireHandler] ERROR o.s.s.q.LocalDataSourceJobStore - [manage,4017] - MisfireHandler: Error handling misfires: Failed to obtain DB connection from data source 'springNonTxDataSource.RuoyiScheduler': com.alibaba.druid.pool.DataSourceClosedException: dataSource already closed at Wed May 13 00:10:53 CST 2026
org.quartz.JobPersistenceException: Failed to obtain DB connection from data source 'springNonTxDataSource.RuoyiScheduler': com.alibaba.druid.pool.DataSourceClosedException: dataSource already closed at Wed May 13 00:10:53 CST 2026
	at org.quartz.impl.jdbcjobstore.JobStoreCMT.getNonManagedTXConnection(JobStoreCMT.java:168)
	at org.quartz.impl.jdbcjobstore.JobStoreSupport.doRecoverMisfires(JobStoreSupport.java:3246)
	at org.quartz.impl.jdbcjobstore.JobStoreSupport$MisfireHandler.manage(JobStoreSupport.java:4012)
	at org.quartz.impl.jdbcjobstore.JobStoreSupport$MisfireHandler.run(JobStoreSupport.java:4033)
Caused by: com.alibaba.druid.pool.DataSourceClosedException: dataSource already closed at Wed May 13 00:10:53 CST 2026
	at com.alibaba.druid.pool.DruidDataSource.getConnectionInternal(DruidDataSource.java:1546)
	at com.alibaba.druid.pool.DruidDataSource.getConnectionDirect(DruidDataSource.java:1372)
	at com.alibaba.druid.filter.FilterChainImpl.dataSource_connect(FilterChainImpl.java:5074)
	at com.alibaba.druid.filter.stat.StatFilter.dataSource_getConnection(StatFilter.java:724)
	at com.alibaba.druid.filter.FilterChainImpl.dataSource_connect(FilterChainImpl.java:5070)
	at com.alibaba.druid.pool.DruidDataSource.getConnection(DruidDataSource.java:1347)
	at com.alibaba.druid.pool.DruidDataSource.getConnection(DruidDataSource.java:1333)
	at com.alibaba.druid.pool.DruidDataSource.getConnection(DruidDataSource.java:81)
	at org.springframework.jdbc.datasource.lookup.AbstractRoutingDataSource.getConnection(AbstractRoutingDataSource.java:194)
	at org.springframework.scheduling.quartz.LocalDataSourceJobStore$2.getConnection(LocalDataSourceJobStore.java:140)
	at org.quartz.utils.DBConnectionManager.getConnection(DBConnectionManager.java:108)
	at org.quartz.impl.jdbcjobstore.JobStoreCMT.getNonManagedTXConnection(JobStoreCMT.java:165)
	... 3 common frames omitted
00:10:57.977 [QuartzScheduler_RuoyiScheduler-楼台1778602216748_MisfireHandler] ERROR o.s.s.q.LocalDataSourceJobStore - [manage,4017] - MisfireHandler: Error handling misfires: Failed to obtain DB connection from data source 'springNonTxDataSource.RuoyiScheduler': com.alibaba.druid.pool.DataSourceClosedException: dataSource already closed at Wed May 13 00:10:53 CST 2026
org.quartz.JobPersistenceException: Failed to obtain DB connection from data source 'springNonTxDataSource.RuoyiScheduler': com.alibaba.druid.pool.DataSourceClosedException: dataSource already closed at Wed May 13 00:10:53 CST 2026
	at org.quartz.impl.jdbcjobstore.JobStoreCMT.getNonManagedTXConnection(JobStoreCMT.java:168)
	at org.quartz.impl.jdbcjobstore.JobStoreSupport.doRecoverMisfires(JobStoreSupport.java:3246)
	at org.quartz.impl.jdbcjobstore.JobStoreSupport$MisfireHandler.manage(JobStoreSupport.java:4012)
	at org.quartz.impl.jdbcjobstore.JobStoreSupport$MisfireHandler.run(JobStoreSupport.java:4033)
Caused by: com.alibaba.druid.pool.DataSourceClosedException: dataSource already closed at Wed May 13 00:10:53 CST 2026
	at com.alibaba.druid.pool.DruidDataSource.getConnectionInternal(DruidDataSource.java:1546)
	at com.alibaba.druid.pool.DruidDataSource.getConnectionDirect(DruidDataSource.java:1372)
	at com.alibaba.druid.filter.FilterChainImpl.dataSource_connect(FilterChainImpl.java:5074)
	at com.alibaba.druid.filter.stat.StatFilter.dataSource_getConnection(StatFilter.java:724)
	at com.alibaba.druid.filter.FilterChainImpl.dataSource_connect(FilterChainImpl.java:5070)
	at com.alibaba.druid.pool.DruidDataSource.getConnection(DruidDataSource.java:1347)
	at com.alibaba.druid.pool.DruidDataSource.getConnection(DruidDataSource.java:1333)
	at com.alibaba.druid.pool.DruidDataSource.getConnection(DruidDataSource.java:81)
	at org.springframework.jdbc.datasource.lookup.AbstractRoutingDataSource.getConnection(AbstractRoutingDataSource.java:194)
	at org.springframework.scheduling.quartz.LocalDataSourceJobStore$2.getConnection(LocalDataSourceJobStore.java:140)
	at org.quartz.utils.DBConnectionManager.getConnection(DBConnectionManager.java:108)
	at org.quartz.impl.jdbcjobstore.JobStoreCMT.getNonManagedTXConnection(JobStoreCMT.java:165)
	... 3 common frames omitted
00:11:00.135 [QuartzScheduler_RuoyiScheduler-楼台1778602192007_MisfireHandler] ERROR o.s.s.q.LocalDataSourceJobStore - [manage,4017] - MisfireHandler: Error handling misfires: Failed to obtain DB connection from data source 'springNonTxDataSource.RuoyiScheduler': com.alibaba.druid.pool.DataSourceClosedException: dataSource already closed at Wed May 13 00:10:53 CST 2026
org.quartz.JobPersistenceException: Failed to obtain DB connection from data source 'springNonTxDataSource.RuoyiScheduler': com.alibaba.druid.pool.DataSourceClosedException: dataSource already closed at Wed May 13 00:10:53 CST 2026
	at org.quartz.impl.jdbcjobstore.JobStoreCMT.getNonManagedTXConnection(JobStoreCMT.java:168)
	at org.quartz.impl.jdbcjobstore.JobStoreSupport.doRecoverMisfires(JobStoreSupport.java:3246)
	at org.quartz.impl.jdbcjobstore.JobStoreSupport$MisfireHandler.manage(JobStoreSupport.java:4012)
	at org.quartz.impl.jdbcjobstore.JobStoreSupport$MisfireHandler.run(JobStoreSupport.java:4033)
Caused by: com.alibaba.druid.pool.DataSourceClosedException: dataSource already closed at Wed May 13 00:10:53 CST 2026
	at com.alibaba.druid.pool.DruidDataSource.getConnectionInternal(DruidDataSource.java:1546)
	at com.alibaba.druid.pool.DruidDataSource.getConnectionDirect(DruidDataSource.java:1372)
	at com.alibaba.druid.filter.FilterChainImpl.dataSource_connect(FilterChainImpl.java:5074)
	at com.alibaba.druid.filter.stat.StatFilter.dataSource_getConnection(StatFilter.java:724)
	at com.alibaba.druid.filter.FilterChainImpl.dataSource_connect(FilterChainImpl.java:5070)
	at com.alibaba.druid.pool.DruidDataSource.getConnection(DruidDataSource.java:1347)
	at com.alibaba.druid.pool.DruidDataSource.getConnection(DruidDataSource.java:1333)
	at com.alibaba.druid.pool.DruidDataSource.getConnection(DruidDataSource.java:81)
	at org.springframework.jdbc.datasource.lookup.AbstractRoutingDataSource.getConnection(AbstractRoutingDataSource.java:194)
	at org.springframework.scheduling.quartz.LocalDataSourceJobStore$2.getConnection(LocalDataSourceJobStore.java:140)
	at org.quartz.utils.DBConnectionManager.getConnection(DBConnectionManager.java:108)
	at org.quartz.impl.jdbcjobstore.JobStoreCMT.getNonManagedTXConnection(JobStoreCMT.java:165)
	... 3 common frames omitted
00:16:45.726 [QuartzScheduler_RuoyiScheduler-楼台1778602241347_MisfireHandler] ERROR o.s.s.q.LocalDataSourceJobStore - [manage,4017] - MisfireHandler: Error handling misfires: Failed to obtain DB connection from data source 'springNonTxDataSource.RuoyiScheduler': com.alibaba.druid.pool.DataSourceClosedException: dataSource already closed at Wed May 13 00:16:44 CST 2026
org.quartz.JobPersistenceException: Failed to obtain DB connection from data source 'springNonTxDataSource.RuoyiScheduler': com.alibaba.druid.pool.DataSourceClosedException: dataSource already closed at Wed May 13 00:16:44 CST 2026
	at org.quartz.impl.jdbcjobstore.JobStoreCMT.getNonManagedTXConnection(JobStoreCMT.java:168)
	at org.quartz.impl.jdbcjobstore.JobStoreSupport.doRecoverMisfires(JobStoreSupport.java:3246)
	at org.quartz.impl.jdbcjobstore.JobStoreSupport$MisfireHandler.manage(JobStoreSupport.java:4012)
	at org.quartz.impl.jdbcjobstore.JobStoreSupport$MisfireHandler.run(JobStoreSupport.java:4033)
Caused by: com.alibaba.druid.pool.DataSourceClosedException: dataSource already closed at Wed May 13 00:16:44 CST 2026
	at com.alibaba.druid.pool.DruidDataSource.getConnectionInternal(DruidDataSource.java:1546)
	at com.alibaba.druid.pool.DruidDataSource.getConnectionDirect(DruidDataSource.java:1372)
	at com.alibaba.druid.filter.FilterChainImpl.dataSource_connect(FilterChainImpl.java:5074)
	at com.alibaba.druid.filter.stat.StatFilter.dataSource_getConnection(StatFilter.java:724)
	at com.alibaba.druid.filter.FilterChainImpl.dataSource_connect(FilterChainImpl.java:5070)
	at com.alibaba.druid.pool.DruidDataSource.getConnection(DruidDataSource.java:1347)
	at com.alibaba.druid.pool.DruidDataSource.getConnection(DruidDataSource.java:1333)
	at com.alibaba.druid.pool.DruidDataSource.getConnection(DruidDataSource.java:81)
	at org.springframework.jdbc.datasource.lookup.AbstractRoutingDataSource.getConnection(AbstractRoutingDataSource.java:194)
	at org.springframework.scheduling.quartz.LocalDataSourceJobStore$2.getConnection(LocalDataSourceJobStore.java:140)
	at org.quartz.utils.DBConnectionManager.getConnection(DBConnectionManager.java:108)
	at org.quartz.impl.jdbcjobstore.JobStoreCMT.getNonManagedTXConnection(JobStoreCMT.java:165)
	... 3 common frames omitted
00:16:49.207 [QuartzScheduler_RuoyiScheduler-楼台1778602216748_MisfireHandler] ERROR o.s.s.q.LocalDataSourceJobStore - [manage,4017] - MisfireHandler: Error handling misfires: Failed to obtain DB connection from data source 'springNonTxDataSource.RuoyiScheduler': com.alibaba.druid.pool.DataSourceClosedException: dataSource already closed at Wed May 13 00:16:44 CST 2026
org.quartz.JobPersistenceException: Failed to obtain DB connection from data source 'springNonTxDataSource.RuoyiScheduler': com.alibaba.druid.pool.DataSourceClosedException: dataSource already closed at Wed May 13 00:16:44 CST 2026
	at org.quartz.impl.jdbcjobstore.JobStoreCMT.getNonManagedTXConnection(JobStoreCMT.java:168)
	at org.quartz.impl.jdbcjobstore.JobStoreSupport.doRecoverMisfires(JobStoreSupport.java:3246)
	at org.quartz.impl.jdbcjobstore.JobStoreSupport$MisfireHandler.manage(JobStoreSupport.java:4012)
	at org.quartz.impl.jdbcjobstore.JobStoreSupport$MisfireHandler.run(JobStoreSupport.java:4033)
Caused by: com.alibaba.druid.pool.DataSourceClosedException: dataSource already closed at Wed May 13 00:16:44 CST 2026
	at com.alibaba.druid.pool.DruidDataSource.getConnectionInternal(DruidDataSource.java:1546)
	at com.alibaba.druid.pool.DruidDataSource.getConnectionDirect(DruidDataSource.java:1372)
	at com.alibaba.druid.filter.FilterChainImpl.dataSource_connect(FilterChainImpl.java:5074)
	at com.alibaba.druid.filter.stat.StatFilter.dataSource_getConnection(StatFilter.java:724)
	at com.alibaba.druid.filter.FilterChainImpl.dataSource_connect(FilterChainImpl.java:5070)
	at com.alibaba.druid.pool.DruidDataSource.getConnection(DruidDataSource.java:1347)
	at com.alibaba.druid.pool.DruidDataSource.getConnection(DruidDataSource.java:1333)
	at com.alibaba.druid.pool.DruidDataSource.getConnection(DruidDataSource.java:81)
	at org.springframework.jdbc.datasource.lookup.AbstractRoutingDataSource.getConnection(AbstractRoutingDataSource.java:194)
	at org.springframework.scheduling.quartz.LocalDataSourceJobStore$2.getConnection(LocalDataSourceJobStore.java:140)
	at org.quartz.utils.DBConnectionManager.getConnection(DBConnectionManager.java:108)
	at org.quartz.impl.jdbcjobstore.JobStoreCMT.getNonManagedTXConnection(JobStoreCMT.java:165)
	... 3 common frames omitted
00:16:49.317 [restartedMain] ERROR o.s.b.SpringApplication - [reportFailure,870] - Application run failed
org.springframework.beans.factory.BeanCreationException: Error creating bean with name 'achievementBizAuditHandler' defined in file [D:\各种作业\ruo\RuoYi-Vue-v3.9.1\ruoyi-admin\target\classes\com\ruoyi\achievement\audit\AchievementBizAuditHandler.class]: Post-processing of merged bean definition failed; nested exception is java.lang.IllegalStateException: Failed to introspect Class [com.ruoyi.achievement.audit.AchievementBizAuditHandler] from ClassLoader [org.springframework.boot.devtools.restart.classloader.RestartClassLoader@312b48d9]
	at org.springframework.beans.factory.support.AbstractAutowireCapableBeanFactory.doCreateBean(AbstractAutowireCapableBeanFactory.java:597)
	at org.springframework.beans.factory.support.AbstractAutowireCapableBeanFactory.createBean(AbstractAutowireCapableBeanFactory.java:542)
	at org.springframework.beans.factory.support.AbstractBeanFactory.lambda$doGetBean$0(AbstractBeanFactory.java:336)
	at org.springframework.beans.factory.support.DefaultSingletonBeanRegistry.getSingleton(DefaultSingletonBeanRegistry.java:234)
	at org.springframework.beans.factory.support.AbstractBeanFactory.doGetBean(AbstractBeanFactory.java:334)
	at org.springframework.beans.factory.support.AbstractBeanFactory.getBean(AbstractBeanFactory.java:209)
	at org.springframework.beans.factory.support.DefaultListableBeanFactory.preInstantiateSingletons(DefaultListableBeanFactory.java:955)
	at org.springframework.context.support.AbstractApplicationContext.finishBeanFactoryInitialization(AbstractApplicationContext.java:932)
	at org.springframework.context.support.AbstractApplicationContext.refresh(AbstractApplicationContext.java:591)
	at org.springframework.boot.web.servlet.context.ServletWebServerApplicationContext.refresh(ServletWebServerApplicationContext.java:145)
	at org.springframework.boot.SpringApplication.refresh(SpringApplication.java:780)
	at org.springframework.boot.SpringApplication.refreshContext(SpringApplication.java:453)
	at org.springframework.boot.SpringApplication.run(SpringApplication.java:343)
	at org.springframework.boot.SpringApplication.run(SpringApplication.java:1370)
	at org.springframework.boot.SpringApplication.run(SpringApplication.java:1359)
	at com.ruoyi.RuoYiApplication.main(RuoYiApplication.java:19)
	at java.base/jdk.internal.reflect.DirectMethodHandleAccessor.invoke(DirectMethodHandleAccessor.java:103)
	at java.base/java.lang.reflect.Method.invoke(Method.java:580)
	at org.springframework.boot.devtools.restart.RestartLauncher.run(RestartLauncher.java:49)
Caused by: java.lang.IllegalStateException: Failed to introspect Class [com.ruoyi.achievement.audit.AchievementBizAuditHandler] from ClassLoader [org.springframework.boot.devtools.restart.classloader.RestartClassLoader@312b48d9]
	at org.springframework.util.ReflectionUtils.getDeclaredFields(ReflectionUtils.java:735)
	at org.springframework.util.ReflectionUtils.doWithLocalFields(ReflectionUtils.java:667)
	at org.springframework.context.annotation.CommonAnnotationBeanPostProcessor.buildResourceMetadata(CommonAnnotationBeanPostProcessor.java:377)
	at org.springframework.context.annotation.CommonAnnotationBeanPostProcessor.findResourceMetadata(CommonAnnotationBeanPostProcessor.java:358)
	at org.springframework.context.annotation.CommonAnnotationBeanPostProcessor.postProcessMergedBeanDefinition(CommonAnnotationBeanPostProcessor.java:306)
	at org.springframework.beans.factory.support.AbstractAutowireCapableBeanFactory.applyMergedBeanDefinitionPostProcessors(AbstractAutowireCapableBeanFactory.java:1116)
	at org.springframework.beans.factory.support.AbstractAutowireCapableBeanFactory.doCreateBean(AbstractAutowireCapableBeanFactory.java:594)
	... 18 common frames omitted
Caused by: java.lang.NoClassDefFoundError: com/ruoyi/achievement/mapper/SamAchievementMapper
	at java.base/java.lang.Class.getDeclaredFields0(Native Method)
	at java.base/java.lang.Class.privateGetDeclaredFields(Class.java:3473)
	at java.base/java.lang.Class.getDeclaredFields(Class.java:2542)
	at org.springframework.util.ReflectionUtils.getDeclaredFields(ReflectionUtils.java:730)
	... 24 common frames omitted
Caused by: java.lang.ClassNotFoundException: com.ruoyi.achievement.mapper.SamAchievementMapper
	at java.base/jdk.internal.loader.BuiltinClassLoader.loadClass(BuiltinClassLoader.java:641)
	at java.base/jdk.internal.loader.ClassLoaders$AppClassLoader.loadClass(ClassLoaders.java:188)
	at java.base/java.lang.ClassLoader.loadClass(ClassLoader.java:526)
	at java.base/java.lang.Class.forName0(Native Method)
	at java.base/java.lang.Class.forName(Class.java:534)
	at java.base/java.lang.Class.forName(Class.java:513)
	at org.springframework.boot.devtools.restart.classloader.RestartClassLoader.loadClass(RestartClassLoader.java:145)
	at java.base/java.lang.ClassLoader.loadClass(ClassLoader.java:526)
	... 28 common frames omitted
00:16:51.332 [QuartzScheduler_RuoyiScheduler-楼台1778602192007_MisfireHandler] ERROR o.s.s.q.LocalDataSourceJobStore - [manage,4017] - MisfireHandler: Error handling misfires: Failed to obtain DB connection from data source 'springNonTxDataSource.RuoyiScheduler': com.alibaba.druid.pool.DataSourceClosedException: dataSource already closed at Wed May 13 00:16:44 CST 2026
org.quartz.JobPersistenceException: Failed to obtain DB connection from data source 'springNonTxDataSource.RuoyiScheduler': com.alibaba.druid.pool.DataSourceClosedException: dataSource already closed at Wed May 13 00:16:44 CST 2026
	at org.quartz.impl.jdbcjobstore.JobStoreCMT.getNonManagedTXConnection(JobStoreCMT.java:168)
	at org.quartz.impl.jdbcjobstore.JobStoreSupport.doRecoverMisfires(JobStoreSupport.java:3246)
	at org.quartz.impl.jdbcjobstore.JobStoreSupport$MisfireHandler.manage(JobStoreSupport.java:4012)
	at org.quartz.impl.jdbcjobstore.JobStoreSupport$MisfireHandler.run(JobStoreSupport.java:4033)
Caused by: com.alibaba.druid.pool.DataSourceClosedException: dataSource already closed at Wed May 13 00:16:44 CST 2026
	at com.alibaba.druid.pool.DruidDataSource.getConnectionInternal(DruidDataSource.java:1546)
	at com.alibaba.druid.pool.DruidDataSource.getConnectionDirect(DruidDataSource.java:1372)
	at com.alibaba.druid.filter.FilterChainImpl.dataSource_connect(FilterChainImpl.java:5074)
	at com.alibaba.druid.filter.stat.StatFilter.dataSource_getConnection(StatFilter.java:724)
	at com.alibaba.druid.filter.FilterChainImpl.dataSource_connect(FilterChainImpl.java:5070)
	at com.alibaba.druid.pool.DruidDataSource.getConnection(DruidDataSource.java:1347)
	at com.alibaba.druid.pool.DruidDataSource.getConnection(DruidDataSource.java:1333)
	at com.alibaba.druid.pool.DruidDataSource.getConnection(DruidDataSource.java:81)
	at org.springframework.jdbc.datasource.lookup.AbstractRoutingDataSource.getConnection(AbstractRoutingDataSource.java:194)
	at org.springframework.scheduling.quartz.LocalDataSourceJobStore$2.getConnection(LocalDataSourceJobStore.java:140)
	at org.quartz.utils.DBConnectionManager.getConnection(DBConnectionManager.java:108)
	at org.quartz.impl.jdbcjobstore.JobStoreCMT.getNonManagedTXConnection(JobStoreCMT.java:165)
	... 3 common frames omitted
