14:45:55.321 [Druid-ConnectionPool-Create-1035891040] INFO  c.a.d.p.DruidAbstractDataSource - [setFailContinuous,1913] - {dataSource-1} failContinuous is false
14:46:14.952 [Druid-ConnectionPool-Create-1035891040] INFO  c.a.d.p.DruidAbstractDataSource - [setFailContinuous,1908] - {dataSource-1} failContinuous is true
14:50:37.835 [Druid-ConnectionPool-Create-1035891040] INFO  c.a.d.p.DruidAbstractDataSource - [setFailContinuous,1913] - {dataSource-1} failContinuous is false
14:51:09.622 [Druid-ConnectionPool-Create-1035891040] INFO  c.a.d.p.DruidAbstractDataSource - [setFailContinuous,1908] - {dataSource-1} failContinuous is true
14:52:48.140 [Druid-ConnectionPool-Create-1035891040] INFO  c.a.d.p.DruidAbstractDataSource - [setFailContinuous,1913] - {dataSource-1} failContinuous is false
14:53:15.904 [Druid-ConnectionPool-Create-1035891040] INFO  c.a.d.p.DruidAbstractDataSource - [setFailContinuous,1908] - {dataSource-1} failContinuous is true
14:54:43.512 [Druid-ConnectionPool-Create-1035891040] INFO  c.a.d.p.DruidAbstractDataSource - [setFailContinuous,1913] - {dataSource-1} failContinuous is false
14:55:18.386 [SpringApplicationShutdownHook] INFO  o.q.c.QuartzScheduler - [standby,585] - Scheduler RuoyiScheduler_$_楼台1775662442836 paused.
14:55:18.729 [SpringApplicationShutdownHook] INFO  o.q.c.QuartzScheduler - [shutdown,666] - Scheduler RuoyiScheduler_$_楼台1775662442836 shutting down.
14:55:18.732 [SpringApplicationShutdownHook] INFO  o.q.c.QuartzScheduler - [standby,585] - Scheduler RuoyiScheduler_$_楼台1775662442836 paused.
14:55:18.733 [SpringApplicationShutdownHook] INFO  o.q.c.QuartzScheduler - [shutdown,740] - Scheduler RuoyiScheduler_$_楼台1775662442836 shutdown complete.
14:55:18.742 [SpringApplicationShutdownHook] INFO  sys-user - [shutdownAsyncManager,31] - ====关闭后台任务任务线程池====
14:55:18.754 [SpringApplicationShutdownHook] INFO  c.a.d.p.DruidDataSource - [close,2083] - {dataSource-1} closing ...
14:55:18.794 [SpringApplicationShutdownHook] INFO  c.a.d.p.DruidDataSource - [close,2156] - {dataSource-1} closed
14:55:23.119 [background-preinit] INFO  o.h.v.i.util.Version - [<clinit>,21] - HV000001: Hibernate Validator 6.2.5.Final
14:55:23.125 [restartedMain] INFO  c.r.RuoYiApplication - [logStarting,55] - Starting RuoYiApplication using Java 21.0.2 on 楼台 with PID 18932 (D:\各种作业\ruo\RuoYi-Vue-v3.9.1\ruoyi-admin\target\classes started by 罗 in D:\各种作业\ruo)
14:55:23.125 [restartedMain] INFO  c.r.RuoYiApplication - [logStartupProfileInfo,686] - The following 1 profile is active: "druid"
14:55:25.253 [restartedMain] INFO  o.a.c.h.Http11NioProtocol - [log,168] - Initializing ProtocolHandler ["http-nio-8080"]
14:55:25.254 [restartedMain] INFO  o.a.c.c.StandardService - [log,168] - Starting service [Tomcat]
14:55:25.254 [restartedMain] INFO  o.a.c.c.StandardEngine - [log,168] - Starting Servlet engine: [Apache Tomcat/9.0.112]
14:55:25.347 [restartedMain] INFO  o.a.c.c.C.[.[.[/] - [log,168] - Initializing Spring embedded WebApplicationContext
14:55:25.799 [restartedMain] INFO  o.j.c.c.c.WebXmlConfigurationStrategyImpl - [get,43] - Property [serverName] loaded from FilterConfig.getInitParameter with value [http://localhost:8080]
14:55:25.801 [restartedMain] INFO  o.j.c.c.c.WebXmlConfigurationStrategyImpl - [get,43] - Property [redirectAfterValidation] loaded from FilterConfig.getInitParameter with value [false]
14:55:25.801 [restartedMain] INFO  o.j.c.c.c.WebXmlConfigurationStrategyImpl - [get,43] - Property [casServerUrlPrefix] loaded from FilterConfig.getInitParameter with value [https://csxrz.cqnu.edu.cn/cas]
14:55:25.802 [restartedMain] INFO  o.j.c.c.c.WebXmlConfigurationStrategyImpl - [get,43] - Property [serverName] loaded from FilterConfig.getInitParameter with value [http://localhost:8080]
14:55:25.802 [restartedMain] INFO  o.j.c.c.c.WebXmlConfigurationStrategyImpl - [get,43] - Property [casServerLoginUrl] loaded from FilterConfig.getInitParameter with value [https://csxrz.cqnu.edu.cn/cas/login]
14:55:25.802 [restartedMain] INFO  o.j.c.c.c.WebXmlConfigurationStrategyImpl - [get,43] - Property [ignorePattern] loaded from FilterConfig.getInitParameter with value [/hello]
14:55:30.315 [restartedMain] INFO  c.a.d.p.DruidDataSource - [init,865] - {dataSource-1} inited
14:55:32.256 [restartedMain] INFO  o.q.i.StdSchedulerFactory - [instantiate,1220] - Using default implementation for ThreadExecutor
14:55:32.265 [restartedMain] INFO  o.q.c.SchedulerSignalerImpl - [<init>,61] - Initialized Scheduler Signaller of type: class org.quartz.core.SchedulerSignalerImpl
14:55:32.266 [restartedMain] INFO  o.q.c.QuartzScheduler - [<init>,229] - Quartz Scheduler v.2.3.2 created.
14:55:32.270 [restartedMain] INFO  o.q.c.QuartzScheduler - [initialize,294] - Scheduler meta-data: Quartz Scheduler (v2.3.2) 'RuoyiScheduler' with instanceId '楼台1775717732258'
  Scheduler class: 'org.quartz.core.QuartzScheduler' - running locally.
  NOT STARTED.
  Currently in standby mode.
  Number of jobs executed: 0
  Using thread pool 'org.quartz.simpl.SimpleThreadPool' - with 20 threads.
  Using job-store 'org.springframework.scheduling.quartz.LocalDataSourceJobStore' - which supports persistence. and is clustered.

14:55:32.270 [restartedMain] INFO  o.q.i.StdSchedulerFactory - [instantiate,1374] - Quartz scheduler 'RuoyiScheduler' initialized from an externally provided properties instance.
14:55:32.271 [restartedMain] INFO  o.q.i.StdSchedulerFactory - [instantiate,1378] - Quartz scheduler version: 2.3.2
14:55:32.271 [restartedMain] INFO  o.q.c.QuartzScheduler - [setJobFactory,2293] - JobFactory set to: org.springframework.scheduling.quartz.AdaptableJobFactory@72b79dd4
14:55:41.201 [restartedMain] INFO  o.a.c.h.Http11NioProtocol - [log,168] - Starting ProtocolHandler ["http-nio-8080"]
14:55:41.377 [restartedMain] INFO  c.r.RuoYiApplication - [logStarted,61] - Started RuoYiApplication in 17.278 seconds (JVM running for 18.252)
14:55:42.934 [Quartz Scheduler [RuoyiScheduler]] INFO  o.q.c.QuartzScheduler - [start,547] - Scheduler RuoyiScheduler_$_楼台1775717732258 started.
14:56:15.295 [http-nio-8080-exec-1] INFO  o.a.c.c.C.[.[.[/] - [log,168] - Initializing Spring DispatcherServlet 'dispatcherServlet'
14:56:39.612 [http-nio-8080-exec-4] INFO  c.r.d.DemoController - [cas,71] - 登录票据ticket:[ST-2310925-0VLKS7vcV6d7f4PJ7D9z-http://202.202.208.224:8080/cas]
14:56:39.614 [http-nio-8080-exec-4] INFO  c.r.d.DemoController - [cas,83] - 登录名:[2024051603029]
14:56:39.614 [http-nio-8080-exec-4] INFO  c.r.d.DemoController - [cas,84] - --------attributes keys--------
14:56:39.614 [http-nio-8080-exec-4] INFO  c.r.d.DemoController - [cas,86] - tgt==[VEdULTE2NTQ2MDQtS2xDTWV0V0pncnZVd0FaWDdZSFdtZG9ONUEzM0JVNjdkMDRjRWRuM3JBcUQ2dXVaNWwtaHR0cDovLzIwMi4yMDIuMjA4LjIyNDo4MDgwL2Nhcw==]
14:56:39.614 [http-nio-8080-exec-4] INFO  c.r.d.DemoController - [cas,86] - ACPUID==[MjAyNDA1MTYwMzAyOQ==]
14:56:39.614 [http-nio-8080-exec-4] INFO  c.r.d.DemoController - [cas,86] - ACPISDONEACTIONBYSELF==[Y29tcGxldGVNb2JpbGVCeVNlbGY=]
14:56:39.614 [http-nio-8080-exec-4] INFO  c.r.d.DemoController - [cas,86] - ACPUSERGROUPDN==[Ymtz]
14:56:39.614 [http-nio-8080-exec-4] INFO  c.r.d.DemoController - [cas,86] - ACPNAME==[572X5amJ56u5]
14:56:39.614 [http-nio-8080-exec-4] INFO  c.r.d.DemoController - [cas,86] - ACPSCHOOLEMAIL==[MjAyNDA1MTYwMzAyOUBzdHUuY3FudS5lZHUuY24=]
14:56:39.614 [http-nio-8080-exec-4] INFO  c.r.d.DemoController - [cas,86] - ACPMOBILE==[MTgzODE4MTYzNjU=]
14:56:39.615 [http-nio-8080-exec-4] INFO  c.r.d.DemoController - [cas,86] - e_rdn==[QUNQVUlEPTIwMjQwNTE2MDMwMjksQ09OVEFJTkVSSUQ9cGVyc29uLGNuPXVzZXI=]
14:56:40.008 [http-nio-8080-exec-4] INFO  n.b.p.u.u.YauaaVersion - [logVersion,104] - Yauaa 7.32.0 (v7.32.0 @ 2025-10-11T16:29:46Z)
14:56:40.096 [http-nio-8080-exec-4] INFO  n.b.p.u.c.ConfigLoader - [loadResources,310] - - Loaded 119 files in   84 ms using expression: classpath*:UserAgents/**/*.yaml
14:56:41.029 [http-nio-8080-exec-4] INFO  n.b.p.u.a.UserAgentStringMatchMaker - [finalizeLoadingRules,282] - Building all needed matchers for the requested 11 fields.
14:56:41.070 [http-nio-8080-exec-4] INFO  n.b.p.u.a.UserAgentStringMatchMaker - [initializeMatchers,336] - Initializing Analyzer data structures
14:56:41.826 [http-nio-8080-exec-4] INFO  n.b.p.u.a.UserAgentStringMatchMaker - [initializeMatchers,347] - Built in 755 msec : Hashmap 197922, Ranges map:2964
14:56:41.917 [http-nio-8080-exec-4] INFO  c.r.d.DemoController - [cas,128] - requestURL=http://localhost:8080/cas
14:56:41.917 [http-nio-8080-exec-4] INFO  c.r.d.DemoController - [cas,129] - serverName=localhost, serverPort=8080
14:57:11.527 [schedule-pool-1] INFO  sys-user - [run,59] - [127.0.0.1]内网IP[2024051603029][Logout][退出成功]
15:07:58.243 [schedule-pool-2] INFO  sys-user - [run,59] - [127.0.0.1]内网IP[admin][Success][登录成功]
15:08:16.261 [schedule-pool-1] INFO  sys-user - [run,59] - [127.0.0.1]内网IP[admin][Logout][退出成功]
15:09:10.449 [SpringApplicationShutdownHook] INFO  o.q.c.QuartzScheduler - [standby,585] - Scheduler RuoyiScheduler_$_楼台1775717732258 paused.
15:09:10.484 [SpringApplicationShutdownHook] INFO  o.q.c.QuartzScheduler - [shutdown,666] - Scheduler RuoyiScheduler_$_楼台1775717732258 shutting down.
15:09:10.486 [SpringApplicationShutdownHook] INFO  o.q.c.QuartzScheduler - [standby,585] - Scheduler RuoyiScheduler_$_楼台1775717732258 paused.
15:09:10.486 [SpringApplicationShutdownHook] INFO  o.q.c.QuartzScheduler - [shutdown,740] - Scheduler RuoyiScheduler_$_楼台1775717732258 shutdown complete.
15:09:10.487 [SpringApplicationShutdownHook] INFO  sys-user - [shutdownAsyncManager,31] - ====关闭后台任务任务线程池====
15:09:10.490 [SpringApplicationShutdownHook] INFO  c.a.d.p.DruidDataSource - [close,2083] - {dataSource-1} closing ...
15:09:10.496 [SpringApplicationShutdownHook] INFO  c.a.d.p.DruidDataSource - [close,2156] - {dataSource-1} closed
15:09:18.186 [background-preinit] INFO  o.h.v.i.util.Version - [<clinit>,21] - HV000001: Hibernate Validator 6.2.5.Final
15:09:18.193 [restartedMain] INFO  c.r.RuoYiApplication - [logStarting,55] - Starting RuoYiApplication using Java 21.0.2 on 楼台 with PID 1860 (D:\各种作业\ruo\RuoYi-Vue-v3.9.1\ruoyi-admin\target\classes started by 罗 in D:\各种作业\ruo)
15:09:18.193 [restartedMain] INFO  c.r.RuoYiApplication - [logStartupProfileInfo,686] - The following 1 profile is active: "druid"
15:09:20.307 [restartedMain] INFO  o.a.c.h.Http11NioProtocol - [log,168] - Initializing ProtocolHandler ["http-nio-8080"]
15:09:20.307 [restartedMain] INFO  o.a.c.c.StandardService - [log,168] - Starting service [Tomcat]
15:09:20.307 [restartedMain] INFO  o.a.c.c.StandardEngine - [log,168] - Starting Servlet engine: [Apache Tomcat/9.0.112]
15:09:20.389 [restartedMain] INFO  o.a.c.c.C.[.[.[/] - [log,168] - Initializing Spring embedded WebApplicationContext
15:09:20.869 [restartedMain] INFO  o.j.c.c.c.WebXmlConfigurationStrategyImpl - [get,43] - Property [serverName] loaded from FilterConfig.getInitParameter with value [http://localhost:8080]
15:09:20.871 [restartedMain] INFO  o.j.c.c.c.WebXmlConfigurationStrategyImpl - [get,43] - Property [redirectAfterValidation] loaded from FilterConfig.getInitParameter with value [false]
15:09:20.871 [restartedMain] INFO  o.j.c.c.c.WebXmlConfigurationStrategyImpl - [get,43] - Property [casServerUrlPrefix] loaded from FilterConfig.getInitParameter with value [https://csxrz.cqnu.edu.cn/cas]
15:09:20.873 [restartedMain] INFO  o.j.c.c.c.WebXmlConfigurationStrategyImpl - [get,43] - Property [serverName] loaded from FilterConfig.getInitParameter with value [http://localhost:8080]
15:09:20.873 [restartedMain] INFO  o.j.c.c.c.WebXmlConfigurationStrategyImpl - [get,43] - Property [casServerLoginUrl] loaded from FilterConfig.getInitParameter with value [https://csxrz.cqnu.edu.cn/cas/login]
15:09:20.873 [restartedMain] INFO  o.j.c.c.c.WebXmlConfigurationStrategyImpl - [get,43] - Property [ignorePattern] loaded from FilterConfig.getInitParameter with value [/hello]
15:09:24.542 [restartedMain] INFO  c.a.d.p.DruidDataSource - [init,865] - {dataSource-1} inited
15:09:26.600 [restartedMain] INFO  o.q.i.StdSchedulerFactory - [instantiate,1220] - Using default implementation for ThreadExecutor
15:09:26.612 [restartedMain] INFO  o.q.c.SchedulerSignalerImpl - [<init>,61] - Initialized Scheduler Signaller of type: class org.quartz.core.SchedulerSignalerImpl
15:09:26.612 [restartedMain] INFO  o.q.c.QuartzScheduler - [<init>,229] - Quartz Scheduler v.2.3.2 created.
15:09:26.617 [restartedMain] INFO  o.q.c.QuartzScheduler - [initialize,294] - Scheduler meta-data: Quartz Scheduler (v2.3.2) 'RuoyiScheduler' with instanceId '楼台1775718566603'
  Scheduler class: 'org.quartz.core.QuartzScheduler' - running locally.
  NOT STARTED.
  Currently in standby mode.
  Number of jobs executed: 0
  Using thread pool 'org.quartz.simpl.SimpleThreadPool' - with 20 threads.
  Using job-store 'org.springframework.scheduling.quartz.LocalDataSourceJobStore' - which supports persistence. and is clustered.

15:09:26.617 [restartedMain] INFO  o.q.i.StdSchedulerFactory - [instantiate,1374] - Quartz scheduler 'RuoyiScheduler' initialized from an externally provided properties instance.
15:09:26.617 [restartedMain] INFO  o.q.i.StdSchedulerFactory - [instantiate,1378] - Quartz scheduler version: 2.3.2
15:09:26.618 [restartedMain] INFO  o.q.c.QuartzScheduler - [setJobFactory,2293] - JobFactory set to: org.springframework.scheduling.quartz.AdaptableJobFactory@13e27f
15:09:35.741 [restartedMain] INFO  o.a.c.h.Http11NioProtocol - [log,168] - Starting ProtocolHandler ["http-nio-8080"]
15:09:35.925 [restartedMain] INFO  c.r.RuoYiApplication - [logStarted,61] - Started RuoYiApplication in 18.032 seconds (JVM running for 24.035)
15:09:38.025 [Quartz Scheduler [RuoyiScheduler]] INFO  o.q.c.QuartzScheduler - [start,547] - Scheduler RuoyiScheduler_$_楼台1775718566603 started.
15:09:45.829 [http-nio-8080-exec-1] INFO  o.a.c.c.C.[.[.[/] - [log,168] - Initializing Spring DispatcherServlet 'dispatcherServlet'
15:39:57.365 [SpringApplicationShutdownHook] INFO  o.q.c.QuartzScheduler - [standby,585] - Scheduler RuoyiScheduler_$_楼台1775718566603 paused.
15:39:57.410 [SpringApplicationShutdownHook] INFO  o.q.c.QuartzScheduler - [shutdown,666] - Scheduler RuoyiScheduler_$_楼台1775718566603 shutting down.
15:39:57.411 [SpringApplicationShutdownHook] INFO  o.q.c.QuartzScheduler - [standby,585] - Scheduler RuoyiScheduler_$_楼台1775718566603 paused.
15:39:57.466 [SpringApplicationShutdownHook] INFO  o.q.c.QuartzScheduler - [shutdown,740] - Scheduler RuoyiScheduler_$_楼台1775718566603 shutdown complete.
15:39:57.466 [SpringApplicationShutdownHook] INFO  sys-user - [shutdownAsyncManager,31] - ====关闭后台任务任务线程池====
15:39:57.472 [SpringApplicationShutdownHook] INFO  c.a.d.p.DruidDataSource - [close,2083] - {dataSource-1} closing ...
15:39:57.475 [SpringApplicationShutdownHook] INFO  c.a.d.p.DruidDataSource - [close,2156] - {dataSource-1} closed
15:40:02.821 [background-preinit] INFO  o.h.v.i.util.Version - [<clinit>,21] - HV000001: Hibernate Validator 6.2.5.Final
15:40:02.826 [restartedMain] INFO  c.r.RuoYiApplication - [logStarting,55] - Starting RuoYiApplication using Java 21.0.2 on 楼台 with PID 22768 (D:\各种作业\ruo\RuoYi-Vue-v3.9.1\ruoyi-admin\target\classes started by 罗 in D:\各种作业\ruo)
15:40:02.826 [restartedMain] INFO  c.r.RuoYiApplication - [logStartupProfileInfo,686] - The following 1 profile is active: "druid"
15:40:06.398 [restartedMain] INFO  o.a.c.h.Http11NioProtocol - [log,168] - Initializing ProtocolHandler ["http-nio-8080"]
15:40:06.399 [restartedMain] INFO  o.a.c.c.StandardService - [log,168] - Starting service [Tomcat]
15:40:06.400 [restartedMain] INFO  o.a.c.c.StandardEngine - [log,168] - Starting Servlet engine: [Apache Tomcat/9.0.112]
15:40:06.539 [restartedMain] INFO  o.a.c.c.C.[.[.[/] - [log,168] - Initializing Spring embedded WebApplicationContext
15:40:07.468 [restartedMain] INFO  o.j.c.c.c.WebXmlConfigurationStrategyImpl - [get,43] - Property [serverName] loaded from FilterConfig.getInitParameter with value [http://localhost:8080]
15:40:07.471 [restartedMain] INFO  o.j.c.c.c.WebXmlConfigurationStrategyImpl - [get,43] - Property [redirectAfterValidation] loaded from FilterConfig.getInitParameter with value [false]
15:40:07.472 [restartedMain] INFO  o.j.c.c.c.WebXmlConfigurationStrategyImpl - [get,43] - Property [casServerUrlPrefix] loaded from FilterConfig.getInitParameter with value [https://csxrz.cqnu.edu.cn/cas]
15:40:11.000 [restartedMain] INFO  c.a.d.p.DruidDataSource - [init,865] - {dataSource-1} inited
15:40:13.647 [restartedMain] INFO  o.q.i.StdSchedulerFactory - [instantiate,1220] - Using default implementation for ThreadExecutor
15:40:13.661 [restartedMain] INFO  o.q.c.SchedulerSignalerImpl - [<init>,61] - Initialized Scheduler Signaller of type: class org.quartz.core.SchedulerSignalerImpl
15:40:13.661 [restartedMain] INFO  o.q.c.QuartzScheduler - [<init>,229] - Quartz Scheduler v.2.3.2 created.
15:40:13.667 [restartedMain] INFO  o.q.c.QuartzScheduler - [initialize,294] - Scheduler meta-data: Quartz Scheduler (v2.3.2) 'RuoyiScheduler' with instanceId '楼台1775720413650'
  Scheduler class: 'org.quartz.core.QuartzScheduler' - running locally.
  NOT STARTED.
  Currently in standby mode.
  Number of jobs executed: 0
  Using thread pool 'org.quartz.simpl.SimpleThreadPool' - with 20 threads.
  Using job-store 'org.springframework.scheduling.quartz.LocalDataSourceJobStore' - which supports persistence. and is clustered.

15:40:13.667 [restartedMain] INFO  o.q.i.StdSchedulerFactory - [instantiate,1374] - Quartz scheduler 'RuoyiScheduler' initialized from an externally provided properties instance.
15:40:13.667 [restartedMain] INFO  o.q.i.StdSchedulerFactory - [instantiate,1378] - Quartz scheduler version: 2.3.2
15:40:13.670 [restartedMain] INFO  o.q.c.QuartzScheduler - [setJobFactory,2293] - JobFactory set to: org.springframework.scheduling.quartz.AdaptableJobFactory@11d00f4f
15:40:22.969 [restartedMain] INFO  o.a.c.h.Http11NioProtocol - [log,168] - Starting ProtocolHandler ["http-nio-8080"]
15:40:23.239 [restartedMain] INFO  c.r.RuoYiApplication - [logStarted,61] - Started RuoYiApplication in 20.897 seconds (JVM running for 22.103)
15:40:24.811 [Quartz Scheduler [RuoyiScheduler]] INFO  o.q.c.QuartzScheduler - [start,547] - Scheduler RuoyiScheduler_$_楼台1775720413650 started.
15:40:29.348 [http-nio-8080-exec-1] INFO  o.a.c.c.C.[.[.[/] - [log,168] - Initializing Spring DispatcherServlet 'dispatcherServlet'
15:40:34.588 [schedule-pool-1] INFO  sys-user - [run,59] - [127.0.0.1]内网IP[admin][Success][登录成功]
15:40:34.628 [schedule-pool-1] INFO  n.b.p.u.u.YauaaVersion - [logVersion,104] - Yauaa 7.32.0 (v7.32.0 @ 2025-10-11T16:29:46Z)
15:40:34.749 [schedule-pool-1] INFO  n.b.p.u.c.ConfigLoader - [loadResources,310] - - Loaded 119 files in  116 ms using expression: classpath*:UserAgents/**/*.yaml
15:40:35.674 [schedule-pool-1] INFO  n.b.p.u.a.UserAgentStringMatchMaker - [finalizeLoadingRules,282] - Building all needed matchers for the requested 11 fields.
15:40:35.705 [schedule-pool-1] INFO  n.b.p.u.a.UserAgentStringMatchMaker - [initializeMatchers,336] - Initializing Analyzer data structures
15:40:36.449 [schedule-pool-1] INFO  n.b.p.u.a.UserAgentStringMatchMaker - [initializeMatchers,347] - Built in 743 msec : Hashmap 197922, Ranges map:2964
17:08:23.303 [SpringApplicationShutdownHook] INFO  o.q.c.QuartzScheduler - [standby,585] - Scheduler RuoyiScheduler_$_楼台1775720413650 paused.
17:17:13.524 [restartedMain] INFO  c.r.RuoYiApplication - [logStarting,55] - Starting RuoYiApplication using Java 21.0.2 on 楼台 with PID 16164 (D:\各种作业\ruo\RuoYi-Vue-v3.9.1\ruoyi-admin\target\classes started by 罗 in D:\各种作业\ruo)
17:17:13.524 [background-preinit] INFO  o.h.v.i.util.Version - [<clinit>,21] - HV000001: Hibernate Validator 6.2.5.Final
17:17:13.527 [restartedMain] INFO  c.r.RuoYiApplication - [logStartupProfileInfo,686] - The following 1 profile is active: "druid"
17:17:16.426 [restartedMain] INFO  o.a.c.h.Http11NioProtocol - [log,168] - Initializing ProtocolHandler ["http-nio-8080"]
17:17:16.428 [restartedMain] INFO  o.a.c.c.StandardService - [log,168] - Starting service [Tomcat]
17:17:16.430 [restartedMain] INFO  o.a.c.c.StandardEngine - [log,168] - Starting Servlet engine: [Apache Tomcat/9.0.112]
17:17:16.530 [restartedMain] INFO  o.a.c.c.C.[.[.[/] - [log,168] - Initializing Spring embedded WebApplicationContext
17:17:17.145 [restartedMain] INFO  o.j.c.c.c.WebXmlConfigurationStrategyImpl - [get,43] - Property [serverName] loaded from FilterConfig.getInitParameter with value [http://localhost:8080]
17:17:17.147 [restartedMain] INFO  o.j.c.c.c.WebXmlConfigurationStrategyImpl - [get,43] - Property [redirectAfterValidation] loaded from FilterConfig.getInitParameter with value [false]
17:17:17.148 [restartedMain] INFO  o.j.c.c.c.WebXmlConfigurationStrategyImpl - [get,43] - Property [casServerUrlPrefix] loaded from FilterConfig.getInitParameter with value [https://csxrz.cqnu.edu.cn/cas]
17:17:20.441 [restartedMain] INFO  c.a.d.p.DruidDataSource - [init,865] - {dataSource-1} inited
17:17:22.743 [restartedMain] INFO  o.q.i.StdSchedulerFactory - [instantiate,1220] - Using default implementation for ThreadExecutor
17:17:22.755 [restartedMain] INFO  o.q.c.SchedulerSignalerImpl - [<init>,61] - Initialized Scheduler Signaller of type: class org.quartz.core.SchedulerSignalerImpl
17:17:22.755 [restartedMain] INFO  o.q.c.QuartzScheduler - [<init>,229] - Quartz Scheduler v.2.3.2 created.
17:17:22.760 [restartedMain] INFO  o.q.c.QuartzScheduler - [initialize,294] - Scheduler meta-data: Quartz Scheduler (v2.3.2) 'RuoyiScheduler' with instanceId '楼台1775726242746'
  Scheduler class: 'org.quartz.core.QuartzScheduler' - running locally.
  NOT STARTED.
  Currently in standby mode.
  Number of jobs executed: 0
  Using thread pool 'org.quartz.simpl.SimpleThreadPool' - with 20 threads.
  Using job-store 'org.springframework.scheduling.quartz.LocalDataSourceJobStore' - which supports persistence. and is clustered.

17:17:22.761 [restartedMain] INFO  o.q.i.StdSchedulerFactory - [instantiate,1374] - Quartz scheduler 'RuoyiScheduler' initialized from an externally provided properties instance.
17:17:22.761 [restartedMain] INFO  o.q.i.StdSchedulerFactory - [instantiate,1378] - Quartz scheduler version: 2.3.2
17:17:22.763 [restartedMain] INFO  o.q.c.QuartzScheduler - [setJobFactory,2293] - JobFactory set to: org.springframework.scheduling.quartz.AdaptableJobFactory@26abc235
17:17:31.505 [restartedMain] INFO  o.a.c.h.Http11NioProtocol - [log,168] - Starting ProtocolHandler ["http-nio-8080"]
17:17:31.781 [restartedMain] INFO  c.r.RuoYiApplication - [logStarted,61] - Started RuoYiApplication in 18.947 seconds (JVM running for 22.312)
17:17:33.407 [Quartz Scheduler [RuoyiScheduler]] INFO  o.q.c.QuartzScheduler - [start,547] - Scheduler RuoyiScheduler_$_楼台1775726242746 started.
17:17:55.594 [http-nio-8080-exec-1] INFO  o.a.c.c.C.[.[.[/] - [log,168] - Initializing Spring DispatcherServlet 'dispatcherServlet'
17:26:16.351 [Thread-5] INFO  o.q.c.QuartzScheduler - [standby,585] - Scheduler RuoyiScheduler_$_楼台1775726242746 paused.
17:26:16.475 [Thread-5] INFO  o.q.c.QuartzScheduler - [shutdown,666] - Scheduler RuoyiScheduler_$_楼台1775726242746 shutting down.
17:26:16.475 [Thread-5] INFO  o.q.c.QuartzScheduler - [standby,585] - Scheduler RuoyiScheduler_$_楼台1775726242746 paused.
17:26:16.475 [Thread-5] INFO  o.q.c.QuartzScheduler - [shutdown,740] - Scheduler RuoyiScheduler_$_楼台1775726242746 shutdown complete.
17:26:16.478 [Thread-5] INFO  sys-user - [shutdownAsyncManager,31] - ====关闭后台任务任务线程池====
17:26:16.483 [Thread-5] INFO  c.a.d.p.DruidDataSource - [close,2083] - {dataSource-1} closing ...
17:26:16.509 [Thread-5] INFO  c.a.d.p.DruidDataSource - [close,2156] - {dataSource-1} closed
17:26:16.938 [restartedMain] INFO  c.r.RuoYiApplication - [logStarting,55] - Starting RuoYiApplication using Java 21.0.2 on 楼台 with PID 16164 (D:\各种作业\ruo\RuoYi-Vue-v3.9.1\ruoyi-admin\target\classes started by 罗 in D:\各种作业\ruo)
17:26:16.938 [restartedMain] INFO  c.r.RuoYiApplication - [logStartupProfileInfo,686] - The following 1 profile is active: "druid"
17:26:18.942 [restartedMain] INFO  o.a.c.h.Http11NioProtocol - [log,168] - Initializing ProtocolHandler ["http-nio-8080"]
17:26:18.942 [restartedMain] INFO  o.a.c.c.StandardService - [log,168] - Starting service [Tomcat]
17:26:18.942 [restartedMain] INFO  o.a.c.c.StandardEngine - [log,168] - Starting Servlet engine: [Apache Tomcat/9.0.112]
17:26:18.983 [restartedMain] INFO  o.a.c.c.C.[.[.[/] - [log,168] - Initializing Spring embedded WebApplicationContext
17:26:19.373 [restartedMain] INFO  o.j.c.c.c.WebXmlConfigurationStrategyImpl - [get,43] - Property [serverName] loaded from FilterConfig.getInitParameter with value [http://localhost:8080]
17:26:19.373 [restartedMain] INFO  o.j.c.c.c.WebXmlConfigurationStrategyImpl - [get,43] - Property [redirectAfterValidation] loaded from FilterConfig.getInitParameter with value [false]
17:26:19.373 [restartedMain] INFO  o.j.c.c.c.WebXmlConfigurationStrategyImpl - [get,43] - Property [casServerUrlPrefix] loaded from FilterConfig.getInitParameter with value [https://csxrz.cqnu.edu.cn/cas]
17:26:22.976 [restartedMain] INFO  c.a.d.p.DruidDataSource - [init,865] - {dataSource-2} inited
17:26:25.503 [restartedMain] INFO  o.q.i.StdSchedulerFactory - [instantiate,1220] - Using default implementation for ThreadExecutor
17:26:25.505 [restartedMain] INFO  o.q.c.SchedulerSignalerImpl - [<init>,61] - Initialized Scheduler Signaller of type: class org.quartz.core.SchedulerSignalerImpl
17:26:25.505 [restartedMain] INFO  o.q.c.QuartzScheduler - [<init>,229] - Quartz Scheduler v.2.3.2 created.
17:26:25.505 [restartedMain] INFO  o.q.c.QuartzScheduler - [initialize,294] - Scheduler meta-data: Quartz Scheduler (v2.3.2) 'RuoyiScheduler' with instanceId '楼台1775726785503'
  Scheduler class: 'org.quartz.core.QuartzScheduler' - running locally.
  NOT STARTED.
  Currently in standby mode.
  Number of jobs executed: 0
  Using thread pool 'org.quartz.simpl.SimpleThreadPool' - with 20 threads.
  Using job-store 'org.springframework.scheduling.quartz.LocalDataSourceJobStore' - which supports persistence. and is clustered.

17:26:25.505 [restartedMain] INFO  o.q.i.StdSchedulerFactory - [instantiate,1374] - Quartz scheduler 'RuoyiScheduler' initialized from an externally provided properties instance.
17:26:25.505 [restartedMain] INFO  o.q.i.StdSchedulerFactory - [instantiate,1378] - Quartz scheduler version: 2.3.2
17:26:25.506 [restartedMain] INFO  o.q.c.QuartzScheduler - [setJobFactory,2293] - JobFactory set to: org.springframework.scheduling.quartz.AdaptableJobFactory@6ef62003
17:26:33.856 [restartedMain] INFO  o.a.c.h.Http11NioProtocol - [log,168] - Starting ProtocolHandler ["http-nio-8080"]
17:26:34.003 [restartedMain] INFO  c.r.RuoYiApplication - [logStarted,61] - Started RuoYiApplication in 17.199 seconds (JVM running for 564.535)
17:26:35.724 [Quartz Scheduler [RuoyiScheduler]] INFO  o.q.c.QuartzScheduler - [start,547] - Scheduler RuoyiScheduler_$_楼台1775726785503 started.
17:27:00.877 [Thread-11] INFO  o.q.c.QuartzScheduler - [standby,585] - Scheduler RuoyiScheduler_$_楼台1775726785503 paused.
17:27:00.889 [Thread-11] INFO  o.q.c.QuartzScheduler - [shutdown,666] - Scheduler RuoyiScheduler_$_楼台1775726785503 shutting down.
17:27:00.889 [Thread-11] INFO  o.q.c.QuartzScheduler - [standby,585] - Scheduler RuoyiScheduler_$_楼台1775726785503 paused.
17:27:00.890 [Thread-11] INFO  o.q.c.QuartzScheduler - [shutdown,740] - Scheduler RuoyiScheduler_$_楼台1775726785503 shutdown complete.
17:27:00.890 [Thread-11] INFO  sys-user - [shutdownAsyncManager,31] - ====关闭后台任务任务线程池====
17:27:00.893 [Thread-11] INFO  c.a.d.p.DruidDataSource - [close,2083] - {dataSource-2} closing ...
17:27:00.894 [Thread-11] INFO  c.a.d.p.DruidDataSource - [close,2156] - {dataSource-2} closed
17:27:01.159 [restartedMain] INFO  c.r.RuoYiApplication - [logStarting,55] - Starting RuoYiApplication using Java 21.0.2 on 楼台 with PID 16164 (D:\各种作业\ruo\RuoYi-Vue-v3.9.1\ruoyi-admin\target\classes started by 罗 in D:\各种作业\ruo)
17:27:01.159 [restartedMain] INFO  c.r.RuoYiApplication - [logStartupProfileInfo,686] - The following 1 profile is active: "druid"
17:27:02.028 [restartedMain] INFO  o.a.c.h.Http11NioProtocol - [log,168] - Initializing ProtocolHandler ["http-nio-8080"]
17:27:02.028 [restartedMain] INFO  o.a.c.c.StandardService - [log,168] - Starting service [Tomcat]
17:27:02.028 [restartedMain] INFO  o.a.c.c.StandardEngine - [log,168] - Starting Servlet engine: [Apache Tomcat/9.0.112]
17:27:02.053 [restartedMain] INFO  o.a.c.c.C.[.[.[/] - [log,168] - Initializing Spring embedded WebApplicationContext
17:27:02.246 [restartedMain] INFO  o.j.c.c.c.WebXmlConfigurationStrategyImpl - [get,43] - Property [serverName] loaded from FilterConfig.getInitParameter with value [http://localhost:8080]
17:27:02.246 [restartedMain] INFO  o.j.c.c.c.WebXmlConfigurationStrategyImpl - [get,43] - Property [redirectAfterValidation] loaded from FilterConfig.getInitParameter with value [false]
17:27:02.246 [restartedMain] INFO  o.j.c.c.c.WebXmlConfigurationStrategyImpl - [get,43] - Property [casServerUrlPrefix] loaded from FilterConfig.getInitParameter with value [https://csxrz.cqnu.edu.cn/cas]
17:27:05.426 [restartedMain] INFO  c.a.d.p.DruidDataSource - [init,865] - {dataSource-3} inited
17:27:06.974 [restartedMain] INFO  o.q.i.StdSchedulerFactory - [instantiate,1220] - Using default implementation for ThreadExecutor
17:27:06.974 [restartedMain] INFO  o.q.c.SchedulerSignalerImpl - [<init>,61] - Initialized Scheduler Signaller of type: class org.quartz.core.SchedulerSignalerImpl
17:27:06.974 [restartedMain] INFO  o.q.c.QuartzScheduler - [<init>,229] - Quartz Scheduler v.2.3.2 created.
17:27:06.976 [restartedMain] INFO  o.q.c.QuartzScheduler - [initialize,294] - Scheduler meta-data: Quartz Scheduler (v2.3.2) 'RuoyiScheduler' with instanceId '楼台1775726826974'
  Scheduler class: 'org.quartz.core.QuartzScheduler' - running locally.
  NOT STARTED.
  Currently in standby mode.
  Number of jobs executed: 0
  Using thread pool 'org.quartz.simpl.SimpleThreadPool' - with 20 threads.
  Using job-store 'org.springframework.scheduling.quartz.LocalDataSourceJobStore' - which supports persistence. and is clustered.

17:27:06.976 [restartedMain] INFO  o.q.i.StdSchedulerFactory - [instantiate,1374] - Quartz scheduler 'RuoyiScheduler' initialized from an externally provided properties instance.
17:27:06.976 [restartedMain] INFO  o.q.i.StdSchedulerFactory - [instantiate,1378] - Quartz scheduler version: 2.3.2
17:27:06.976 [restartedMain] INFO  o.q.c.QuartzScheduler - [setJobFactory,2293] - JobFactory set to: org.springframework.scheduling.quartz.AdaptableJobFactory@101e0839
17:27:15.082 [restartedMain] INFO  o.a.c.h.Http11NioProtocol - [log,168] - Starting ProtocolHandler ["http-nio-8080"]
17:27:15.269 [restartedMain] INFO  c.r.RuoYiApplication - [logStarted,61] - Started RuoYiApplication in 14.19 seconds (JVM running for 605.801)
17:27:17.249 [Quartz Scheduler [RuoyiScheduler]] INFO  o.q.c.QuartzScheduler - [start,547] - Scheduler RuoyiScheduler_$_楼台1775726826974 started.
17:27:50.982 [Thread-19] INFO  o.q.c.QuartzScheduler - [standby,585] - Scheduler RuoyiScheduler_$_楼台1775726826974 paused.
17:27:50.995 [Thread-19] INFO  o.q.c.QuartzScheduler - [shutdown,666] - Scheduler RuoyiScheduler_$_楼台1775726826974 shutting down.
17:27:50.995 [Thread-19] INFO  o.q.c.QuartzScheduler - [standby,585] - Scheduler RuoyiScheduler_$_楼台1775726826974 paused.
17:27:50.995 [Thread-19] INFO  o.q.c.QuartzScheduler - [shutdown,740] - Scheduler RuoyiScheduler_$_楼台1775726826974 shutdown complete.
17:27:50.995 [Thread-19] INFO  sys-user - [shutdownAsyncManager,31] - ====关闭后台任务任务线程池====
17:27:50.998 [Thread-19] INFO  c.a.d.p.DruidDataSource - [close,2083] - {dataSource-3} closing ...
17:27:50.998 [Thread-19] INFO  c.a.d.p.DruidDataSource - [close,2156] - {dataSource-3} closed
17:27:51.232 [restartedMain] INFO  c.r.RuoYiApplication - [logStarting,55] - Starting RuoYiApplication using Java 21.0.2 on 楼台 with PID 16164 (D:\各种作业\ruo\RuoYi-Vue-v3.9.1\ruoyi-admin\target\classes started by 罗 in D:\各种作业\ruo)
17:27:51.232 [restartedMain] INFO  c.r.RuoYiApplication - [logStartupProfileInfo,686] - The following 1 profile is active: "druid"
17:27:51.918 [restartedMain] INFO  o.a.c.h.Http11NioProtocol - [log,168] - Initializing ProtocolHandler ["http-nio-8080"]
17:27:51.918 [restartedMain] INFO  o.a.c.c.StandardService - [log,168] - Starting service [Tomcat]
17:27:51.918 [restartedMain] INFO  o.a.c.c.StandardEngine - [log,168] - Starting Servlet engine: [Apache Tomcat/9.0.112]
17:27:51.942 [restartedMain] INFO  o.a.c.c.C.[.[.[/] - [log,168] - Initializing Spring embedded WebApplicationContext
17:27:52.094 [restartedMain] INFO  o.j.c.c.c.WebXmlConfigurationStrategyImpl - [get,43] - Property [serverName] loaded from FilterConfig.getInitParameter with value [http://localhost:8080]
17:27:52.095 [restartedMain] INFO  o.j.c.c.c.WebXmlConfigurationStrategyImpl - [get,43] - Property [redirectAfterValidation] loaded from FilterConfig.getInitParameter with value [false]
17:27:52.095 [restartedMain] INFO  o.j.c.c.c.WebXmlConfigurationStrategyImpl - [get,43] - Property [casServerUrlPrefix] loaded from FilterConfig.getInitParameter with value [https://csxrz.cqnu.edu.cn/cas]
17:27:54.929 [restartedMain] INFO  c.a.d.p.DruidDataSource - [init,865] - {dataSource-4} inited
17:27:56.216 [restartedMain] INFO  o.q.i.StdSchedulerFactory - [instantiate,1220] - Using default implementation for ThreadExecutor
17:27:56.218 [restartedMain] INFO  o.q.c.SchedulerSignalerImpl - [<init>,61] - Initialized Scheduler Signaller of type: class org.quartz.core.SchedulerSignalerImpl
17:27:56.218 [restartedMain] INFO  o.q.c.QuartzScheduler - [<init>,229] - Quartz Scheduler v.2.3.2 created.
17:27:56.219 [restartedMain] INFO  o.q.c.QuartzScheduler - [initialize,294] - Scheduler meta-data: Quartz Scheduler (v2.3.2) 'RuoyiScheduler' with instanceId '楼台1775726876217'
  Scheduler class: 'org.quartz.core.QuartzScheduler' - running locally.
  NOT STARTED.
  Currently in standby mode.
  Number of jobs executed: 0
  Using thread pool 'org.quartz.simpl.SimpleThreadPool' - with 20 threads.
  Using job-store 'org.springframework.scheduling.quartz.LocalDataSourceJobStore' - which supports persistence. and is clustered.

17:27:56.219 [restartedMain] INFO  o.q.i.StdSchedulerFactory - [instantiate,1374] - Quartz scheduler 'RuoyiScheduler' initialized from an externally provided properties instance.
17:27:56.219 [restartedMain] INFO  o.q.i.StdSchedulerFactory - [instantiate,1378] - Quartz scheduler version: 2.3.2
17:27:56.219 [restartedMain] INFO  o.q.c.QuartzScheduler - [setJobFactory,2293] - JobFactory set to: org.springframework.scheduling.quartz.AdaptableJobFactory@14f400b8
17:28:04.029 [restartedMain] INFO  o.a.c.h.Http11NioProtocol - [log,168] - Starting ProtocolHandler ["http-nio-8080"]
17:28:04.133 [restartedMain] INFO  c.r.RuoYiApplication - [logStarted,61] - Started RuoYiApplication in 12.941 seconds (JVM running for 654.665)
17:28:05.628 [Quartz Scheduler [RuoyiScheduler]] INFO  o.q.c.QuartzScheduler - [start,547] - Scheduler RuoyiScheduler_$_楼台1775726876217 started.
17:28:06.637 [Thread-27] INFO  o.q.c.QuartzScheduler - [standby,585] - Scheduler RuoyiScheduler_$_楼台1775726876217 paused.
17:28:06.648 [Thread-27] INFO  o.q.c.QuartzScheduler - [shutdown,666] - Scheduler RuoyiScheduler_$_楼台1775726876217 shutting down.
17:28:06.648 [Thread-27] INFO  o.q.c.QuartzScheduler - [standby,585] - Scheduler RuoyiScheduler_$_楼台1775726876217 paused.
17:28:06.648 [Thread-27] INFO  o.q.c.QuartzScheduler - [shutdown,740] - Scheduler RuoyiScheduler_$_楼台1775726876217 shutdown complete.
17:28:06.648 [Thread-27] INFO  sys-user - [shutdownAsyncManager,31] - ====关闭后台任务任务线程池====
17:28:06.651 [Thread-27] INFO  c.a.d.p.DruidDataSource - [close,2083] - {dataSource-4} closing ...
17:28:06.653 [Thread-27] INFO  c.a.d.p.DruidDataSource - [close,2156] - {dataSource-4} closed
17:28:06.893 [restartedMain] INFO  c.r.RuoYiApplication - [logStarting,55] - Starting RuoYiApplication using Java 21.0.2 on 楼台 with PID 16164 (D:\各种作业\ruo\RuoYi-Vue-v3.9.1\ruoyi-admin\target\classes started by 罗 in D:\各种作业\ruo)
17:28:06.893 [restartedMain] INFO  c.r.RuoYiApplication - [logStartupProfileInfo,686] - The following 1 profile is active: "druid"
17:28:07.862 [restartedMain] INFO  o.a.c.h.Http11NioProtocol - [log,168] - Initializing ProtocolHandler ["http-nio-8080"]
17:28:07.862 [restartedMain] INFO  o.a.c.c.StandardService - [log,168] - Starting service [Tomcat]
17:28:07.862 [restartedMain] INFO  o.a.c.c.StandardEngine - [log,168] - Starting Servlet engine: [Apache Tomcat/9.0.112]
17:28:07.883 [restartedMain] INFO  o.a.c.c.C.[.[.[/] - [log,168] - Initializing Spring embedded WebApplicationContext
17:28:08.128 [restartedMain] INFO  o.j.c.c.c.WebXmlConfigurationStrategyImpl - [get,43] - Property [serverName] loaded from FilterConfig.getInitParameter with value [http://localhost:8080]
17:28:08.129 [restartedMain] INFO  o.j.c.c.c.WebXmlConfigurationStrategyImpl - [get,43] - Property [redirectAfterValidation] loaded from FilterConfig.getInitParameter with value [false]
17:28:08.129 [restartedMain] INFO  o.j.c.c.c.WebXmlConfigurationStrategyImpl - [get,43] - Property [casServerUrlPrefix] loaded from FilterConfig.getInitParameter with value [https://csxrz.cqnu.edu.cn/cas]
17:28:11.161 [restartedMain] INFO  c.a.d.p.DruidDataSource - [init,865] - {dataSource-5} inited
17:28:12.593 [restartedMain] INFO  o.q.i.StdSchedulerFactory - [instantiate,1220] - Using default implementation for ThreadExecutor
17:28:12.596 [restartedMain] INFO  o.q.c.SchedulerSignalerImpl - [<init>,61] - Initialized Scheduler Signaller of type: class org.quartz.core.SchedulerSignalerImpl
17:28:12.596 [restartedMain] INFO  o.q.c.QuartzScheduler - [<init>,229] - Quartz Scheduler v.2.3.2 created.
17:28:12.596 [restartedMain] INFO  o.q.c.QuartzScheduler - [initialize,294] - Scheduler meta-data: Quartz Scheduler (v2.3.2) 'RuoyiScheduler' with instanceId '楼台1775726892594'
  Scheduler class: 'org.quartz.core.QuartzScheduler' - running locally.
  NOT STARTED.
  Currently in standby mode.
  Number of jobs executed: 0
  Using thread pool 'org.quartz.simpl.SimpleThreadPool' - with 20 threads.
  Using job-store 'org.springframework.scheduling.quartz.LocalDataSourceJobStore' - which supports persistence. and is clustered.

17:28:12.596 [restartedMain] INFO  o.q.i.StdSchedulerFactory - [instantiate,1374] - Quartz scheduler 'RuoyiScheduler' initialized from an externally provided properties instance.
17:28:12.596 [restartedMain] INFO  o.q.i.StdSchedulerFactory - [instantiate,1378] - Quartz scheduler version: 2.3.2
17:28:12.596 [restartedMain] INFO  o.q.c.QuartzScheduler - [setJobFactory,2293] - JobFactory set to: org.springframework.scheduling.quartz.AdaptableJobFactory@7b6328c2
17:28:20.349 [restartedMain] INFO  o.a.c.h.Http11NioProtocol - [log,168] - Starting ProtocolHandler ["http-nio-8080"]
17:28:20.414 [restartedMain] INFO  c.r.RuoYiApplication - [logStarted,61] - Started RuoYiApplication in 13.573 seconds (JVM running for 670.946)
17:28:21.928 [Quartz Scheduler [RuoyiScheduler]] INFO  o.q.c.QuartzScheduler - [start,547] - Scheduler RuoyiScheduler_$_楼台1775726892594 started.
17:28:43.226 [Thread-35] INFO  o.q.c.QuartzScheduler - [standby,585] - Scheduler RuoyiScheduler_$_楼台1775726892594 paused.
17:28:43.249 [Thread-35] INFO  o.q.c.QuartzScheduler - [shutdown,666] - Scheduler RuoyiScheduler_$_楼台1775726892594 shutting down.
17:28:43.249 [Thread-35] INFO  o.q.c.QuartzScheduler - [standby,585] - Scheduler RuoyiScheduler_$_楼台1775726892594 paused.
17:28:43.249 [Thread-35] INFO  o.q.c.QuartzScheduler - [shutdown,740] - Scheduler RuoyiScheduler_$_楼台1775726892594 shutdown complete.
17:28:43.251 [Thread-35] INFO  sys-user - [shutdownAsyncManager,31] - ====关闭后台任务任务线程池====
17:28:43.254 [Thread-35] INFO  c.a.d.p.DruidDataSource - [close,2083] - {dataSource-5} closing ...
17:28:43.254 [Thread-35] INFO  c.a.d.p.DruidDataSource - [close,2156] - {dataSource-5} closed
17:28:43.549 [restartedMain] INFO  c.r.RuoYiApplication - [logStarting,55] - Starting RuoYiApplication using Java 21.0.2 on 楼台 with PID 16164 (D:\各种作业\ruo\RuoYi-Vue-v3.9.1\ruoyi-admin\target\classes started by 罗 in D:\各种作业\ruo)
17:28:43.550 [restartedMain] INFO  c.r.RuoYiApplication - [logStartupProfileInfo,686] - The following 1 profile is active: "druid"
17:28:44.606 [restartedMain] INFO  o.a.c.h.Http11NioProtocol - [log,168] - Initializing ProtocolHandler ["http-nio-8080"]
17:28:44.607 [restartedMain] INFO  o.a.c.c.StandardService - [log,168] - Starting service [Tomcat]
17:28:44.607 [restartedMain] INFO  o.a.c.c.StandardEngine - [log,168] - Starting Servlet engine: [Apache Tomcat/9.0.112]
17:28:44.651 [restartedMain] INFO  o.a.c.c.C.[.[.[/] - [log,168] - Initializing Spring embedded WebApplicationContext
17:28:44.948 [restartedMain] INFO  o.j.c.c.c.WebXmlConfigurationStrategyImpl - [get,43] - Property [serverName] loaded from FilterConfig.getInitParameter with value [http://localhost:8080]
17:28:44.948 [restartedMain] INFO  o.j.c.c.c.WebXmlConfigurationStrategyImpl - [get,43] - Property [redirectAfterValidation] loaded from FilterConfig.getInitParameter with value [false]
17:28:44.948 [restartedMain] INFO  o.j.c.c.c.WebXmlConfigurationStrategyImpl - [get,43] - Property [casServerUrlPrefix] loaded from FilterConfig.getInitParameter with value [https://csxrz.cqnu.edu.cn/cas]
17:28:49.496 [restartedMain] INFO  c.a.d.p.DruidDataSource - [init,865] - {dataSource-6} inited
17:28:50.635 [restartedMain] INFO  o.q.i.StdSchedulerFactory - [instantiate,1220] - Using default implementation for ThreadExecutor
17:28:50.636 [restartedMain] INFO  o.q.c.SchedulerSignalerImpl - [<init>,61] - Initialized Scheduler Signaller of type: class org.quartz.core.SchedulerSignalerImpl
17:28:50.636 [restartedMain] INFO  o.q.c.QuartzScheduler - [<init>,229] - Quartz Scheduler v.2.3.2 created.
17:28:50.636 [restartedMain] INFO  o.q.c.QuartzScheduler - [initialize,294] - Scheduler meta-data: Quartz Scheduler (v2.3.2) 'RuoyiScheduler' with instanceId '楼台1775726930635'
  Scheduler class: 'org.quartz.core.QuartzScheduler' - running locally.
  NOT STARTED.
  Currently in standby mode.
  Number of jobs executed: 0
  Using thread pool 'org.quartz.simpl.SimpleThreadPool' - with 20 threads.
  Using job-store 'org.springframework.scheduling.quartz.LocalDataSourceJobStore' - which supports persistence. and is clustered.

17:28:50.636 [restartedMain] INFO  o.q.i.StdSchedulerFactory - [instantiate,1374] - Quartz scheduler 'RuoyiScheduler' initialized from an externally provided properties instance.
17:28:50.636 [restartedMain] INFO  o.q.i.StdSchedulerFactory - [instantiate,1378] - Quartz scheduler version: 2.3.2
17:28:50.638 [restartedMain] INFO  o.q.c.QuartzScheduler - [setJobFactory,2293] - JobFactory set to: org.springframework.scheduling.quartz.AdaptableJobFactory@2e4a704
17:28:58.253 [restartedMain] INFO  o.a.c.h.Http11NioProtocol - [log,168] - Starting ProtocolHandler ["http-nio-8080"]
17:28:58.366 [restartedMain] INFO  c.r.RuoYiApplication - [logStarted,61] - Started RuoYiApplication in 14.885 seconds (JVM running for 708.898)
17:29:00.119 [Quartz Scheduler [RuoyiScheduler]] INFO  o.q.c.QuartzScheduler - [start,547] - Scheduler RuoyiScheduler_$_楼台1775726930635 started.
17:29:16.874 [http-nio-8080-exec-6] INFO  o.a.c.c.C.[.[.[/] - [log,168] - Initializing Spring DispatcherServlet 'dispatcherServlet'
17:38:53.542 [Thread-43] INFO  o.q.c.QuartzScheduler - [standby,585] - Scheduler RuoyiScheduler_$_楼台1775726930635 paused.
17:38:53.596 [Thread-43] INFO  o.q.c.QuartzScheduler - [shutdown,666] - Scheduler RuoyiScheduler_$_楼台1775726930635 shutting down.
17:38:53.596 [Thread-43] INFO  o.q.c.QuartzScheduler - [standby,585] - Scheduler RuoyiScheduler_$_楼台1775726930635 paused.
17:38:53.596 [Thread-43] INFO  o.q.c.QuartzScheduler - [shutdown,740] - Scheduler RuoyiScheduler_$_楼台1775726930635 shutdown complete.
17:38:53.598 [Thread-43] INFO  sys-user - [shutdownAsyncManager,31] - ====关闭后台任务任务线程池====
17:38:53.607 [Thread-43] INFO  c.a.d.p.DruidDataSource - [close,2083] - {dataSource-6} closing ...
17:38:53.608 [Thread-43] INFO  c.a.d.p.DruidDataSource - [close,2156] - {dataSource-6} closed
17:38:54.072 [restartedMain] INFO  c.r.RuoYiApplication - [logStarting,55] - Starting RuoYiApplication using Java 21.0.2 on 楼台 with PID 16164 (D:\各种作业\ruo\RuoYi-Vue-v3.9.1\ruoyi-admin\target\classes started by 罗 in D:\各种作业\ruo)
17:38:54.072 [restartedMain] INFO  c.r.RuoYiApplication - [logStartupProfileInfo,686] - The following 1 profile is active: "druid"
17:38:55.559 [restartedMain] INFO  o.a.c.h.Http11NioProtocol - [log,168] - Initializing ProtocolHandler ["http-nio-8080"]
17:38:55.561 [restartedMain] INFO  o.a.c.c.StandardService - [log,168] - Starting service [Tomcat]
17:38:55.561 [restartedMain] INFO  o.a.c.c.StandardEngine - [log,168] - Starting Servlet engine: [Apache Tomcat/9.0.112]
17:38:55.617 [restartedMain] INFO  o.a.c.c.C.[.[.[/] - [log,168] - Initializing Spring embedded WebApplicationContext
17:38:55.971 [restartedMain] INFO  o.j.c.c.c.WebXmlConfigurationStrategyImpl - [get,43] - Property [serverName] loaded from FilterConfig.getInitParameter with value [http://localhost:8080]
17:38:55.971 [restartedMain] INFO  o.j.c.c.c.WebXmlConfigurationStrategyImpl - [get,43] - Property [redirectAfterValidation] loaded from FilterConfig.getInitParameter with value [false]
17:38:55.971 [restartedMain] INFO  o.j.c.c.c.WebXmlConfigurationStrategyImpl - [get,43] - Property [casServerUrlPrefix] loaded from FilterConfig.getInitParameter with value [https://csxrz.cqnu.edu.cn/cas]
17:38:59.221 [restartedMain] INFO  c.a.d.p.DruidDataSource - [init,865] - {dataSource-7} inited
17:39:00.368 [restartedMain] INFO  c.a.d.p.DruidDataSource - [close,2083] - {dataSource-7} closing ...
17:39:00.370 [restartedMain] INFO  c.a.d.p.DruidDataSource - [close,2156] - {dataSource-7} closed
17:39:00.485 [restartedMain] INFO  o.a.c.c.StandardService - [log,168] - Stopping service [Tomcat]
17:39:06.497 [restartedMain] INFO  c.r.RuoYiApplication - [logStarting,55] - Starting RuoYiApplication using Java 21.0.2 on 楼台 with PID 16164 (D:\各种作业\ruo\RuoYi-Vue-v3.9.1\ruoyi-admin\target\classes started by 罗 in D:\各种作业\ruo)
17:39:06.497 [restartedMain] INFO  c.r.RuoYiApplication - [logStartupProfileInfo,686] - The following 1 profile is active: "druid"
17:39:07.309 [restartedMain] INFO  o.a.c.h.Http11NioProtocol - [log,168] - Initializing ProtocolHandler ["http-nio-8080"]
17:39:07.309 [restartedMain] INFO  o.a.c.c.StandardService - [log,168] - Starting service [Tomcat]
17:39:07.309 [restartedMain] INFO  o.a.c.c.StandardEngine - [log,168] - Starting Servlet engine: [Apache Tomcat/9.0.112]
17:39:07.324 [restartedMain] INFO  o.a.c.c.C.[.[.[/] - [log,168] - Initializing Spring embedded WebApplicationContext
17:39:07.518 [restartedMain] INFO  o.j.c.c.c.WebXmlConfigurationStrategyImpl - [get,43] - Property [serverName] loaded from FilterConfig.getInitParameter with value [http://localhost:8080]
17:39:07.519 [restartedMain] INFO  o.j.c.c.c.WebXmlConfigurationStrategyImpl - [get,43] - Property [redirectAfterValidation] loaded from FilterConfig.getInitParameter with value [false]
17:39:07.519 [restartedMain] INFO  o.j.c.c.c.WebXmlConfigurationStrategyImpl - [get,43] - Property [casServerUrlPrefix] loaded from FilterConfig.getInitParameter with value [https://csxrz.cqnu.edu.cn/cas]
17:39:11.395 [restartedMain] INFO  c.a.d.p.DruidDataSource - [init,865] - {dataSource-8} inited
17:39:12.846 [restartedMain] INFO  o.q.i.StdSchedulerFactory - [instantiate,1220] - Using default implementation for ThreadExecutor
17:39:12.847 [restartedMain] INFO  o.q.c.SchedulerSignalerImpl - [<init>,61] - Initialized Scheduler Signaller of type: class org.quartz.core.SchedulerSignalerImpl
17:39:12.847 [restartedMain] INFO  o.q.c.QuartzScheduler - [<init>,229] - Quartz Scheduler v.2.3.2 created.
17:39:12.847 [restartedMain] INFO  o.q.c.QuartzScheduler - [initialize,294] - Scheduler meta-data: Quartz Scheduler (v2.3.2) 'RuoyiScheduler' with instanceId '楼台1775727552846'
  Scheduler class: 'org.quartz.core.QuartzScheduler' - running locally.
  NOT STARTED.
  Currently in standby mode.
  Number of jobs executed: 0
  Using thread pool 'org.quartz.simpl.SimpleThreadPool' - with 20 threads.
  Using job-store 'org.springframework.scheduling.quartz.LocalDataSourceJobStore' - which supports persistence. and is clustered.

17:39:12.847 [restartedMain] INFO  o.q.i.StdSchedulerFactory - [instantiate,1374] - Quartz scheduler 'RuoyiScheduler' initialized from an externally provided properties instance.
17:39:12.847 [restartedMain] INFO  o.q.i.StdSchedulerFactory - [instantiate,1378] - Quartz scheduler version: 2.3.2
17:39:12.847 [restartedMain] INFO  o.q.c.QuartzScheduler - [setJobFactory,2293] - JobFactory set to: org.springframework.scheduling.quartz.AdaptableJobFactory@37335d8e
17:39:20.746 [restartedMain] INFO  o.a.c.h.Http11NioProtocol - [log,168] - Starting ProtocolHandler ["http-nio-8080"]
17:39:20.886 [restartedMain] INFO  c.r.RuoYiApplication - [logStarted,61] - Started RuoYiApplication in 14.442 seconds (JVM running for 1331.417)
17:39:22.618 [Quartz Scheduler [RuoyiScheduler]] INFO  o.q.c.QuartzScheduler - [start,547] - Scheduler RuoyiScheduler_$_楼台1775727552846 started.
17:39:41.530 [Thread-51] INFO  o.q.c.QuartzScheduler - [standby,585] - Scheduler RuoyiScheduler_$_楼台1775727552846 paused.
17:39:41.544 [Thread-51] INFO  o.q.c.QuartzScheduler - [shutdown,666] - Scheduler RuoyiScheduler_$_楼台1775727552846 shutting down.
17:39:41.545 [Thread-51] INFO  o.q.c.QuartzScheduler - [standby,585] - Scheduler RuoyiScheduler_$_楼台1775727552846 paused.
17:39:41.545 [Thread-51] INFO  o.q.c.QuartzScheduler - [shutdown,740] - Scheduler RuoyiScheduler_$_楼台1775727552846 shutdown complete.
17:39:41.545 [Thread-51] INFO  sys-user - [shutdownAsyncManager,31] - ====关闭后台任务任务线程池====
17:39:41.549 [Thread-51] INFO  c.a.d.p.DruidDataSource - [close,2083] - {dataSource-8} closing ...
17:39:41.550 [Thread-51] INFO  c.a.d.p.DruidDataSource - [close,2156] - {dataSource-8} closed
17:39:41.840 [restartedMain] INFO  c.r.RuoYiApplication - [logStarting,55] - Starting RuoYiApplication using Java 21.0.2 on 楼台 with PID 16164 (D:\各种作业\ruo\RuoYi-Vue-v3.9.1\ruoyi-admin\target\classes started by 罗 in D:\各种作业\ruo)
17:39:41.840 [restartedMain] INFO  c.r.RuoYiApplication - [logStartupProfileInfo,686] - The following 1 profile is active: "druid"
17:39:42.910 [restartedMain] INFO  o.a.c.h.Http11NioProtocol - [log,168] - Initializing ProtocolHandler ["http-nio-8080"]
17:39:42.910 [restartedMain] INFO  o.a.c.c.StandardService - [log,168] - Starting service [Tomcat]
17:39:42.910 [restartedMain] INFO  o.a.c.c.StandardEngine - [log,168] - Starting Servlet engine: [Apache Tomcat/9.0.112]
17:39:42.942 [restartedMain] INFO  o.a.c.c.C.[.[.[/] - [log,168] - Initializing Spring embedded WebApplicationContext
17:39:43.219 [restartedMain] INFO  o.j.c.c.c.WebXmlConfigurationStrategyImpl - [get,43] - Property [serverName] loaded from FilterConfig.getInitParameter with value [http://localhost:8080]
17:39:43.220 [restartedMain] INFO  o.j.c.c.c.WebXmlConfigurationStrategyImpl - [get,43] - Property [redirectAfterValidation] loaded from FilterConfig.getInitParameter with value [false]
17:39:43.220 [restartedMain] INFO  o.j.c.c.c.WebXmlConfigurationStrategyImpl - [get,43] - Property [casServerUrlPrefix] loaded from FilterConfig.getInitParameter with value [https://csxrz.cqnu.edu.cn/cas]
17:39:46.743 [restartedMain] INFO  c.a.d.p.DruidDataSource - [init,865] - {dataSource-9} inited
17:39:48.541 [restartedMain] INFO  o.q.i.StdSchedulerFactory - [instantiate,1220] - Using default implementation for ThreadExecutor
17:39:48.544 [restartedMain] INFO  o.q.c.SchedulerSignalerImpl - [<init>,61] - Initialized Scheduler Signaller of type: class org.quartz.core.SchedulerSignalerImpl
17:39:48.544 [restartedMain] INFO  o.q.c.QuartzScheduler - [<init>,229] - Quartz Scheduler v.2.3.2 created.
17:39:48.545 [restartedMain] INFO  o.q.c.QuartzScheduler - [initialize,294] - Scheduler meta-data: Quartz Scheduler (v2.3.2) 'RuoyiScheduler' with instanceId '楼台1775727588543'
  Scheduler class: 'org.quartz.core.QuartzScheduler' - running locally.
  NOT STARTED.
  Currently in standby mode.
  Number of jobs executed: 0
  Using thread pool 'org.quartz.simpl.SimpleThreadPool' - with 20 threads.
  Using job-store 'org.springframework.scheduling.quartz.LocalDataSourceJobStore' - which supports persistence. and is clustered.

17:39:48.545 [restartedMain] INFO  o.q.i.StdSchedulerFactory - [instantiate,1374] - Quartz scheduler 'RuoyiScheduler' initialized from an externally provided properties instance.
17:39:48.545 [restartedMain] INFO  o.q.i.StdSchedulerFactory - [instantiate,1378] - Quartz scheduler version: 2.3.2
17:39:48.545 [restartedMain] INFO  o.q.c.QuartzScheduler - [setJobFactory,2293] - JobFactory set to: org.springframework.scheduling.quartz.AdaptableJobFactory@c339aa7
17:39:56.809 [restartedMain] INFO  o.a.c.h.Http11NioProtocol - [log,168] - Starting ProtocolHandler ["http-nio-8080"]
17:39:56.930 [restartedMain] INFO  c.r.RuoYiApplication - [logStarted,61] - Started RuoYiApplication in 15.148 seconds (JVM running for 1367.462)
17:39:58.442 [Quartz Scheduler [RuoyiScheduler]] INFO  o.q.c.QuartzScheduler - [start,547] - Scheduler RuoyiScheduler_$_楼台1775727588543 started.
17:41:50.270 [http-nio-8080-exec-1] INFO  o.a.c.c.C.[.[.[/] - [log,168] - Initializing Spring DispatcherServlet 'dispatcherServlet'
17:53:26.894 [Thread-63] INFO  o.q.c.QuartzScheduler - [standby,585] - Scheduler RuoyiScheduler_$_楼台1775727588543 paused.
17:53:26.945 [Thread-63] INFO  o.q.c.QuartzScheduler - [shutdown,666] - Scheduler RuoyiScheduler_$_楼台1775727588543 shutting down.
17:53:26.945 [Thread-63] INFO  o.q.c.QuartzScheduler - [standby,585] - Scheduler RuoyiScheduler_$_楼台1775727588543 paused.
17:53:26.945 [Thread-63] INFO  o.q.c.QuartzScheduler - [shutdown,740] - Scheduler RuoyiScheduler_$_楼台1775727588543 shutdown complete.
17:53:26.947 [Thread-63] INFO  sys-user - [shutdownAsyncManager,31] - ====关闭后台任务任务线程池====
17:53:26.952 [Thread-63] INFO  c.a.d.p.DruidDataSource - [close,2083] - {dataSource-9} closing ...
17:53:26.953 [Thread-63] INFO  c.a.d.p.DruidDataSource - [close,2156] - {dataSource-9} closed
17:53:27.510 [restartedMain] INFO  c.r.RuoYiApplication - [logStarting,55] - Starting RuoYiApplication using Java 21.0.2 on 楼台 with PID 16164 (D:\各种作业\ruo\RuoYi-Vue-v3.9.1\ruoyi-admin\target\classes started by 罗 in D:\各种作业\ruo)
17:53:27.511 [restartedMain] INFO  c.r.RuoYiApplication - [logStartupProfileInfo,686] - The following 1 profile is active: "druid"
17:53:29.609 [restartedMain] INFO  o.a.c.h.Http11NioProtocol - [log,168] - Initializing ProtocolHandler ["http-nio-8080"]
17:53:29.610 [restartedMain] INFO  o.a.c.c.StandardService - [log,168] - Starting service [Tomcat]
17:53:29.610 [restartedMain] INFO  o.a.c.c.StandardEngine - [log,168] - Starting Servlet engine: [Apache Tomcat/9.0.112]
17:53:29.649 [restartedMain] INFO  o.a.c.c.C.[.[.[/] - [log,168] - Initializing Spring embedded WebApplicationContext
17:53:30.025 [restartedMain] INFO  o.j.c.c.c.WebXmlConfigurationStrategyImpl - [get,43] - Property [serverName] loaded from FilterConfig.getInitParameter with value [http://localhost:8080]
17:53:30.025 [restartedMain] INFO  o.j.c.c.c.WebXmlConfigurationStrategyImpl - [get,43] - Property [redirectAfterValidation] loaded from FilterConfig.getInitParameter with value [false]
17:53:30.026 [restartedMain] INFO  o.j.c.c.c.WebXmlConfigurationStrategyImpl - [get,43] - Property [casServerUrlPrefix] loaded from FilterConfig.getInitParameter with value [https://csxrz.cqnu.edu.cn/cas]
17:53:33.097 [restartedMain] INFO  c.a.d.p.DruidDataSource - [init,865] - {dataSource-10} inited
17:53:35.387 [restartedMain] INFO  o.q.i.StdSchedulerFactory - [instantiate,1220] - Using default implementation for ThreadExecutor
17:53:35.391 [restartedMain] INFO  o.q.c.SchedulerSignalerImpl - [<init>,61] - Initialized Scheduler Signaller of type: class org.quartz.core.SchedulerSignalerImpl
17:53:35.391 [restartedMain] INFO  o.q.c.QuartzScheduler - [<init>,229] - Quartz Scheduler v.2.3.2 created.
17:53:35.393 [restartedMain] INFO  o.q.c.QuartzScheduler - [initialize,294] - Scheduler meta-data: Quartz Scheduler (v2.3.2) 'RuoyiScheduler' with instanceId '楼台1775728415389'
  Scheduler class: 'org.quartz.core.QuartzScheduler' - running locally.
  NOT STARTED.
  Currently in standby mode.
  Number of jobs executed: 0
  Using thread pool 'org.quartz.simpl.SimpleThreadPool' - with 20 threads.
  Using job-store 'org.springframework.scheduling.quartz.LocalDataSourceJobStore' - which supports persistence. and is clustered.

17:53:35.393 [restartedMain] INFO  o.q.i.StdSchedulerFactory - [instantiate,1374] - Quartz scheduler 'RuoyiScheduler' initialized from an externally provided properties instance.
17:53:35.393 [restartedMain] INFO  o.q.i.StdSchedulerFactory - [instantiate,1378] - Quartz scheduler version: 2.3.2
17:53:35.393 [restartedMain] INFO  o.q.c.QuartzScheduler - [setJobFactory,2293] - JobFactory set to: org.springframework.scheduling.quartz.AdaptableJobFactory@76e879a9
17:53:43.531 [restartedMain] INFO  o.a.c.h.Http11NioProtocol - [log,168] - Starting ProtocolHandler ["http-nio-8080"]
17:53:43.695 [restartedMain] INFO  c.r.RuoYiApplication - [logStarted,61] - Started RuoYiApplication in 16.447 seconds (JVM running for 2194.227)
17:53:45.448 [Quartz Scheduler [RuoyiScheduler]] INFO  o.q.c.QuartzScheduler - [start,547] - Scheduler RuoyiScheduler_$_楼台1775728415389 started.
17:54:05.285 [Thread-71] INFO  o.q.c.QuartzScheduler - [standby,585] - Scheduler RuoyiScheduler_$_楼台1775728415389 paused.
17:54:05.299 [Thread-71] INFO  o.q.c.QuartzScheduler - [shutdown,666] - Scheduler RuoyiScheduler_$_楼台1775728415389 shutting down.
17:54:05.299 [Thread-71] INFO  o.q.c.QuartzScheduler - [standby,585] - Scheduler RuoyiScheduler_$_楼台1775728415389 paused.
17:54:05.299 [Thread-71] INFO  o.q.c.QuartzScheduler - [shutdown,740] - Scheduler RuoyiScheduler_$_楼台1775728415389 shutdown complete.
17:54:05.299 [Thread-71] INFO  sys-user - [shutdownAsyncManager,31] - ====关闭后台任务任务线程池====
17:54:05.302 [Thread-71] INFO  c.a.d.p.DruidDataSource - [close,2083] - {dataSource-10} closing ...
17:54:05.302 [Thread-71] INFO  c.a.d.p.DruidDataSource - [close,2156] - {dataSource-10} closed
17:54:05.587 [restartedMain] INFO  c.r.RuoYiApplication - [logStarting,55] - Starting RuoYiApplication using Java 21.0.2 on 楼台 with PID 16164 (D:\各种作业\ruo\RuoYi-Vue-v3.9.1\ruoyi-admin\target\classes started by 罗 in D:\各种作业\ruo)
17:54:05.587 [restartedMain] INFO  c.r.RuoYiApplication - [logStartupProfileInfo,686] - The following 1 profile is active: "druid"
17:54:06.526 [restartedMain] INFO  o.a.c.h.Http11NioProtocol - [log,168] - Initializing ProtocolHandler ["http-nio-8080"]
17:54:06.526 [restartedMain] INFO  o.a.c.c.StandardService - [log,168] - Starting service [Tomcat]
17:54:06.526 [restartedMain] INFO  o.a.c.c.StandardEngine - [log,168] - Starting Servlet engine: [Apache Tomcat/9.0.112]
17:54:06.553 [restartedMain] INFO  o.a.c.c.C.[.[.[/] - [log,168] - Initializing Spring embedded WebApplicationContext
17:54:06.757 [restartedMain] INFO  o.j.c.c.c.WebXmlConfigurationStrategyImpl - [get,43] - Property [serverName] loaded from FilterConfig.getInitParameter with value [http://localhost:8080]
17:54:06.758 [restartedMain] INFO  o.j.c.c.c.WebXmlConfigurationStrategyImpl - [get,43] - Property [redirectAfterValidation] loaded from FilterConfig.getInitParameter with value [false]
17:54:06.758 [restartedMain] INFO  o.j.c.c.c.WebXmlConfigurationStrategyImpl - [get,43] - Property [casServerUrlPrefix] loaded from FilterConfig.getInitParameter with value [https://csxrz.cqnu.edu.cn/cas]
17:54:09.704 [restartedMain] INFO  c.a.d.p.DruidDataSource - [init,865] - {dataSource-11} inited
17:54:11.109 [restartedMain] INFO  o.q.i.StdSchedulerFactory - [instantiate,1220] - Using default implementation for ThreadExecutor
17:54:11.110 [restartedMain] INFO  o.q.c.SchedulerSignalerImpl - [<init>,61] - Initialized Scheduler Signaller of type: class org.quartz.core.SchedulerSignalerImpl
17:54:11.110 [restartedMain] INFO  o.q.c.QuartzScheduler - [<init>,229] - Quartz Scheduler v.2.3.2 created.
17:54:11.110 [restartedMain] INFO  o.q.c.QuartzScheduler - [initialize,294] - Scheduler meta-data: Quartz Scheduler (v2.3.2) 'RuoyiScheduler' with instanceId '楼台1775728451109'
  Scheduler class: 'org.quartz.core.QuartzScheduler' - running locally.
  NOT STARTED.
  Currently in standby mode.
  Number of jobs executed: 0
  Using thread pool 'org.quartz.simpl.SimpleThreadPool' - with 20 threads.
  Using job-store 'org.springframework.scheduling.quartz.LocalDataSourceJobStore' - which supports persistence. and is clustered.

17:54:11.110 [restartedMain] INFO  o.q.i.StdSchedulerFactory - [instantiate,1374] - Quartz scheduler 'RuoyiScheduler' initialized from an externally provided properties instance.
17:54:11.111 [restartedMain] INFO  o.q.i.StdSchedulerFactory - [instantiate,1378] - Quartz scheduler version: 2.3.2
17:54:11.111 [restartedMain] INFO  o.q.c.QuartzScheduler - [setJobFactory,2293] - JobFactory set to: org.springframework.scheduling.quartz.AdaptableJobFactory@5f727899
17:54:19.164 [restartedMain] INFO  o.a.c.h.Http11NioProtocol - [log,168] - Starting ProtocolHandler ["http-nio-8080"]
17:54:19.313 [restartedMain] INFO  c.r.RuoYiApplication - [logStarted,61] - Started RuoYiApplication in 13.8 seconds (JVM running for 2229.844)
17:54:20.824 [Quartz Scheduler [RuoyiScheduler]] INFO  o.q.c.QuartzScheduler - [start,547] - Scheduler RuoyiScheduler_$_楼台1775728451109 started.
17:54:25.001 [Thread-79] INFO  o.q.c.QuartzScheduler - [standby,585] - Scheduler RuoyiScheduler_$_楼台1775728451109 paused.
17:54:25.018 [Thread-79] INFO  o.q.c.QuartzScheduler - [shutdown,666] - Scheduler RuoyiScheduler_$_楼台1775728451109 shutting down.
17:54:25.018 [Thread-79] INFO  o.q.c.QuartzScheduler - [standby,585] - Scheduler RuoyiScheduler_$_楼台1775728451109 paused.
17:54:25.018 [Thread-79] INFO  o.q.c.QuartzScheduler - [shutdown,740] - Scheduler RuoyiScheduler_$_楼台1775728451109 shutdown complete.
17:54:25.018 [Thread-79] INFO  sys-user - [shutdownAsyncManager,31] - ====关闭后台任务任务线程池====
17:54:25.023 [Thread-79] INFO  c.a.d.p.DruidDataSource - [close,2083] - {dataSource-11} closing ...
17:54:25.025 [Thread-79] INFO  c.a.d.p.DruidDataSource - [close,2156] - {dataSource-11} closed
17:54:25.310 [restartedMain] INFO  c.r.RuoYiApplication - [logStarting,55] - Starting RuoYiApplication using Java 21.0.2 on 楼台 with PID 16164 (D:\各种作业\ruo\RuoYi-Vue-v3.9.1\ruoyi-admin\target\classes started by 罗 in D:\各种作业\ruo)
17:54:25.310 [restartedMain] INFO  c.r.RuoYiApplication - [logStartupProfileInfo,686] - The following 1 profile is active: "druid"
17:54:26.362 [restartedMain] INFO  o.a.c.h.Http11NioProtocol - [log,168] - Initializing ProtocolHandler ["http-nio-8080"]
17:54:26.362 [restartedMain] INFO  o.a.c.c.StandardService - [log,168] - Starting service [Tomcat]
17:54:26.362 [restartedMain] INFO  o.a.c.c.StandardEngine - [log,168] - Starting Servlet engine: [Apache Tomcat/9.0.112]
17:54:26.391 [restartedMain] INFO  o.a.c.c.C.[.[.[/] - [log,168] - Initializing Spring embedded WebApplicationContext
17:54:26.639 [restartedMain] INFO  o.j.c.c.c.WebXmlConfigurationStrategyImpl - [get,43] - Property [serverName] loaded from FilterConfig.getInitParameter with value [http://localhost:8080]
17:54:26.639 [restartedMain] INFO  o.j.c.c.c.WebXmlConfigurationStrategyImpl - [get,43] - Property [redirectAfterValidation] loaded from FilterConfig.getInitParameter with value [false]
17:54:26.640 [restartedMain] INFO  o.j.c.c.c.WebXmlConfigurationStrategyImpl - [get,43] - Property [casServerUrlPrefix] loaded from FilterConfig.getInitParameter with value [https://csxrz.cqnu.edu.cn/cas]
17:54:29.769 [restartedMain] INFO  c.a.d.p.DruidDataSource - [init,865] - {dataSource-12} inited
17:54:31.605 [restartedMain] INFO  o.q.i.StdSchedulerFactory - [instantiate,1220] - Using default implementation for ThreadExecutor
17:54:31.610 [restartedMain] INFO  o.q.c.SchedulerSignalerImpl - [<init>,61] - Initialized Scheduler Signaller of type: class org.quartz.core.SchedulerSignalerImpl
17:54:31.610 [restartedMain] INFO  o.q.c.QuartzScheduler - [<init>,229] - Quartz Scheduler v.2.3.2 created.
17:54:31.610 [restartedMain] INFO  o.q.c.QuartzScheduler - [initialize,294] - Scheduler meta-data: Quartz Scheduler (v2.3.2) 'RuoyiScheduler' with instanceId '楼台1775728471606'
  Scheduler class: 'org.quartz.core.QuartzScheduler' - running locally.
  NOT STARTED.
  Currently in standby mode.
  Number of jobs executed: 0
  Using thread pool 'org.quartz.simpl.SimpleThreadPool' - with 20 threads.
  Using job-store 'org.springframework.scheduling.quartz.LocalDataSourceJobStore' - which supports persistence. and is clustered.

17:54:31.610 [restartedMain] INFO  o.q.i.StdSchedulerFactory - [instantiate,1374] - Quartz scheduler 'RuoyiScheduler' initialized from an externally provided properties instance.
17:54:31.610 [restartedMain] INFO  o.q.i.StdSchedulerFactory - [instantiate,1378] - Quartz scheduler version: 2.3.2
17:54:31.611 [restartedMain] INFO  o.q.c.QuartzScheduler - [setJobFactory,2293] - JobFactory set to: org.springframework.scheduling.quartz.AdaptableJobFactory@11cde257
17:54:39.369 [restartedMain] INFO  o.a.c.h.Http11NioProtocol - [log,168] - Starting ProtocolHandler ["http-nio-8080"]
17:54:39.480 [restartedMain] INFO  c.r.RuoYiApplication - [logStarted,61] - Started RuoYiApplication in 14.227 seconds (JVM running for 2250.012)
17:54:41.015 [Quartz Scheduler [RuoyiScheduler]] INFO  o.q.c.QuartzScheduler - [start,547] - Scheduler RuoyiScheduler_$_楼台1775728471606 started.
17:58:07.179 [http-nio-8080-exec-1] INFO  o.a.c.c.C.[.[.[/] - [log,168] - Initializing Spring DispatcherServlet 'dispatcherServlet'
18:02:42.198 [Thread-87] INFO  o.q.c.QuartzScheduler - [standby,585] - Scheduler RuoyiScheduler_$_楼台1775728471606 paused.
18:02:42.239 [Thread-87] INFO  o.q.c.QuartzScheduler - [shutdown,666] - Scheduler RuoyiScheduler_$_楼台1775728471606 shutting down.
18:02:42.239 [Thread-87] INFO  o.q.c.QuartzScheduler - [standby,585] - Scheduler RuoyiScheduler_$_楼台1775728471606 paused.
18:02:42.239 [Thread-87] INFO  o.q.c.QuartzScheduler - [shutdown,740] - Scheduler RuoyiScheduler_$_楼台1775728471606 shutdown complete.
18:02:42.240 [Thread-87] INFO  sys-user - [shutdownAsyncManager,31] - ====关闭后台任务任务线程池====
18:02:42.245 [Thread-87] INFO  c.a.d.p.DruidDataSource - [close,2083] - {dataSource-12} closing ...
18:02:42.248 [Thread-87] INFO  c.a.d.p.DruidDataSource - [close,2156] - {dataSource-12} closed
18:02:42.655 [restartedMain] INFO  c.r.RuoYiApplication - [logStarting,55] - Starting RuoYiApplication using Java 21.0.2 on 楼台 with PID 16164 (D:\各种作业\ruo\RuoYi-Vue-v3.9.1\ruoyi-admin\target\classes started by 罗 in D:\各种作业\ruo)
18:02:42.656 [restartedMain] INFO  c.r.RuoYiApplication - [logStartupProfileInfo,686] - The following 1 profile is active: "druid"
18:02:43.955 [restartedMain] INFO  o.a.c.h.Http11NioProtocol - [log,168] - Initializing ProtocolHandler ["http-nio-8080"]
18:02:43.956 [restartedMain] INFO  o.a.c.c.StandardService - [log,168] - Starting service [Tomcat]
18:02:43.956 [restartedMain] INFO  o.a.c.c.StandardEngine - [log,168] - Starting Servlet engine: [Apache Tomcat/9.0.112]
18:02:43.987 [restartedMain] INFO  o.a.c.c.C.[.[.[/] - [log,168] - Initializing Spring embedded WebApplicationContext
18:02:44.211 [restartedMain] INFO  o.j.c.c.c.WebXmlConfigurationStrategyImpl - [get,43] - Property [serverName] loaded from FilterConfig.getInitParameter with value [http://localhost:8080]
18:02:44.211 [restartedMain] INFO  o.j.c.c.c.WebXmlConfigurationStrategyImpl - [get,43] - Property [redirectAfterValidation] loaded from FilterConfig.getInitParameter with value [false]
18:02:44.211 [restartedMain] INFO  o.j.c.c.c.WebXmlConfigurationStrategyImpl - [get,43] - Property [casServerUrlPrefix] loaded from FilterConfig.getInitParameter with value [https://csxrz.cqnu.edu.cn/cas]
18:02:48.052 [restartedMain] INFO  c.a.d.p.DruidDataSource - [init,865] - {dataSource-13} inited
18:02:49.715 [restartedMain] INFO  o.q.i.StdSchedulerFactory - [instantiate,1220] - Using default implementation for ThreadExecutor
18:02:49.718 [restartedMain] INFO  o.q.c.SchedulerSignalerImpl - [<init>,61] - Initialized Scheduler Signaller of type: class org.quartz.core.SchedulerSignalerImpl
18:02:49.718 [restartedMain] INFO  o.q.c.QuartzScheduler - [<init>,229] - Quartz Scheduler v.2.3.2 created.
18:02:49.718 [restartedMain] INFO  o.q.c.QuartzScheduler - [initialize,294] - Scheduler meta-data: Quartz Scheduler (v2.3.2) 'RuoyiScheduler' with instanceId '楼台1775728969716'
  Scheduler class: 'org.quartz.core.QuartzScheduler' - running locally.
  NOT STARTED.
  Currently in standby mode.
  Number of jobs executed: 0
  Using thread pool 'org.quartz.simpl.SimpleThreadPool' - with 20 threads.
  Using job-store 'org.springframework.scheduling.quartz.LocalDataSourceJobStore' - which supports persistence. and is clustered.

18:02:49.719 [restartedMain] INFO  o.q.i.StdSchedulerFactory - [instantiate,1374] - Quartz scheduler 'RuoyiScheduler' initialized from an externally provided properties instance.
18:02:49.719 [restartedMain] INFO  o.q.i.StdSchedulerFactory - [instantiate,1378] - Quartz scheduler version: 2.3.2
18:02:49.719 [restartedMain] INFO  o.q.c.QuartzScheduler - [setJobFactory,2293] - JobFactory set to: org.springframework.scheduling.quartz.AdaptableJobFactory@6d5e3dcf
18:02:58.589 [restartedMain] INFO  o.a.c.h.Http11NioProtocol - [log,168] - Starting ProtocolHandler ["http-nio-8080"]
18:02:58.746 [restartedMain] INFO  c.r.RuoYiApplication - [logStarted,61] - Started RuoYiApplication in 16.195 seconds (JVM running for 2749.277)
18:03:00.446 [Quartz Scheduler [RuoyiScheduler]] INFO  o.q.c.QuartzScheduler - [start,547] - Scheduler RuoyiScheduler_$_楼台1775728969716 started.
18:04:05.642 [http-nio-8080-exec-1] INFO  o.a.c.c.C.[.[.[/] - [log,168] - Initializing Spring DispatcherServlet 'dispatcherServlet'
19:02:09.468 [Druid-ConnectionPool-Create-227608654] INFO  c.a.d.p.DruidAbstractDataSource - [setFailContinuous,1908] - {dataSource-13} failContinuous is true
19:02:10.452 [Druid-ConnectionPool-Create-227608654] INFO  c.a.d.p.DruidAbstractDataSource - [setFailContinuous,1913] - {dataSource-13} failContinuous is false
19:05:15.724 [schedule-pool-1] INFO  sys-user - [run,59] - [127.0.0.1]内网IP[admin][Success][登录成功]
19:05:16.326 [schedule-pool-1] INFO  n.b.p.u.u.YauaaVersion - [logVersion,104] - Yauaa 7.32.0 (v7.32.0 @ 2025-10-11T16:29:46Z)
19:05:16.697 [schedule-pool-1] INFO  n.b.p.u.c.ConfigLoader - [loadResources,310] - - Loaded 119 files in  357 ms using expression: classpath*:UserAgents/**/*.yaml
19:05:18.698 [schedule-pool-1] INFO  n.b.p.u.a.UserAgentStringMatchMaker - [finalizeLoadingRules,282] - Building all needed matchers for the requested 11 fields.
19:05:18.769 [http-nio-8080-exec-60] INFO  n.b.p.u.a.UserAgentStringMatchMaker - [initializeMatchers,336] - Initializing Analyzer data structures
19:05:20.190 [http-nio-8080-exec-60] INFO  n.b.p.u.a.UserAgentStringMatchMaker - [initializeMatchers,347] - Built in 1420 msec : Hashmap 197922, Ranges map:2964
19:10:52.979 [Thread-95] INFO  o.q.c.QuartzScheduler - [standby,585] - Scheduler RuoyiScheduler_$_楼台1775728969716 paused.
19:10:53.051 [Thread-95] INFO  o.q.c.QuartzScheduler - [shutdown,666] - Scheduler RuoyiScheduler_$_楼台1775728969716 shutting down.
19:10:53.052 [Thread-95] INFO  o.q.c.QuartzScheduler - [standby,585] - Scheduler RuoyiScheduler_$_楼台1775728969716 paused.
19:10:53.053 [Thread-95] INFO  o.q.c.QuartzScheduler - [shutdown,740] - Scheduler RuoyiScheduler_$_楼台1775728969716 shutdown complete.
19:10:53.055 [Thread-95] INFO  sys-user - [shutdownAsyncManager,31] - ====关闭后台任务任务线程池====
19:10:53.065 [Thread-95] INFO  c.a.d.p.DruidDataSource - [close,2083] - {dataSource-13} closing ...
19:10:53.068 [Thread-95] INFO  c.a.d.p.DruidDataSource - [close,2156] - {dataSource-13} closed
19:10:54.006 [restartedMain] INFO  c.r.RuoYiApplication - [logStarting,55] - Starting RuoYiApplication using Java 21.0.2 on 楼台 with PID 16164 (D:\各种作业\ruo\RuoYi-Vue-v3.9.1\ruoyi-admin\target\classes started by 罗 in D:\各种作业\ruo)
19:10:54.007 [restartedMain] INFO  c.r.RuoYiApplication - [logStartupProfileInfo,686] - The following 1 profile is active: "druid"
19:10:58.113 [restartedMain] INFO  o.a.c.h.Http11NioProtocol - [log,168] - Initializing ProtocolHandler ["http-nio-8080"]
19:10:58.114 [restartedMain] INFO  o.a.c.c.StandardService - [log,168] - Starting service [Tomcat]
19:10:58.115 [restartedMain] INFO  o.a.c.c.StandardEngine - [log,168] - Starting Servlet engine: [Apache Tomcat/9.0.112]
19:10:58.199 [restartedMain] INFO  o.a.c.c.C.[.[.[/] - [log,168] - Initializing Spring embedded WebApplicationContext
19:10:58.984 [restartedMain] INFO  o.j.c.c.c.WebXmlConfigurationStrategyImpl - [get,43] - Property [serverName] loaded from FilterConfig.getInitParameter with value [http://localhost:8080]
19:10:58.985 [restartedMain] INFO  o.j.c.c.c.WebXmlConfigurationStrategyImpl - [get,43] - Property [redirectAfterValidation] loaded from FilterConfig.getInitParameter with value [false]
19:10:58.985 [restartedMain] INFO  o.j.c.c.c.WebXmlConfigurationStrategyImpl - [get,43] - Property [casServerUrlPrefix] loaded from FilterConfig.getInitParameter with value [https://csxrz.cqnu.edu.cn/cas]
19:11:02.255 [restartedMain] INFO  c.a.d.p.DruidDataSource - [init,865] - {dataSource-14} inited
19:11:07.616 [restartedMain] INFO  o.q.i.StdSchedulerFactory - [instantiate,1220] - Using default implementation for ThreadExecutor
19:11:07.620 [restartedMain] INFO  o.q.c.SchedulerSignalerImpl - [<init>,61] - Initialized Scheduler Signaller of type: class org.quartz.core.SchedulerSignalerImpl
19:11:07.622 [restartedMain] INFO  o.q.c.QuartzScheduler - [<init>,229] - Quartz Scheduler v.2.3.2 created.
19:11:07.622 [restartedMain] INFO  o.q.c.QuartzScheduler - [initialize,294] - Scheduler meta-data: Quartz Scheduler (v2.3.2) 'RuoyiScheduler' with instanceId '楼台1775733067617'
  Scheduler class: 'org.quartz.core.QuartzScheduler' - running locally.
  NOT STARTED.
  Currently in standby mode.
  Number of jobs executed: 0
  Using thread pool 'org.quartz.simpl.SimpleThreadPool' - with 20 threads.
  Using job-store 'org.springframework.scheduling.quartz.LocalDataSourceJobStore' - which supports persistence. and is clustered.

19:11:07.622 [restartedMain] INFO  o.q.i.StdSchedulerFactory - [instantiate,1374] - Quartz scheduler 'RuoyiScheduler' initialized from an externally provided properties instance.
19:11:07.622 [restartedMain] INFO  o.q.i.StdSchedulerFactory - [instantiate,1378] - Quartz scheduler version: 2.3.2
19:11:07.623 [restartedMain] INFO  o.q.c.QuartzScheduler - [setJobFactory,2293] - JobFactory set to: org.springframework.scheduling.quartz.AdaptableJobFactory@693c9897
19:11:18.088 [restartedMain] INFO  o.a.c.h.Http11NioProtocol - [log,168] - Starting ProtocolHandler ["http-nio-8080"]
19:11:18.599 [restartedMain] INFO  c.r.RuoYiApplication - [logStarted,61] - Started RuoYiApplication in 24.909 seconds (JVM running for 6852.905)
19:11:20.093 [Quartz Scheduler [RuoyiScheduler]] INFO  o.q.c.QuartzScheduler - [start,547] - Scheduler RuoyiScheduler_$_楼台1775733067617 started.
19:11:34.991 [http-nio-8080-exec-1] INFO  o.a.c.c.C.[.[.[/] - [log,168] - Initializing Spring DispatcherServlet 'dispatcherServlet'
19:11:49.473 [SpringApplicationShutdownHook] INFO  o.q.c.QuartzScheduler - [standby,585] - Scheduler RuoyiScheduler_$_楼台1775733067617 paused.
19:11:49.501 [SpringApplicationShutdownHook] INFO  o.q.c.QuartzScheduler - [shutdown,666] - Scheduler RuoyiScheduler_$_楼台1775733067617 shutting down.
19:11:49.502 [SpringApplicationShutdownHook] INFO  o.q.c.QuartzScheduler - [standby,585] - Scheduler RuoyiScheduler_$_楼台1775733067617 paused.
19:11:49.502 [SpringApplicationShutdownHook] INFO  o.q.c.QuartzScheduler - [shutdown,740] - Scheduler RuoyiScheduler_$_楼台1775733067617 shutdown complete.
19:11:49.502 [SpringApplicationShutdownHook] INFO  sys-user - [shutdownAsyncManager,31] - ====关闭后台任务任务线程池====
19:11:49.507 [SpringApplicationShutdownHook] INFO  c.a.d.p.DruidDataSource - [close,2083] - {dataSource-14} closing ...
19:11:49.508 [SpringApplicationShutdownHook] INFO  c.a.d.p.DruidDataSource - [close,2156] - {dataSource-14} closed
19:11:55.565 [restartedMain] INFO  c.r.RuoYiApplication - [logStarting,55] - Starting RuoYiApplication using Java 21.0.2 on 楼台 with PID 30232 (D:\各种作业\ruo\RuoYi-Vue-v3.9.1\ruoyi-admin\target\classes started by 罗 in D:\各种作业\ruo)
19:11:55.568 [background-preinit] INFO  o.h.v.i.util.Version - [<clinit>,21] - HV000001: Hibernate Validator 6.2.5.Final
19:11:55.569 [restartedMain] INFO  c.r.RuoYiApplication - [logStartupProfileInfo,686] - The following 1 profile is active: "druid"
19:11:58.543 [restartedMain] INFO  o.a.c.h.Http11NioProtocol - [log,168] - Initializing ProtocolHandler ["http-nio-8080"]
19:11:58.545 [restartedMain] INFO  o.a.c.c.StandardService - [log,168] - Starting service [Tomcat]
19:11:58.545 [restartedMain] INFO  o.a.c.c.StandardEngine - [log,168] - Starting Servlet engine: [Apache Tomcat/9.0.112]
19:11:58.649 [restartedMain] INFO  o.a.c.c.C.[.[.[/] - [log,168] - Initializing Spring embedded WebApplicationContext
19:11:59.311 [restartedMain] INFO  o.j.c.c.c.WebXmlConfigurationStrategyImpl - [get,43] - Property [serverName] loaded from FilterConfig.getInitParameter with value [http://localhost:8080]
19:11:59.316 [restartedMain] INFO  o.j.c.c.c.WebXmlConfigurationStrategyImpl - [get,43] - Property [redirectAfterValidation] loaded from FilterConfig.getInitParameter with value [false]
19:11:59.316 [restartedMain] INFO  o.j.c.c.c.WebXmlConfigurationStrategyImpl - [get,43] - Property [casServerUrlPrefix] loaded from FilterConfig.getInitParameter with value [https://csxrz.cqnu.edu.cn/cas]
19:12:02.188 [restartedMain] INFO  c.a.d.p.DruidDataSource - [init,865] - {dataSource-1} inited
19:12:04.683 [restartedMain] INFO  o.q.i.StdSchedulerFactory - [instantiate,1220] - Using default implementation for ThreadExecutor
19:12:04.694 [restartedMain] INFO  o.q.c.SchedulerSignalerImpl - [<init>,61] - Initialized Scheduler Signaller of type: class org.quartz.core.SchedulerSignalerImpl
19:12:04.694 [restartedMain] INFO  o.q.c.QuartzScheduler - [<init>,229] - Quartz Scheduler v.2.3.2 created.
19:12:04.699 [restartedMain] INFO  o.q.c.QuartzScheduler - [initialize,294] - Scheduler meta-data: Quartz Scheduler (v2.3.2) 'RuoyiScheduler' with instanceId '楼台1775733124686'
  Scheduler class: 'org.quartz.core.QuartzScheduler' - running locally.
  NOT STARTED.
  Currently in standby mode.
  Number of jobs executed: 0
  Using thread pool 'org.quartz.simpl.SimpleThreadPool' - with 20 threads.
  Using job-store 'org.springframework.scheduling.quartz.LocalDataSourceJobStore' - which supports persistence. and is clustered.

19:12:04.699 [restartedMain] INFO  o.q.i.StdSchedulerFactory - [instantiate,1374] - Quartz scheduler 'RuoyiScheduler' initialized from an externally provided properties instance.
19:12:04.699 [restartedMain] INFO  o.q.i.StdSchedulerFactory - [instantiate,1378] - Quartz scheduler version: 2.3.2
19:12:04.701 [restartedMain] INFO  o.q.c.QuartzScheduler - [setJobFactory,2293] - JobFactory set to: org.springframework.scheduling.quartz.AdaptableJobFactory@52415f06
19:12:13.356 [restartedMain] INFO  o.a.c.h.Http11NioProtocol - [log,168] - Starting ProtocolHandler ["http-nio-8080"]
19:12:13.648 [restartedMain] INFO  c.r.RuoYiApplication - [logStarted,61] - Started RuoYiApplication in 18.636 seconds (JVM running for 20.297)
19:12:15.268 [Quartz Scheduler [RuoyiScheduler]] INFO  o.q.c.QuartzScheduler - [start,547] - Scheduler RuoyiScheduler_$_楼台1775733124686 started.
19:12:31.985 [http-nio-8080-exec-1] INFO  o.a.c.c.C.[.[.[/] - [log,168] - Initializing Spring DispatcherServlet 'dispatcherServlet'
19:33:10.738 [Thread-5] INFO  o.q.c.QuartzScheduler - [standby,585] - Scheduler RuoyiScheduler_$_楼台1775733124686 paused.
19:33:11.314 [Thread-5] INFO  o.q.c.QuartzScheduler - [shutdown,666] - Scheduler RuoyiScheduler_$_楼台1775733124686 shutting down.
19:33:11.315 [Thread-5] INFO  o.q.c.QuartzScheduler - [standby,585] - Scheduler RuoyiScheduler_$_楼台1775733124686 paused.
19:33:11.318 [Thread-5] INFO  o.q.c.QuartzScheduler - [shutdown,740] - Scheduler RuoyiScheduler_$_楼台1775733124686 shutdown complete.
19:33:11.325 [Thread-5] INFO  sys-user - [shutdownAsyncManager,31] - ====关闭后台任务任务线程池====
19:33:11.353 [Thread-5] INFO  c.a.d.p.DruidDataSource - [close,2083] - {dataSource-1} closing ...
19:33:11.402 [Thread-5] INFO  c.a.d.p.DruidDataSource - [close,2156] - {dataSource-1} closed
19:33:12.673 [restartedMain] INFO  c.r.RuoYiApplication - [logStarting,55] - Starting RuoYiApplication using Java 21.0.2 on 楼台 with PID 30232 (D:\各种作业\ruo\RuoYi-Vue-v3.9.1\ruoyi-admin\target\classes started by 罗 in D:\各种作业\ruo)
19:33:12.673 [restartedMain] INFO  c.r.RuoYiApplication - [logStartupProfileInfo,686] - The following 1 profile is active: "druid"
19:33:18.568 [restartedMain] INFO  o.a.c.h.Http11NioProtocol - [log,168] - Initializing ProtocolHandler ["http-nio-8080"]
19:33:18.569 [restartedMain] INFO  o.a.c.c.StandardService - [log,168] - Starting service [Tomcat]
19:33:18.569 [restartedMain] INFO  o.a.c.c.StandardEngine - [log,168] - Starting Servlet engine: [Apache Tomcat/9.0.112]
19:33:18.699 [restartedMain] INFO  o.a.c.c.C.[.[.[/] - [log,168] - Initializing Spring embedded WebApplicationContext
19:33:19.719 [restartedMain] INFO  o.j.c.c.c.WebXmlConfigurationStrategyImpl - [get,43] - Property [serverName] loaded from FilterConfig.getInitParameter with value [http://localhost:8080]
19:33:19.722 [restartedMain] INFO  o.j.c.c.c.WebXmlConfigurationStrategyImpl - [get,43] - Property [redirectAfterValidation] loaded from FilterConfig.getInitParameter with value [false]
19:33:19.722 [restartedMain] INFO  o.j.c.c.c.WebXmlConfigurationStrategyImpl - [get,43] - Property [casServerUrlPrefix] loaded from FilterConfig.getInitParameter with value [https://csxrz.cqnu.edu.cn/cas]
19:33:23.167 [restartedMain] INFO  c.a.d.p.DruidDataSource - [init,865] - {dataSource-2} inited
19:33:28.700 [restartedMain] INFO  o.q.i.StdSchedulerFactory - [instantiate,1220] - Using default implementation for ThreadExecutor
19:33:28.713 [restartedMain] INFO  o.q.c.SchedulerSignalerImpl - [<init>,61] - Initialized Scheduler Signaller of type: class org.quartz.core.SchedulerSignalerImpl
19:33:28.714 [restartedMain] INFO  o.q.c.QuartzScheduler - [<init>,229] - Quartz Scheduler v.2.3.2 created.
19:33:28.714 [restartedMain] INFO  o.q.c.QuartzScheduler - [initialize,294] - Scheduler meta-data: Quartz Scheduler (v2.3.2) 'RuoyiScheduler' with instanceId '楼台1775734408702'
  Scheduler class: 'org.quartz.core.QuartzScheduler' - running locally.
  NOT STARTED.
  Currently in standby mode.
  Number of jobs executed: 0
  Using thread pool 'org.quartz.simpl.SimpleThreadPool' - with 20 threads.
  Using job-store 'org.springframework.scheduling.quartz.LocalDataSourceJobStore' - which supports persistence. and is clustered.

19:33:28.714 [restartedMain] INFO  o.q.i.StdSchedulerFactory - [instantiate,1374] - Quartz scheduler 'RuoyiScheduler' initialized from an externally provided properties instance.
19:33:28.716 [restartedMain] INFO  o.q.i.StdSchedulerFactory - [instantiate,1378] - Quartz scheduler version: 2.3.2
19:33:28.716 [restartedMain] INFO  o.q.c.QuartzScheduler - [setJobFactory,2293] - JobFactory set to: org.springframework.scheduling.quartz.AdaptableJobFactory@3507ecab
19:33:39.362 [restartedMain] INFO  o.a.c.h.Http11NioProtocol - [log,168] - Starting ProtocolHandler ["http-nio-8080"]
19:33:39.965 [restartedMain] INFO  c.r.RuoYiApplication - [logStarted,61] - Started RuoYiApplication in 27.666 seconds (JVM running for 1306.614)
19:33:41.604 [Quartz Scheduler [RuoyiScheduler]] INFO  o.q.c.QuartzScheduler - [start,547] - Scheduler RuoyiScheduler_$_楼台1775734408702 started.
19:36:42.187 [http-nio-8080-exec-1] INFO  o.a.c.c.C.[.[.[/] - [log,168] - Initializing Spring DispatcherServlet 'dispatcherServlet'
19:37:33.768 [SpringApplicationShutdownHook] INFO  o.q.c.QuartzScheduler - [standby,585] - Scheduler RuoyiScheduler_$_楼台1775734408702 paused.
19:37:33.788 [SpringApplicationShutdownHook] INFO  o.q.c.QuartzScheduler - [shutdown,666] - Scheduler RuoyiScheduler_$_楼台1775734408702 shutting down.
19:37:33.788 [SpringApplicationShutdownHook] INFO  o.q.c.QuartzScheduler - [standby,585] - Scheduler RuoyiScheduler_$_楼台1775734408702 paused.
19:37:33.790 [SpringApplicationShutdownHook] INFO  o.q.c.QuartzScheduler - [shutdown,740] - Scheduler RuoyiScheduler_$_楼台1775734408702 shutdown complete.
19:37:33.790 [SpringApplicationShutdownHook] INFO  sys-user - [shutdownAsyncManager,31] - ====关闭后台任务任务线程池====
19:37:33.795 [SpringApplicationShutdownHook] INFO  c.a.d.p.DruidDataSource - [close,2083] - {dataSource-2} closing ...
19:37:33.795 [SpringApplicationShutdownHook] INFO  c.a.d.p.DruidDataSource - [close,2156] - {dataSource-2} closed
19:37:42.302 [restartedMain] INFO  c.r.RuoYiApplication - [logStarting,55] - Starting RuoYiApplication using Java 21.0.2 on 楼台 with PID 39032 (D:\各种作业\ruo\RuoYi-Vue-v3.9.1\ruoyi-admin\target\classes started by 罗 in D:\各种作业\ruo)
19:37:42.305 [restartedMain] INFO  c.r.RuoYiApplication - [logStartupProfileInfo,686] - The following 1 profile is active: "druid"
19:37:42.326 [background-preinit] INFO  o.h.v.i.util.Version - [<clinit>,21] - HV000001: Hibernate Validator 6.2.5.Final
19:37:45.288 [restartedMain] INFO  o.a.c.h.Http11NioProtocol - [log,168] - Initializing ProtocolHandler ["http-nio-8080"]
19:37:45.289 [restartedMain] INFO  o.a.c.c.StandardService - [log,168] - Starting service [Tomcat]
19:37:45.289 [restartedMain] INFO  o.a.c.c.StandardEngine - [log,168] - Starting Servlet engine: [Apache Tomcat/9.0.112]
19:37:45.383 [restartedMain] INFO  o.a.c.c.C.[.[.[/] - [log,168] - Initializing Spring embedded WebApplicationContext
19:37:46.071 [restartedMain] INFO  o.j.c.c.c.WebXmlConfigurationStrategyImpl - [get,43] - Property [serverName] loaded from FilterConfig.getInitParameter with value [http://localhost:8080]
19:37:46.073 [restartedMain] INFO  o.j.c.c.c.WebXmlConfigurationStrategyImpl - [get,43] - Property [redirectAfterValidation] loaded from FilterConfig.getInitParameter with value [false]
19:37:46.075 [restartedMain] INFO  o.j.c.c.c.WebXmlConfigurationStrategyImpl - [get,43] - Property [casServerUrlPrefix] loaded from FilterConfig.getInitParameter with value [https://csxrz.cqnu.edu.cn/cas]
19:37:49.122 [restartedMain] INFO  c.a.d.p.DruidDataSource - [init,865] - {dataSource-1} inited
19:37:52.322 [restartedMain] INFO  o.q.i.StdSchedulerFactory - [instantiate,1220] - Using default implementation for ThreadExecutor
19:37:52.343 [restartedMain] INFO  o.q.c.SchedulerSignalerImpl - [<init>,61] - Initialized Scheduler Signaller of type: class org.quartz.core.SchedulerSignalerImpl
19:37:52.343 [restartedMain] INFO  o.q.c.QuartzScheduler - [<init>,229] - Quartz Scheduler v.2.3.2 created.
19:37:52.349 [restartedMain] INFO  o.q.c.QuartzScheduler - [initialize,294] - Scheduler meta-data: Quartz Scheduler (v2.3.2) 'RuoyiScheduler' with instanceId '楼台1775734672327'
  Scheduler class: 'org.quartz.core.QuartzScheduler' - running locally.
  NOT STARTED.
  Currently in standby mode.
  Number of jobs executed: 0
  Using thread pool 'org.quartz.simpl.SimpleThreadPool' - with 20 threads.
  Using job-store 'org.springframework.scheduling.quartz.LocalDataSourceJobStore' - which supports persistence. and is clustered.

19:37:52.349 [restartedMain] INFO  o.q.i.StdSchedulerFactory - [instantiate,1374] - Quartz scheduler 'RuoyiScheduler' initialized from an externally provided properties instance.
19:37:52.350 [restartedMain] INFO  o.q.i.StdSchedulerFactory - [instantiate,1378] - Quartz scheduler version: 2.3.2
19:37:52.353 [restartedMain] INFO  o.q.c.QuartzScheduler - [setJobFactory,2293] - JobFactory set to: org.springframework.scheduling.quartz.AdaptableJobFactory@74e4bcec
19:38:00.538 [restartedMain] INFO  o.a.c.h.Http11NioProtocol - [log,168] - Starting ProtocolHandler ["http-nio-8080"]
19:38:00.813 [restartedMain] INFO  c.r.RuoYiApplication - [logStarted,61] - Started RuoYiApplication in 18.952 seconds (JVM running for 20.033)
19:38:02.348 [Quartz Scheduler [RuoyiScheduler]] INFO  o.q.c.QuartzScheduler - [start,547] - Scheduler RuoyiScheduler_$_楼台1775734672327 started.
19:38:29.770 [http-nio-8080-exec-1] INFO  o.a.c.c.C.[.[.[/] - [log,168] - Initializing Spring DispatcherServlet 'dispatcherServlet'
19:39:07.833 [Thread-5] INFO  o.q.c.QuartzScheduler - [standby,585] - Scheduler RuoyiScheduler_$_楼台1775734672327 paused.
19:39:07.941 [Thread-5] INFO  o.q.c.QuartzScheduler - [shutdown,666] - Scheduler RuoyiScheduler_$_楼台1775734672327 shutting down.
19:39:07.941 [Thread-5] INFO  o.q.c.QuartzScheduler - [standby,585] - Scheduler RuoyiScheduler_$_楼台1775734672327 paused.
19:39:07.942 [Thread-5] INFO  o.q.c.QuartzScheduler - [shutdown,740] - Scheduler RuoyiScheduler_$_楼台1775734672327 shutdown complete.
19:39:07.943 [Thread-5] INFO  sys-user - [shutdownAsyncManager,31] - ====关闭后台任务任务线程池====
19:39:07.956 [Thread-5] INFO  c.a.d.p.DruidDataSource - [close,2083] - {dataSource-1} closing ...
19:39:07.981 [Thread-5] INFO  c.a.d.p.DruidDataSource - [close,2156] - {dataSource-1} closed
19:39:08.612 [restartedMain] INFO  c.r.RuoYiApplication - [logStarting,55] - Starting RuoYiApplication using Java 21.0.2 on 楼台 with PID 39032 (D:\各种作业\ruo\RuoYi-Vue-v3.9.1\ruoyi-admin\target\classes started by 罗 in D:\各种作业\ruo)
19:39:08.613 [restartedMain] INFO  c.r.RuoYiApplication - [logStartupProfileInfo,686] - The following 1 profile is active: "druid"
19:39:13.030 [restartedMain] INFO  o.a.c.h.Http11NioProtocol - [log,168] - Initializing ProtocolHandler ["http-nio-8080"]
19:39:13.031 [restartedMain] INFO  o.a.c.c.StandardService - [log,168] - Starting service [Tomcat]
19:39:13.031 [restartedMain] INFO  o.a.c.c.StandardEngine - [log,168] - Starting Servlet engine: [Apache Tomcat/9.0.112]
19:39:13.142 [restartedMain] INFO  o.a.c.c.C.[.[.[/] - [log,168] - Initializing Spring embedded WebApplicationContext
19:39:14.008 [restartedMain] INFO  o.j.c.c.c.WebXmlConfigurationStrategyImpl - [get,43] - Property [serverName] loaded from FilterConfig.getInitParameter with value [http://localhost:8080]
19:39:14.008 [restartedMain] INFO  o.j.c.c.c.WebXmlConfigurationStrategyImpl - [get,43] - Property [redirectAfterValidation] loaded from FilterConfig.getInitParameter with value [false]
19:39:14.009 [restartedMain] INFO  o.j.c.c.c.WebXmlConfigurationStrategyImpl - [get,43] - Property [casServerUrlPrefix] loaded from FilterConfig.getInitParameter with value [https://csxrz.cqnu.edu.cn/cas]
19:39:18.559 [restartedMain] INFO  c.a.d.p.DruidDataSource - [init,865] - {dataSource-2} inited
19:39:20.135 [restartedMain] INFO  o.q.i.StdSchedulerFactory - [instantiate,1220] - Using default implementation for ThreadExecutor
19:39:20.138 [restartedMain] INFO  o.q.c.SchedulerSignalerImpl - [<init>,61] - Initialized Scheduler Signaller of type: class org.quartz.core.SchedulerSignalerImpl
19:39:20.138 [restartedMain] INFO  o.q.c.QuartzScheduler - [<init>,229] - Quartz Scheduler v.2.3.2 created.
19:39:20.138 [restartedMain] INFO  o.q.c.QuartzScheduler - [initialize,294] - Scheduler meta-data: Quartz Scheduler (v2.3.2) 'RuoyiScheduler' with instanceId '楼台1775734760137'
  Scheduler class: 'org.quartz.core.QuartzScheduler' - running locally.
  NOT STARTED.
  Currently in standby mode.
  Number of jobs executed: 0
  Using thread pool 'org.quartz.simpl.SimpleThreadPool' - with 20 threads.
  Using job-store 'org.springframework.scheduling.quartz.LocalDataSourceJobStore' - which supports persistence. and is clustered.

19:39:20.138 [restartedMain] INFO  o.q.i.StdSchedulerFactory - [instantiate,1374] - Quartz scheduler 'RuoyiScheduler' initialized from an externally provided properties instance.
19:39:20.140 [restartedMain] INFO  o.q.i.StdSchedulerFactory - [instantiate,1378] - Quartz scheduler version: 2.3.2
19:39:20.140 [restartedMain] INFO  o.q.c.QuartzScheduler - [setJobFactory,2293] - JobFactory set to: org.springframework.scheduling.quartz.AdaptableJobFactory@4e8260b9
19:39:28.247 [restartedMain] INFO  c.r.RuoYiApplication - [logStarted,61] - Started RuoYiApplication in 19.828 seconds (JVM running for 107.467)
19:39:28.268 [SpringApplicationShutdownHook] INFO  o.q.c.QuartzScheduler - [shutdown,666] - Scheduler RuoyiScheduler_$_楼台1775734760137 shutting down.
19:39:28.268 [SpringApplicationShutdownHook] INFO  o.q.c.QuartzScheduler - [standby,585] - Scheduler RuoyiScheduler_$_楼台1775734760137 paused.
19:39:28.268 [SpringApplicationShutdownHook] INFO  o.q.c.QuartzScheduler - [shutdown,740] - Scheduler RuoyiScheduler_$_楼台1775734760137 shutdown complete.
19:39:28.268 [SpringApplicationShutdownHook] INFO  sys-user - [shutdownAsyncManager,31] - ====关闭后台任务任务线程池====
19:39:28.272 [SpringApplicationShutdownHook] INFO  c.a.d.p.DruidDataSource - [close,2083] - {dataSource-2} closing ...
19:39:28.272 [SpringApplicationShutdownHook] INFO  c.a.d.p.DruidDataSource - [close,2156] - {dataSource-2} closed
19:39:34.791 [background-preinit] INFO  o.h.v.i.util.Version - [<clinit>,21] - HV000001: Hibernate Validator 6.2.5.Final
19:39:34.791 [restartedMain] INFO  c.r.RuoYiApplication - [logStarting,55] - Starting RuoYiApplication using Java 21.0.2 on 楼台 with PID 49820 (D:\各种作业\ruo\RuoYi-Vue-v3.9.1\ruoyi-admin\target\classes started by 罗 in D:\各种作业\ruo)
19:39:34.793 [restartedMain] INFO  c.r.RuoYiApplication - [logStartupProfileInfo,686] - The following 1 profile is active: "druid"
19:39:38.038 [restartedMain] INFO  o.a.c.h.Http11NioProtocol - [log,168] - Initializing ProtocolHandler ["http-nio-8080"]
19:39:38.040 [restartedMain] INFO  o.a.c.c.StandardService - [log,168] - Starting service [Tomcat]
19:39:38.040 [restartedMain] INFO  o.a.c.c.StandardEngine - [log,168] - Starting Servlet engine: [Apache Tomcat/9.0.112]
19:39:38.172 [restartedMain] INFO  o.a.c.c.C.[.[.[/] - [log,168] - Initializing Spring embedded WebApplicationContext
19:39:38.972 [restartedMain] INFO  o.j.c.c.c.WebXmlConfigurationStrategyImpl - [get,43] - Property [serverName] loaded from FilterConfig.getInitParameter with value [http://localhost:8080]
19:39:38.975 [restartedMain] INFO  o.j.c.c.c.WebXmlConfigurationStrategyImpl - [get,43] - Property [redirectAfterValidation] loaded from FilterConfig.getInitParameter with value [false]
19:39:38.976 [restartedMain] INFO  o.j.c.c.c.WebXmlConfigurationStrategyImpl - [get,43] - Property [casServerUrlPrefix] loaded from FilterConfig.getInitParameter with value [https://csxrz.cqnu.edu.cn/cas]
19:39:41.799 [restartedMain] INFO  c.a.d.p.DruidDataSource - [init,865] - {dataSource-1} inited
19:39:44.806 [restartedMain] INFO  o.q.i.StdSchedulerFactory - [instantiate,1220] - Using default implementation for ThreadExecutor
19:39:44.820 [restartedMain] INFO  o.q.c.SchedulerSignalerImpl - [<init>,61] - Initialized Scheduler Signaller of type: class org.quartz.core.SchedulerSignalerImpl
19:39:44.820 [restartedMain] INFO  o.q.c.QuartzScheduler - [<init>,229] - Quartz Scheduler v.2.3.2 created.
19:39:44.828 [restartedMain] INFO  o.q.c.QuartzScheduler - [initialize,294] - Scheduler meta-data: Quartz Scheduler (v2.3.2) 'RuoyiScheduler' with instanceId '楼台1775734784809'
  Scheduler class: 'org.quartz.core.QuartzScheduler' - running locally.
  NOT STARTED.
  Currently in standby mode.
  Number of jobs executed: 0
  Using thread pool 'org.quartz.simpl.SimpleThreadPool' - with 20 threads.
  Using job-store 'org.springframework.scheduling.quartz.LocalDataSourceJobStore' - which supports persistence. and is clustered.

19:39:44.828 [restartedMain] INFO  o.q.i.StdSchedulerFactory - [instantiate,1374] - Quartz scheduler 'RuoyiScheduler' initialized from an externally provided properties instance.
19:39:44.828 [restartedMain] INFO  o.q.i.StdSchedulerFactory - [instantiate,1378] - Quartz scheduler version: 2.3.2
19:39:44.831 [restartedMain] INFO  o.q.c.QuartzScheduler - [setJobFactory,2293] - JobFactory set to: org.springframework.scheduling.quartz.AdaptableJobFactory@79a1d30c
19:39:53.422 [restartedMain] INFO  o.a.c.h.Http11NioProtocol - [log,168] - Starting ProtocolHandler ["http-nio-8080"]
19:39:53.691 [restartedMain] INFO  c.r.RuoYiApplication - [logStarted,61] - Started RuoYiApplication in 19.324 seconds (JVM running for 20.428)
19:39:55.222 [Quartz Scheduler [RuoyiScheduler]] INFO  o.q.c.QuartzScheduler - [start,547] - Scheduler RuoyiScheduler_$_楼台1775734784809 started.
19:40:06.093 [http-nio-8080-exec-1] INFO  o.a.c.c.C.[.[.[/] - [log,168] - Initializing Spring DispatcherServlet 'dispatcherServlet'
21:46:03.374 [Druid-ConnectionPool-Create-132617533] INFO  c.a.d.p.DruidAbstractDataSource - [setFailContinuous,1908] - {dataSource-1} failContinuous is true
