16:01:47.024 [Druid-ConnectionPool-Create-1357576936] INFO  c.a.d.p.DruidAbstractDataSource - [setFailContinuous,1913] - {dataSource-6} failContinuous is false
16:06:58.947 [SpringApplicationShutdownHook] INFO  o.q.c.QuartzScheduler - [standby,585] - Scheduler RuoyiScheduler_$_楼台1776866374940 paused.
16:06:58.993 [SpringApplicationShutdownHook] INFO  o.q.c.QuartzScheduler - [shutdown,666] - Scheduler RuoyiScheduler_$_楼台1776866374940 shutting down.
16:06:58.993 [SpringApplicationShutdownHook] INFO  o.q.c.QuartzScheduler - [standby,585] - Scheduler RuoyiScheduler_$_楼台1776866374940 paused.
16:06:58.993 [SpringApplicationShutdownHook] INFO  o.q.c.QuartzScheduler - [shutdown,740] - Scheduler RuoyiScheduler_$_楼台1776866374940 shutdown complete.
16:06:58.996 [SpringApplicationShutdownHook] INFO  sys-user - [shutdownAsyncManager,31] - ====关闭后台任务任务线程池====
16:06:58.999 [SpringApplicationShutdownHook] INFO  c.a.d.p.DruidDataSource - [close,2083] - {dataSource-6} closing ...
16:06:59.002 [SpringApplicationShutdownHook] INFO  c.a.d.p.DruidDataSource - [close,2156] - {dataSource-6} closed
16:07:01.338 [restartedMain] INFO  c.r.RuoYiApplication - [logStarting,55] - Starting RuoYiApplication using Java 21.0.2 on 楼台 with PID 36172 (D:\各种作业\ruo\RuoYi-Vue-v3.9.1\ruoyi-admin\target\classes started by 罗 in D:\各种作业\ruo)
16:07:01.341 [restartedMain] INFO  c.r.RuoYiApplication - [logStartupProfileInfo,686] - The following 1 profile is active: "druid"
16:07:01.343 [background-preinit] INFO  o.h.v.i.util.Version - [<clinit>,21] - HV000001: Hibernate Validator 6.2.5.Final
16:07:03.966 [restartedMain] INFO  o.a.c.h.Http11NioProtocol - [log,168] - Initializing ProtocolHandler ["http-nio-8080"]
16:07:03.967 [restartedMain] INFO  o.a.c.c.StandardService - [log,168] - Starting service [Tomcat]
16:07:03.967 [restartedMain] INFO  o.a.c.c.StandardEngine - [log,168] - Starting Servlet engine: [Apache Tomcat/9.0.112]
16:07:04.107 [restartedMain] INFO  o.a.c.c.C.[.[.[/] - [log,168] - Initializing Spring embedded WebApplicationContext
16:07:04.875 [restartedMain] INFO  o.j.c.c.c.WebXmlConfigurationStrategyImpl - [get,43] - Property [serverName] loaded from FilterConfig.getInitParameter with value [http://localhost:8080]
16:07:04.878 [restartedMain] INFO  o.j.c.c.c.WebXmlConfigurationStrategyImpl - [get,43] - Property [redirectAfterValidation] loaded from FilterConfig.getInitParameter with value [false]
16:07:04.878 [restartedMain] INFO  o.j.c.c.c.WebXmlConfigurationStrategyImpl - [get,43] - Property [casServerUrlPrefix] loaded from FilterConfig.getInitParameter with value [https://csxrz.cqnu.edu.cn/cas]
16:07:08.209 [restartedMain] INFO  c.a.d.p.DruidDataSource - [init,865] - {dataSource-1} inited
16:07:11.354 [restartedMain] INFO  o.q.i.StdSchedulerFactory - [instantiate,1220] - Using default implementation for ThreadExecutor
16:07:11.370 [restartedMain] INFO  o.q.c.SchedulerSignalerImpl - [<init>,61] - Initialized Scheduler Signaller of type: class org.quartz.core.SchedulerSignalerImpl
16:07:11.371 [restartedMain] INFO  o.q.c.QuartzScheduler - [<init>,229] - Quartz Scheduler v.2.3.2 created.
16:07:11.378 [restartedMain] INFO  o.q.c.QuartzScheduler - [initialize,294] - Scheduler meta-data: Quartz Scheduler (v2.3.2) 'RuoyiScheduler' with instanceId '楼台1776931631357'
  Scheduler class: 'org.quartz.core.QuartzScheduler' - running locally.
  NOT STARTED.
  Currently in standby mode.
  Number of jobs executed: 0
  Using thread pool 'org.quartz.simpl.SimpleThreadPool' - with 20 threads.
  Using job-store 'org.springframework.scheduling.quartz.LocalDataSourceJobStore' - which supports persistence. and is clustered.

16:07:11.378 [restartedMain] INFO  o.q.i.StdSchedulerFactory - [instantiate,1374] - Quartz scheduler 'RuoyiScheduler' initialized from an externally provided properties instance.
16:07:11.378 [restartedMain] INFO  o.q.i.StdSchedulerFactory - [instantiate,1378] - Quartz scheduler version: 2.3.2
16:07:11.381 [restartedMain] INFO  o.q.c.QuartzScheduler - [setJobFactory,2293] - JobFactory set to: org.springframework.scheduling.quartz.AdaptableJobFactory@5ccd5c8f
16:07:20.307 [restartedMain] INFO  o.a.c.h.Http11NioProtocol - [log,168] - Starting ProtocolHandler ["http-nio-8080"]
16:07:20.481 [restartedMain] INFO  c.r.RuoYiApplication - [logStarted,61] - Started RuoYiApplication in 19.488 seconds (JVM running for 20.362)
16:07:22.267 [Quartz Scheduler [RuoyiScheduler]] INFO  o.q.c.QuartzScheduler - [start,547] - Scheduler RuoyiScheduler_$_楼台1776931631357 started.
16:07:35.056 [http-nio-8080-exec-2] INFO  o.a.c.c.C.[.[.[/] - [log,168] - Initializing Spring DispatcherServlet 'dispatcherServlet'
16:07:43.498 [schedule-pool-1] INFO  sys-user - [run,59] - [127.0.0.1]内网IP[admin][Success][登录成功]
16:07:43.557 [schedule-pool-1] INFO  n.b.p.u.u.YauaaVersion - [logVersion,104] - Yauaa 7.32.0 (v7.32.0 @ 2025-10-11T16:29:46Z)
16:07:43.698 [schedule-pool-1] INFO  n.b.p.u.c.ConfigLoader - [loadResources,310] - - Loaded 119 files in  134 ms using expression: classpath*:UserAgents/**/*.yaml
16:07:44.993 [schedule-pool-1] INFO  n.b.p.u.a.UserAgentStringMatchMaker - [finalizeLoadingRules,282] - Building all needed matchers for the requested 11 fields.
16:07:45.044 [schedule-pool-1] INFO  n.b.p.u.a.UserAgentStringMatchMaker - [initializeMatchers,336] - Initializing Analyzer data structures
16:07:46.029 [schedule-pool-1] INFO  n.b.p.u.a.UserAgentStringMatchMaker - [initializeMatchers,347] - Built in 983 msec : Hashmap 197922, Ranges map:2964
16:17:54.769 [Thread-5] INFO  o.q.c.QuartzScheduler - [standby,585] - Scheduler RuoyiScheduler_$_楼台1776931631357 paused.
16:17:54.862 [Thread-5] INFO  o.q.c.QuartzScheduler - [shutdown,666] - Scheduler RuoyiScheduler_$_楼台1776931631357 shutting down.
16:17:54.862 [Thread-5] INFO  o.q.c.QuartzScheduler - [standby,585] - Scheduler RuoyiScheduler_$_楼台1776931631357 paused.
16:17:54.863 [Thread-5] INFO  o.q.c.QuartzScheduler - [shutdown,740] - Scheduler RuoyiScheduler_$_楼台1776931631357 shutdown complete.
16:17:54.864 [Thread-5] INFO  sys-user - [shutdownAsyncManager,31] - ====关闭后台任务任务线程池====
16:17:54.873 [Thread-5] INFO  c.a.d.p.DruidDataSource - [close,2083] - {dataSource-1} closing ...
16:17:54.897 [Thread-5] INFO  c.a.d.p.DruidDataSource - [close,2156] - {dataSource-1} closed
16:17:55.338 [restartedMain] INFO  c.r.RuoYiApplication - [logStarting,55] - Starting RuoYiApplication using Java 21.0.2 on 楼台 with PID 36172 (D:\各种作业\ruo\RuoYi-Vue-v3.9.1\ruoyi-admin\target\classes started by 罗 in D:\各种作业\ruo)
16:17:55.340 [restartedMain] INFO  c.r.RuoYiApplication - [logStartupProfileInfo,686] - The following 1 profile is active: "druid"
16:17:56.813 [restartedMain] INFO  o.a.c.h.Http11NioProtocol - [log,168] - Initializing ProtocolHandler ["http-nio-8080"]
16:17:56.814 [restartedMain] INFO  o.a.c.c.StandardService - [log,168] - Starting service [Tomcat]
16:17:56.814 [restartedMain] INFO  o.a.c.c.StandardEngine - [log,168] - Starting Servlet engine: [Apache Tomcat/9.0.112]
16:17:56.846 [restartedMain] INFO  o.a.c.c.C.[.[.[/] - [log,168] - Initializing Spring embedded WebApplicationContext
16:17:57.165 [restartedMain] INFO  o.j.c.c.c.WebXmlConfigurationStrategyImpl - [get,43] - Property [serverName] loaded from FilterConfig.getInitParameter with value [http://localhost:8080]
16:17:57.166 [restartedMain] INFO  o.j.c.c.c.WebXmlConfigurationStrategyImpl - [get,43] - Property [redirectAfterValidation] loaded from FilterConfig.getInitParameter with value [false]
16:17:57.166 [restartedMain] INFO  o.j.c.c.c.WebXmlConfigurationStrategyImpl - [get,43] - Property [casServerUrlPrefix] loaded from FilterConfig.getInitParameter with value [https://csxrz.cqnu.edu.cn/cas]
16:18:00.902 [restartedMain] INFO  c.a.d.p.DruidDataSource - [init,865] - {dataSource-2} inited
16:18:03.167 [restartedMain] INFO  o.q.i.StdSchedulerFactory - [instantiate,1220] - Using default implementation for ThreadExecutor
16:18:03.169 [restartedMain] INFO  o.q.c.SchedulerSignalerImpl - [<init>,61] - Initialized Scheduler Signaller of type: class org.quartz.core.SchedulerSignalerImpl
16:18:03.169 [restartedMain] INFO  o.q.c.QuartzScheduler - [<init>,229] - Quartz Scheduler v.2.3.2 created.
16:18:03.169 [restartedMain] INFO  o.q.c.QuartzScheduler - [initialize,294] - Scheduler meta-data: Quartz Scheduler (v2.3.2) 'RuoyiScheduler' with instanceId '楼台1776932283167'
  Scheduler class: 'org.quartz.core.QuartzScheduler' - running locally.
  NOT STARTED.
  Currently in standby mode.
  Number of jobs executed: 0
  Using thread pool 'org.quartz.simpl.SimpleThreadPool' - with 20 threads.
  Using job-store 'org.springframework.scheduling.quartz.LocalDataSourceJobStore' - which supports persistence. and is clustered.

16:18:03.169 [restartedMain] INFO  o.q.i.StdSchedulerFactory - [instantiate,1374] - Quartz scheduler 'RuoyiScheduler' initialized from an externally provided properties instance.
16:18:03.170 [restartedMain] INFO  o.q.i.StdSchedulerFactory - [instantiate,1378] - Quartz scheduler version: 2.3.2
16:18:03.170 [restartedMain] INFO  o.q.c.QuartzScheduler - [setJobFactory,2293] - JobFactory set to: org.springframework.scheduling.quartz.AdaptableJobFactory@31d0db1d
16:18:11.560 [restartedMain] INFO  c.r.RuoYiApplication - [logStarted,61] - Started RuoYiApplication in 16.327 seconds (JVM running for 671.441)
16:18:11.569 [SpringApplicationShutdownHook] INFO  o.q.c.QuartzScheduler - [shutdown,666] - Scheduler RuoyiScheduler_$_楼台1776932283167 shutting down.
16:18:11.571 [SpringApplicationShutdownHook] INFO  o.q.c.QuartzScheduler - [standby,585] - Scheduler RuoyiScheduler_$_楼台1776932283167 paused.
16:18:11.571 [SpringApplicationShutdownHook] INFO  o.q.c.QuartzScheduler - [shutdown,740] - Scheduler RuoyiScheduler_$_楼台1776932283167 shutdown complete.
16:18:11.571 [SpringApplicationShutdownHook] INFO  sys-user - [shutdownAsyncManager,31] - ====关闭后台任务任务线程池====
16:18:11.573 [SpringApplicationShutdownHook] INFO  c.a.d.p.DruidDataSource - [close,2083] - {dataSource-2} closing ...
16:18:11.573 [SpringApplicationShutdownHook] INFO  c.a.d.p.DruidDataSource - [close,2156] - {dataSource-2} closed
16:18:15.295 [restartedMain] INFO  c.r.RuoYiApplication - [logStarting,55] - Starting RuoYiApplication using Java 21.0.2 on 楼台 with PID 26280 (D:\各种作业\ruo\RuoYi-Vue-v3.9.1\ruoyi-admin\target\classes started by 罗 in D:\各种作业\ruo)
16:18:15.297 [restartedMain] INFO  c.r.RuoYiApplication - [logStartupProfileInfo,686] - The following 1 profile is active: "druid"
16:18:15.301 [background-preinit] INFO  o.h.v.i.util.Version - [<clinit>,21] - HV000001: Hibernate Validator 6.2.5.Final
16:18:17.192 [restartedMain] INFO  o.a.c.h.Http11NioProtocol - [log,168] - Initializing ProtocolHandler ["http-nio-8080"]
16:18:17.193 [restartedMain] INFO  o.a.c.c.StandardService - [log,168] - Starting service [Tomcat]
16:18:17.193 [restartedMain] INFO  o.a.c.c.StandardEngine - [log,168] - Starting Servlet engine: [Apache Tomcat/9.0.112]
16:18:17.268 [restartedMain] INFO  o.a.c.c.C.[.[.[/] - [log,168] - Initializing Spring embedded WebApplicationContext
16:18:17.745 [restartedMain] INFO  o.j.c.c.c.WebXmlConfigurationStrategyImpl - [get,43] - Property [serverName] loaded from FilterConfig.getInitParameter with value [http://localhost:8080]
16:18:17.747 [restartedMain] INFO  o.j.c.c.c.WebXmlConfigurationStrategyImpl - [get,43] - Property [redirectAfterValidation] loaded from FilterConfig.getInitParameter with value [false]
16:18:17.747 [restartedMain] INFO  o.j.c.c.c.WebXmlConfigurationStrategyImpl - [get,43] - Property [casServerUrlPrefix] loaded from FilterConfig.getInitParameter with value [https://csxrz.cqnu.edu.cn/cas]
16:18:21.363 [restartedMain] INFO  c.a.d.p.DruidDataSource - [init,865] - {dataSource-1} inited
16:18:23.235 [restartedMain] INFO  o.q.i.StdSchedulerFactory - [instantiate,1220] - Using default implementation for ThreadExecutor
16:18:23.245 [restartedMain] INFO  o.q.c.SchedulerSignalerImpl - [<init>,61] - Initialized Scheduler Signaller of type: class org.quartz.core.SchedulerSignalerImpl
16:18:23.245 [restartedMain] INFO  o.q.c.QuartzScheduler - [<init>,229] - Quartz Scheduler v.2.3.2 created.
16:18:23.250 [restartedMain] INFO  o.q.c.QuartzScheduler - [initialize,294] - Scheduler meta-data: Quartz Scheduler (v2.3.2) 'RuoyiScheduler' with instanceId '楼台1776932303238'
  Scheduler class: 'org.quartz.core.QuartzScheduler' - running locally.
  NOT STARTED.
  Currently in standby mode.
  Number of jobs executed: 0
  Using thread pool 'org.quartz.simpl.SimpleThreadPool' - with 20 threads.
  Using job-store 'org.springframework.scheduling.quartz.LocalDataSourceJobStore' - which supports persistence. and is clustered.

16:18:23.250 [restartedMain] INFO  o.q.i.StdSchedulerFactory - [instantiate,1374] - Quartz scheduler 'RuoyiScheduler' initialized from an externally provided properties instance.
16:18:23.250 [restartedMain] INFO  o.q.i.StdSchedulerFactory - [instantiate,1378] - Quartz scheduler version: 2.3.2
16:18:23.251 [restartedMain] INFO  o.q.c.QuartzScheduler - [setJobFactory,2293] - JobFactory set to: org.springframework.scheduling.quartz.AdaptableJobFactory@15bbe96b
16:18:31.913 [restartedMain] INFO  o.a.c.h.Http11NioProtocol - [log,168] - Starting ProtocolHandler ["http-nio-8080"]
16:18:32.096 [restartedMain] INFO  c.r.RuoYiApplication - [logStarted,61] - Started RuoYiApplication in 17.117 seconds (JVM running for 17.768)
16:18:33.915 [Quartz Scheduler [RuoyiScheduler]] INFO  o.q.c.QuartzScheduler - [start,547] - Scheduler RuoyiScheduler_$_楼台1776932303238 started.
16:18:35.358 [http-nio-8080-exec-1] INFO  o.a.c.c.C.[.[.[/] - [log,168] - Initializing Spring DispatcherServlet 'dispatcherServlet'
16:48:15.181 [Druid-ConnectionPool-Create-564145718] INFO  c.a.d.p.DruidAbstractDataSource - [setFailContinuous,1908] - {dataSource-1} failContinuous is true
19:06:27.439 [Druid-ConnectionPool-Create-564145718] INFO  c.a.d.p.DruidAbstractDataSource - [setFailContinuous,1913] - {dataSource-1} failContinuous is false
19:07:32.457 [schedule-pool-1] INFO  sys-user - [run,59] - [127.0.0.1]内网IP[admin][Success][登录成功]
19:07:32.798 [schedule-pool-1] INFO  n.b.p.u.u.YauaaVersion - [logVersion,104] - Yauaa 7.32.0 (v7.32.0 @ 2025-10-11T16:29:46Z)
19:07:33.709 [schedule-pool-1] INFO  n.b.p.u.c.ConfigLoader - [loadResources,310] - - Loaded 119 files in  888 ms using expression: classpath*:UserAgents/**/*.yaml
19:08:08.901 [schedule-pool-1] INFO  n.b.p.u.a.UserAgentStringMatchMaker - [finalizeLoadingRules,282] - Building all needed matchers for the requested 11 fields.
19:08:09.014 [http-nio-8080-exec-38] INFO  n.b.p.u.a.UserAgentStringMatchMaker - [initializeMatchers,336] - Initializing Analyzer data structures
19:08:11.076 [http-nio-8080-exec-38] INFO  n.b.p.u.a.UserAgentStringMatchMaker - [initializeMatchers,347] - Built in 2060 msec : Hashmap 197922, Ranges map:2964
19:08:14.696 [SpringApplicationShutdownHook] INFO  o.q.c.QuartzScheduler - [standby,585] - Scheduler RuoyiScheduler_$_楼台1776932303238 paused.
19:08:14.742 [SpringApplicationShutdownHook] INFO  o.q.c.QuartzScheduler - [shutdown,666] - Scheduler RuoyiScheduler_$_楼台1776932303238 shutting down.
19:08:14.742 [SpringApplicationShutdownHook] INFO  o.q.c.QuartzScheduler - [standby,585] - Scheduler RuoyiScheduler_$_楼台1776932303238 paused.
19:08:14.743 [SpringApplicationShutdownHook] INFO  o.q.c.QuartzScheduler - [shutdown,740] - Scheduler RuoyiScheduler_$_楼台1776932303238 shutdown complete.
19:08:14.745 [SpringApplicationShutdownHook] INFO  sys-user - [shutdownAsyncManager,31] - ====关闭后台任务任务线程池====
19:08:14.749 [SpringApplicationShutdownHook] INFO  c.a.d.p.DruidDataSource - [close,2083] - {dataSource-1} closing ...
19:08:14.753 [SpringApplicationShutdownHook] INFO  c.a.d.p.DruidDataSource - [close,2156] - {dataSource-1} closed
19:08:31.546 [restartedMain] INFO  c.r.RuoYiApplication - [logStarting,55] - Starting RuoYiApplication using Java 21.0.2 on 楼台 with PID 26704 (D:\各种作业\ruo\RuoYi-Vue-v3.9.1\ruoyi-admin\target\classes started by 罗 in D:\各种作业\ruo)
19:08:31.544 [background-preinit] INFO  o.h.v.i.util.Version - [<clinit>,21] - HV000001: Hibernate Validator 6.2.5.Final
19:08:31.547 [restartedMain] INFO  c.r.RuoYiApplication - [logStartupProfileInfo,686] - The following 1 profile is active: "druid"
19:08:34.162 [restartedMain] INFO  o.a.c.h.Http11NioProtocol - [log,168] - Initializing ProtocolHandler ["http-nio-8080"]
19:08:34.163 [restartedMain] INFO  o.a.c.c.StandardService - [log,168] - Starting service [Tomcat]
19:08:34.163 [restartedMain] INFO  o.a.c.c.StandardEngine - [log,168] - Starting Servlet engine: [Apache Tomcat/9.0.112]
19:08:34.280 [restartedMain] INFO  o.a.c.c.C.[.[.[/] - [log,168] - Initializing Spring embedded WebApplicationContext
19:08:34.710 [restartedMain] INFO  o.j.c.c.c.WebXmlConfigurationStrategyImpl - [get,43] - Property [serverName] loaded from FilterConfig.getInitParameter with value [http://localhost:8080]
19:08:34.712 [restartedMain] INFO  o.j.c.c.c.WebXmlConfigurationStrategyImpl - [get,43] - Property [redirectAfterValidation] loaded from FilterConfig.getInitParameter with value [false]
19:08:34.712 [restartedMain] INFO  o.j.c.c.c.WebXmlConfigurationStrategyImpl - [get,43] - Property [casServerUrlPrefix] loaded from FilterConfig.getInitParameter with value [https://csxrz.cqnu.edu.cn/cas]
19:08:37.244 [restartedMain] INFO  c.a.d.p.DruidDataSource - [init,865] - {dataSource-1} inited
19:08:39.482 [restartedMain] INFO  o.q.i.StdSchedulerFactory - [instantiate,1220] - Using default implementation for ThreadExecutor
19:08:39.528 [restartedMain] INFO  o.q.c.SchedulerSignalerImpl - [<init>,61] - Initialized Scheduler Signaller of type: class org.quartz.core.SchedulerSignalerImpl
19:08:39.528 [restartedMain] INFO  o.q.c.QuartzScheduler - [<init>,229] - Quartz Scheduler v.2.3.2 created.
19:08:39.533 [restartedMain] INFO  o.q.c.QuartzScheduler - [initialize,294] - Scheduler meta-data: Quartz Scheduler (v2.3.2) 'RuoyiScheduler' with instanceId '楼台1776942519485'
  Scheduler class: 'org.quartz.core.QuartzScheduler' - running locally.
  NOT STARTED.
  Currently in standby mode.
  Number of jobs executed: 0
  Using thread pool 'org.quartz.simpl.SimpleThreadPool' - with 20 threads.
  Using job-store 'org.springframework.scheduling.quartz.LocalDataSourceJobStore' - which supports persistence. and is clustered.

19:08:39.533 [restartedMain] INFO  o.q.i.StdSchedulerFactory - [instantiate,1374] - Quartz scheduler 'RuoyiScheduler' initialized from an externally provided properties instance.
19:08:39.533 [restartedMain] INFO  o.q.i.StdSchedulerFactory - [instantiate,1378] - Quartz scheduler version: 2.3.2
19:08:39.535 [restartedMain] INFO  o.q.c.QuartzScheduler - [setJobFactory,2293] - JobFactory set to: org.springframework.scheduling.quartz.AdaptableJobFactory@20105471
19:08:46.365 [restartedMain] INFO  o.a.c.h.Http11NioProtocol - [log,168] - Starting ProtocolHandler ["http-nio-8080"]
19:08:46.569 [restartedMain] INFO  c.r.RuoYiApplication - [logStarted,61] - Started RuoYiApplication in 15.423 seconds (JVM running for 21.967)
19:08:48.202 [Quartz Scheduler [RuoyiScheduler]] INFO  o.q.c.QuartzScheduler - [start,547] - Scheduler RuoyiScheduler_$_楼台1776942519485 started.
19:09:23.467 [http-nio-8080-exec-1] INFO  o.a.c.c.C.[.[.[/] - [log,168] - Initializing Spring DispatcherServlet 'dispatcherServlet'
19:09:30.539 [schedule-pool-1] INFO  sys-user - [run,59] - [127.0.0.1]内网IP[admin][Success][登录成功]
19:09:49.774 [schedule-pool-1] INFO  n.b.p.u.u.YauaaVersion - [logVersion,104] - Yauaa 7.32.0 (v7.32.0 @ 2025-10-11T16:29:46Z)
19:09:50.958 [schedule-pool-1] INFO  n.b.p.u.c.ConfigLoader - [loadResources,310] - - Loaded 119 files in 1100 ms using expression: classpath*:UserAgents/**/*.yaml
19:09:53.173 [schedule-pool-1] INFO  n.b.p.u.a.UserAgentStringMatchMaker - [finalizeLoadingRules,282] - Building all needed matchers for the requested 11 fields.
19:09:53.237 [schedule-pool-1] INFO  n.b.p.u.a.UserAgentStringMatchMaker - [initializeMatchers,336] - Initializing Analyzer data structures
19:09:54.726 [schedule-pool-1] INFO  n.b.p.u.a.UserAgentStringMatchMaker - [initializeMatchers,347] - Built in 1488 msec : Hashmap 197922, Ranges map:2964
19:09:54.996 [schedule-pool-2] INFO  sys-user - [run,59] - [127.0.0.1]内网IP[admin][Success][登录成功]
19:17:15.679 [SpringApplicationShutdownHook] INFO  o.q.c.QuartzScheduler - [standby,585] - Scheduler RuoyiScheduler_$_楼台1776942519485 paused.
19:17:15.732 [SpringApplicationShutdownHook] INFO  o.q.c.QuartzScheduler - [shutdown,666] - Scheduler RuoyiScheduler_$_楼台1776942519485 shutting down.
19:17:15.732 [SpringApplicationShutdownHook] INFO  o.q.c.QuartzScheduler - [standby,585] - Scheduler RuoyiScheduler_$_楼台1776942519485 paused.
19:17:15.733 [SpringApplicationShutdownHook] INFO  o.q.c.QuartzScheduler - [shutdown,740] - Scheduler RuoyiScheduler_$_楼台1776942519485 shutdown complete.
19:17:15.733 [SpringApplicationShutdownHook] INFO  sys-user - [shutdownAsyncManager,31] - ====关闭后台任务任务线程池====
19:17:15.735 [SpringApplicationShutdownHook] INFO  c.a.d.p.DruidDataSource - [close,2083] - {dataSource-1} closing ...
19:17:15.753 [SpringApplicationShutdownHook] INFO  c.a.d.p.DruidDataSource - [close,2156] - {dataSource-1} closed
19:17:21.273 [background-preinit] INFO  o.h.v.i.util.Version - [<clinit>,21] - HV000001: Hibernate Validator 6.2.5.Final
19:17:21.275 [restartedMain] INFO  c.r.RuoYiApplication - [logStarting,55] - Starting RuoYiApplication using Java 21.0.2 on 楼台 with PID 23480 (D:\各种作业\ruo\RuoYi-Vue-v3.9.1\ruoyi-admin\target\classes started by 罗 in D:\各种作业\ruo)
19:17:21.277 [restartedMain] INFO  c.r.RuoYiApplication - [logStartupProfileInfo,686] - The following 1 profile is active: "druid"
19:17:23.475 [restartedMain] INFO  o.a.c.h.Http11NioProtocol - [log,168] - Initializing ProtocolHandler ["http-nio-8080"]
19:17:23.476 [restartedMain] INFO  o.a.c.c.StandardService - [log,168] - Starting service [Tomcat]
19:17:23.477 [restartedMain] INFO  o.a.c.c.StandardEngine - [log,168] - Starting Servlet engine: [Apache Tomcat/9.0.112]
19:17:23.564 [restartedMain] INFO  o.a.c.c.C.[.[.[/] - [log,168] - Initializing Spring embedded WebApplicationContext
19:17:23.968 [restartedMain] INFO  o.j.c.c.c.WebXmlConfigurationStrategyImpl - [get,43] - Property [serverName] loaded from FilterConfig.getInitParameter with value [http://localhost:8080]
19:17:23.969 [restartedMain] INFO  o.j.c.c.c.WebXmlConfigurationStrategyImpl - [get,43] - Property [redirectAfterValidation] loaded from FilterConfig.getInitParameter with value [false]
19:17:23.971 [restartedMain] INFO  o.j.c.c.c.WebXmlConfigurationStrategyImpl - [get,43] - Property [casServerUrlPrefix] loaded from FilterConfig.getInitParameter with value [https://csxrz.cqnu.edu.cn/cas]
19:17:26.781 [restartedMain] INFO  c.a.d.p.DruidDataSource - [init,865] - {dataSource-1} inited
19:17:28.702 [restartedMain] INFO  o.q.i.StdSchedulerFactory - [instantiate,1220] - Using default implementation for ThreadExecutor
19:17:28.711 [restartedMain] INFO  o.q.c.SchedulerSignalerImpl - [<init>,61] - Initialized Scheduler Signaller of type: class org.quartz.core.SchedulerSignalerImpl
19:17:28.711 [restartedMain] INFO  o.q.c.QuartzScheduler - [<init>,229] - Quartz Scheduler v.2.3.2 created.
19:17:28.715 [restartedMain] INFO  o.q.c.QuartzScheduler - [initialize,294] - Scheduler meta-data: Quartz Scheduler (v2.3.2) 'RuoyiScheduler' with instanceId '楼台1776943048703'
  Scheduler class: 'org.quartz.core.QuartzScheduler' - running locally.
  NOT STARTED.
  Currently in standby mode.
  Number of jobs executed: 0
  Using thread pool 'org.quartz.simpl.SimpleThreadPool' - with 20 threads.
  Using job-store 'org.springframework.scheduling.quartz.LocalDataSourceJobStore' - which supports persistence. and is clustered.

19:17:28.715 [restartedMain] INFO  o.q.i.StdSchedulerFactory - [instantiate,1374] - Quartz scheduler 'RuoyiScheduler' initialized from an externally provided properties instance.
19:17:28.715 [restartedMain] INFO  o.q.i.StdSchedulerFactory - [instantiate,1378] - Quartz scheduler version: 2.3.2
19:17:28.716 [restartedMain] INFO  o.q.c.QuartzScheduler - [setJobFactory,2293] - JobFactory set to: org.springframework.scheduling.quartz.AdaptableJobFactory@70074eda
19:17:36.543 [restartedMain] INFO  o.a.c.h.Http11NioProtocol - [log,168] - Starting ProtocolHandler ["http-nio-8080"]
19:17:36.724 [restartedMain] INFO  c.r.RuoYiApplication - [logStarted,61] - Started RuoYiApplication in 15.794 seconds (JVM running for 16.485)
19:17:38.534 [Quartz Scheduler [RuoyiScheduler]] INFO  o.q.c.QuartzScheduler - [start,547] - Scheduler RuoyiScheduler_$_楼台1776943048703 started.
19:18:30.877 [http-nio-8080-exec-1] INFO  o.a.c.c.C.[.[.[/] - [log,168] - Initializing Spring DispatcherServlet 'dispatcherServlet'
19:24:15.866 [Druid-ConnectionPool-Create-2145692634] INFO  c.a.d.p.DruidAbstractDataSource - [setFailContinuous,1908] - {dataSource-1} failContinuous is true
19:29:17.257 [Druid-ConnectionPool-Create-2145692634] INFO  c.a.d.p.DruidAbstractDataSource - [setFailContinuous,1913] - {dataSource-1} failContinuous is false
20:03:38.526 [Thread-5] INFO  o.q.c.QuartzScheduler - [standby,585] - Scheduler RuoyiScheduler_$_楼台1776943048703 paused.
20:03:38.597 [Thread-5] INFO  o.q.c.QuartzScheduler - [shutdown,666] - Scheduler RuoyiScheduler_$_楼台1776943048703 shutting down.
20:03:38.597 [Thread-5] INFO  o.q.c.QuartzScheduler - [standby,585] - Scheduler RuoyiScheduler_$_楼台1776943048703 paused.
20:03:38.597 [Thread-5] INFO  o.q.c.QuartzScheduler - [shutdown,740] - Scheduler RuoyiScheduler_$_楼台1776943048703 shutdown complete.
20:03:38.599 [Thread-5] INFO  sys-user - [shutdownAsyncManager,31] - ====关闭后台任务任务线程池====
20:03:38.605 [Thread-5] INFO  c.a.d.p.DruidDataSource - [close,2083] - {dataSource-1} closing ...
20:03:38.610 [Thread-5] INFO  c.a.d.p.DruidDataSource - [close,2156] - {dataSource-1} closed
20:03:39.192 [restartedMain] INFO  c.r.RuoYiApplication - [logStarting,55] - Starting RuoYiApplication using Java 21.0.2 on 楼台 with PID 23480 (D:\各种作业\ruo\RuoYi-Vue-v3.9.1\ruoyi-admin\target\classes started by 罗 in D:\各种作业\ruo)
20:03:39.192 [restartedMain] INFO  c.r.RuoYiApplication - [logStartupProfileInfo,686] - The following 1 profile is active: "druid"
20:03:42.426 [restartedMain] INFO  o.a.c.h.Http11NioProtocol - [log,168] - Initializing ProtocolHandler ["http-nio-8080"]
20:03:42.426 [restartedMain] INFO  o.a.c.c.StandardService - [log,168] - Starting service [Tomcat]
20:03:42.426 [restartedMain] INFO  o.a.c.c.StandardEngine - [log,168] - Starting Servlet engine: [Apache Tomcat/9.0.112]
20:03:42.469 [restartedMain] INFO  o.a.c.c.C.[.[.[/] - [log,168] - Initializing Spring embedded WebApplicationContext
20:03:42.874 [restartedMain] INFO  o.j.c.c.c.WebXmlConfigurationStrategyImpl - [get,43] - Property [serverName] loaded from FilterConfig.getInitParameter with value [http://localhost:8080]
20:03:42.876 [restartedMain] INFO  o.j.c.c.c.WebXmlConfigurationStrategyImpl - [get,43] - Property [redirectAfterValidation] loaded from FilterConfig.getInitParameter with value [false]
20:03:42.876 [restartedMain] INFO  o.j.c.c.c.WebXmlConfigurationStrategyImpl - [get,43] - Property [casServerUrlPrefix] loaded from FilterConfig.getInitParameter with value [https://csxrz.cqnu.edu.cn/cas]
20:03:46.146 [restartedMain] INFO  c.a.d.p.DruidDataSource - [init,865] - {dataSource-2} inited
20:04:21.144 [restartedMain] INFO  o.q.i.StdSchedulerFactory - [instantiate,1220] - Using default implementation for ThreadExecutor
20:04:21.147 [restartedMain] INFO  o.q.c.SchedulerSignalerImpl - [<init>,61] - Initialized Scheduler Signaller of type: class org.quartz.core.SchedulerSignalerImpl
20:04:21.148 [restartedMain] INFO  o.q.c.QuartzScheduler - [<init>,229] - Quartz Scheduler v.2.3.2 created.
20:04:21.148 [restartedMain] INFO  o.q.c.QuartzScheduler - [initialize,294] - Scheduler meta-data: Quartz Scheduler (v2.3.2) 'RuoyiScheduler' with instanceId '楼台1776945861146'
  Scheduler class: 'org.quartz.core.QuartzScheduler' - running locally.
  NOT STARTED.
  Currently in standby mode.
  Number of jobs executed: 0
  Using thread pool 'org.quartz.simpl.SimpleThreadPool' - with 20 threads.
  Using job-store 'org.springframework.scheduling.quartz.LocalDataSourceJobStore' - which supports persistence. and is clustered.

20:04:21.148 [restartedMain] INFO  o.q.i.StdSchedulerFactory - [instantiate,1374] - Quartz scheduler 'RuoyiScheduler' initialized from an externally provided properties instance.
20:04:21.148 [restartedMain] INFO  o.q.i.StdSchedulerFactory - [instantiate,1378] - Quartz scheduler version: 2.3.2
20:04:21.148 [restartedMain] INFO  o.q.c.QuartzScheduler - [setJobFactory,2293] - JobFactory set to: org.springframework.scheduling.quartz.AdaptableJobFactory@35efa4e6
20:04:50.487 [restartedMain] INFO  o.a.c.h.Http11NioProtocol - [log,168] - Starting ProtocolHandler ["http-nio-8080"]
20:04:51.836 [restartedMain] INFO  c.r.RuoYiApplication - [logStarted,61] - Started RuoYiApplication in 72.896 seconds (JVM running for 2851.596)
20:04:52.418 [Thread-11] INFO  o.q.c.QuartzScheduler - [shutdown,666] - Scheduler RuoyiScheduler_$_楼台1776945861146 shutting down.
20:04:52.419 [Thread-11] INFO  o.q.c.QuartzScheduler - [standby,585] - Scheduler RuoyiScheduler_$_楼台1776945861146 paused.
20:04:52.419 [Thread-11] INFO  o.q.c.QuartzScheduler - [shutdown,740] - Scheduler RuoyiScheduler_$_楼台1776945861146 shutdown complete.
20:04:52.419 [Thread-11] INFO  sys-user - [shutdownAsyncManager,31] - ====关闭后台任务任务线程池====
20:04:52.423 [Thread-11] INFO  c.a.d.p.DruidDataSource - [close,2083] - {dataSource-2} closing ...
20:04:52.423 [Thread-11] INFO  c.a.d.p.DruidDataSource - [close,2156] - {dataSource-2} closed
20:04:53.922 [restartedMain] INFO  c.r.RuoYiApplication - [logStarting,55] - Starting RuoYiApplication using Java 21.0.2 on 楼台 with PID 23480 (D:\各种作业\ruo\RuoYi-Vue-v3.9.1\ruoyi-admin\target\classes started by 罗 in D:\各种作业\ruo)
20:04:53.922 [restartedMain] INFO  c.r.RuoYiApplication - [logStartupProfileInfo,686] - The following 1 profile is active: "druid"
20:04:56.652 [restartedMain] INFO  o.a.c.h.Http11NioProtocol - [log,168] - Initializing ProtocolHandler ["http-nio-8080"]
20:04:56.653 [restartedMain] INFO  o.a.c.c.StandardService - [log,168] - Starting service [Tomcat]
20:04:56.653 [restartedMain] INFO  o.a.c.c.StandardEngine - [log,168] - Starting Servlet engine: [Apache Tomcat/9.0.112]
20:04:57.941 [restartedMain] INFO  o.a.c.c.C.[.[.[/] - [log,168] - Initializing Spring embedded WebApplicationContext
20:04:58.365 [restartedMain] INFO  o.j.c.c.c.WebXmlConfigurationStrategyImpl - [get,43] - Property [serverName] loaded from FilterConfig.getInitParameter with value [http://localhost:8080]
20:04:58.366 [restartedMain] INFO  o.j.c.c.c.WebXmlConfigurationStrategyImpl - [get,43] - Property [redirectAfterValidation] loaded from FilterConfig.getInitParameter with value [false]
20:04:58.366 [restartedMain] INFO  o.j.c.c.c.WebXmlConfigurationStrategyImpl - [get,43] - Property [casServerUrlPrefix] loaded from FilterConfig.getInitParameter with value [https://csxrz.cqnu.edu.cn/cas]
20:05:01.601 [restartedMain] INFO  c.a.d.p.DruidDataSource - [init,865] - {dataSource-3} inited
20:05:03.996 [restartedMain] INFO  o.q.i.StdSchedulerFactory - [instantiate,1220] - Using default implementation for ThreadExecutor
20:05:03.997 [restartedMain] INFO  o.q.c.SchedulerSignalerImpl - [<init>,61] - Initialized Scheduler Signaller of type: class org.quartz.core.SchedulerSignalerImpl
20:05:03.997 [restartedMain] INFO  o.q.c.QuartzScheduler - [<init>,229] - Quartz Scheduler v.2.3.2 created.
20:05:04.001 [restartedMain] INFO  o.q.c.QuartzScheduler - [initialize,294] - Scheduler meta-data: Quartz Scheduler (v2.3.2) 'RuoyiScheduler' with instanceId '楼台1776945903996'
  Scheduler class: 'org.quartz.core.QuartzScheduler' - running locally.
  NOT STARTED.
  Currently in standby mode.
  Number of jobs executed: 0
  Using thread pool 'org.quartz.simpl.SimpleThreadPool' - with 20 threads.
  Using job-store 'org.springframework.scheduling.quartz.LocalDataSourceJobStore' - which supports persistence. and is clustered.

20:05:04.002 [restartedMain] INFO  o.q.i.StdSchedulerFactory - [instantiate,1374] - Quartz scheduler 'RuoyiScheduler' initialized from an externally provided properties instance.
20:05:04.002 [restartedMain] INFO  o.q.i.StdSchedulerFactory - [instantiate,1378] - Quartz scheduler version: 2.3.2
20:05:04.002 [restartedMain] INFO  o.q.c.QuartzScheduler - [setJobFactory,2293] - JobFactory set to: org.springframework.scheduling.quartz.AdaptableJobFactory@2204ee90
20:05:22.694 [restartedMain] INFO  o.a.c.h.Http11NioProtocol - [log,168] - Starting ProtocolHandler ["http-nio-8080"]
20:05:23.352 [restartedMain] INFO  c.r.RuoYiApplication - [logStarted,61] - Started RuoYiApplication in 29.883 seconds (JVM running for 2883.112)
20:05:25.102 [Quartz Scheduler [RuoyiScheduler]] INFO  o.q.c.QuartzScheduler - [start,547] - Scheduler RuoyiScheduler_$_楼台1776945903996 started.
20:07:39.704 [http-nio-8080-exec-3] INFO  o.a.c.c.C.[.[.[/] - [log,168] - Initializing Spring DispatcherServlet 'dispatcherServlet'
20:07:48.843 [SpringApplicationShutdownHook] INFO  o.q.c.QuartzScheduler - [standby,585] - Scheduler RuoyiScheduler_$_楼台1776945903996 paused.
20:07:48.862 [SpringApplicationShutdownHook] INFO  o.q.c.QuartzScheduler - [shutdown,666] - Scheduler RuoyiScheduler_$_楼台1776945903996 shutting down.
20:07:48.862 [SpringApplicationShutdownHook] INFO  o.q.c.QuartzScheduler - [standby,585] - Scheduler RuoyiScheduler_$_楼台1776945903996 paused.
20:07:48.862 [SpringApplicationShutdownHook] INFO  o.q.c.QuartzScheduler - [shutdown,740] - Scheduler RuoyiScheduler_$_楼台1776945903996 shutdown complete.
20:07:48.863 [SpringApplicationShutdownHook] INFO  sys-user - [shutdownAsyncManager,31] - ====关闭后台任务任务线程池====
20:07:48.866 [SpringApplicationShutdownHook] INFO  c.a.d.p.DruidDataSource - [close,2083] - {dataSource-3} closing ...
20:07:48.867 [SpringApplicationShutdownHook] INFO  c.a.d.p.DruidDataSource - [close,2156] - {dataSource-3} closed
20:07:54.153 [background-preinit] INFO  o.h.v.i.util.Version - [<clinit>,21] - HV000001: Hibernate Validator 6.2.5.Final
20:07:54.154 [restartedMain] INFO  c.r.RuoYiApplication - [logStarting,55] - Starting RuoYiApplication using Java 21.0.2 on 楼台 with PID 42332 (D:\各种作业\ruo\RuoYi-Vue-v3.9.1\ruoyi-admin\target\classes started by 罗 in D:\各种作业\ruo)
20:07:54.155 [restartedMain] INFO  c.r.RuoYiApplication - [logStartupProfileInfo,686] - The following 1 profile is active: "druid"
20:07:56.408 [restartedMain] INFO  o.a.c.h.Http11NioProtocol - [log,168] - Initializing ProtocolHandler ["http-nio-8080"]
20:07:56.408 [restartedMain] INFO  o.a.c.c.StandardService - [log,168] - Starting service [Tomcat]
20:07:56.408 [restartedMain] INFO  o.a.c.c.StandardEngine - [log,168] - Starting Servlet engine: [Apache Tomcat/9.0.112]
20:07:56.492 [restartedMain] INFO  o.a.c.c.C.[.[.[/] - [log,168] - Initializing Spring embedded WebApplicationContext
20:07:57.004 [restartedMain] INFO  o.j.c.c.c.WebXmlConfigurationStrategyImpl - [get,43] - Property [serverName] loaded from FilterConfig.getInitParameter with value [http://localhost:8080]
20:07:57.006 [restartedMain] INFO  o.j.c.c.c.WebXmlConfigurationStrategyImpl - [get,43] - Property [redirectAfterValidation] loaded from FilterConfig.getInitParameter with value [false]
20:07:57.006 [restartedMain] INFO  o.j.c.c.c.WebXmlConfigurationStrategyImpl - [get,43] - Property [casServerUrlPrefix] loaded from FilterConfig.getInitParameter with value [https://csxrz.cqnu.edu.cn/cas]
20:08:00.019 [restartedMain] INFO  c.a.d.p.DruidDataSource - [init,865] - {dataSource-1} inited
20:08:02.141 [restartedMain] INFO  o.q.i.StdSchedulerFactory - [instantiate,1220] - Using default implementation for ThreadExecutor
20:08:02.151 [restartedMain] INFO  o.q.c.SchedulerSignalerImpl - [<init>,61] - Initialized Scheduler Signaller of type: class org.quartz.core.SchedulerSignalerImpl
20:08:02.151 [restartedMain] INFO  o.q.c.QuartzScheduler - [<init>,229] - Quartz Scheduler v.2.3.2 created.
20:08:02.156 [restartedMain] INFO  o.q.c.QuartzScheduler - [initialize,294] - Scheduler meta-data: Quartz Scheduler (v2.3.2) 'RuoyiScheduler' with instanceId '楼台1776946082143'
  Scheduler class: 'org.quartz.core.QuartzScheduler' - running locally.
  NOT STARTED.
  Currently in standby mode.
  Number of jobs executed: 0
  Using thread pool 'org.quartz.simpl.SimpleThreadPool' - with 20 threads.
  Using job-store 'org.springframework.scheduling.quartz.LocalDataSourceJobStore' - which supports persistence. and is clustered.

20:08:02.157 [restartedMain] INFO  o.q.i.StdSchedulerFactory - [instantiate,1374] - Quartz scheduler 'RuoyiScheduler' initialized from an externally provided properties instance.
20:08:02.157 [restartedMain] INFO  o.q.i.StdSchedulerFactory - [instantiate,1378] - Quartz scheduler version: 2.3.2
20:08:02.157 [restartedMain] INFO  o.q.c.QuartzScheduler - [setJobFactory,2293] - JobFactory set to: org.springframework.scheduling.quartz.AdaptableJobFactory@5724303f
20:08:09.640 [restartedMain] INFO  o.a.c.h.Http11NioProtocol - [log,168] - Starting ProtocolHandler ["http-nio-8080"]
20:08:09.913 [restartedMain] INFO  c.r.RuoYiApplication - [logStarted,61] - Started RuoYiApplication in 16.166 seconds (JVM running for 17.065)
20:08:11.590 [Quartz Scheduler [RuoyiScheduler]] INFO  o.q.c.QuartzScheduler - [start,547] - Scheduler RuoyiScheduler_$_楼台1776946082143 started.
20:08:25.120 [http-nio-8080-exec-1] INFO  o.a.c.c.C.[.[.[/] - [log,168] - Initializing Spring DispatcherServlet 'dispatcherServlet'
21:22:17.679 [Druid-ConnectionPool-Create-1071115720] INFO  c.a.d.p.DruidAbstractDataSource - [setFailContinuous,1908] - {dataSource-1} failContinuous is true
21:25:09.072 [Druid-ConnectionPool-Create-1071115720] INFO  c.a.d.p.DruidAbstractDataSource - [setFailContinuous,1913] - {dataSource-1} failContinuous is false
21:28:18.233 [schedule-pool-5] INFO  sys-user - [run,59] - [127.0.0.1]内网IP[admin][Success][登录成功]
21:28:18.317 [schedule-pool-5] INFO  n.b.p.u.u.YauaaVersion - [logVersion,104] - Yauaa 7.32.0 (v7.32.0 @ 2025-10-11T16:29:46Z)
21:28:18.480 [schedule-pool-5] INFO  n.b.p.u.c.ConfigLoader - [loadResources,310] - - Loaded 119 files in  156 ms using expression: classpath*:UserAgents/**/*.yaml
21:28:19.845 [schedule-pool-5] INFO  n.b.p.u.a.UserAgentStringMatchMaker - [finalizeLoadingRules,282] - Building all needed matchers for the requested 11 fields.
21:28:19.896 [http-nio-8080-exec-96] INFO  n.b.p.u.a.UserAgentStringMatchMaker - [initializeMatchers,336] - Initializing Analyzer data structures
21:28:20.929 [http-nio-8080-exec-96] INFO  n.b.p.u.a.UserAgentStringMatchMaker - [initializeMatchers,347] - Built in 1032 msec : Hashmap 197922, Ranges map:2964
22:10:56.724 [Thread-5] INFO  o.q.c.QuartzScheduler - [standby,585] - Scheduler RuoyiScheduler_$_楼台1776946082143 paused.
22:10:56.795 [Thread-5] INFO  o.q.c.QuartzScheduler - [shutdown,666] - Scheduler RuoyiScheduler_$_楼台1776946082143 shutting down.
22:10:56.795 [Thread-5] INFO  o.q.c.QuartzScheduler - [standby,585] - Scheduler RuoyiScheduler_$_楼台1776946082143 paused.
22:10:56.796 [Thread-5] INFO  o.q.c.QuartzScheduler - [shutdown,740] - Scheduler RuoyiScheduler_$_楼台1776946082143 shutdown complete.
22:10:56.797 [Thread-5] INFO  sys-user - [shutdownAsyncManager,31] - ====关闭后台任务任务线程池====
22:10:56.801 [Thread-5] INFO  c.a.d.p.DruidDataSource - [close,2083] - {dataSource-1} closing ...
22:10:56.808 [Thread-5] INFO  c.a.d.p.DruidDataSource - [close,2156] - {dataSource-1} closed
22:10:57.317 [restartedMain] INFO  c.r.RuoYiApplication - [logStarting,55] - Starting RuoYiApplication using Java 21.0.2 on 楼台 with PID 42332 (D:\各种作业\ruo\RuoYi-Vue-v3.9.1\ruoyi-admin\target\classes started by 罗 in D:\各种作业\ruo)
22:10:57.318 [restartedMain] INFO  c.r.RuoYiApplication - [logStartupProfileInfo,686] - The following 1 profile is active: "druid"
22:10:58.436 [restartedMain] INFO  o.a.c.h.Http11NioProtocol - [log,168] - Initializing ProtocolHandler ["http-nio-8080"]
22:10:58.436 [restartedMain] INFO  o.a.c.c.StandardService - [log,168] - Starting service [Tomcat]
22:10:58.437 [restartedMain] INFO  o.a.c.c.StandardEngine - [log,168] - Starting Servlet engine: [Apache Tomcat/9.0.112]
22:10:58.456 [restartedMain] INFO  o.a.c.c.C.[.[.[/] - [log,168] - Initializing Spring embedded WebApplicationContext
22:10:58.639 [restartedMain] INFO  o.j.c.c.c.WebXmlConfigurationStrategyImpl - [get,43] - Property [serverName] loaded from FilterConfig.getInitParameter with value [http://localhost:8080]
22:10:58.640 [restartedMain] INFO  o.j.c.c.c.WebXmlConfigurationStrategyImpl - [get,43] - Property [redirectAfterValidation] loaded from FilterConfig.getInitParameter with value [false]
22:10:58.640 [restartedMain] INFO  o.j.c.c.c.WebXmlConfigurationStrategyImpl - [get,43] - Property [casServerUrlPrefix] loaded from FilterConfig.getInitParameter with value [https://csxrz.cqnu.edu.cn/cas]
22:11:01.648 [restartedMain] INFO  c.a.d.p.DruidDataSource - [init,865] - {dataSource-2} inited
22:11:03.042 [restartedMain] INFO  o.q.i.StdSchedulerFactory - [instantiate,1220] - Using default implementation for ThreadExecutor
22:11:03.043 [restartedMain] INFO  o.q.c.SchedulerSignalerImpl - [<init>,61] - Initialized Scheduler Signaller of type: class org.quartz.core.SchedulerSignalerImpl
22:11:03.043 [restartedMain] INFO  o.q.c.QuartzScheduler - [<init>,229] - Quartz Scheduler v.2.3.2 created.
22:11:03.044 [restartedMain] INFO  o.q.c.QuartzScheduler - [initialize,294] - Scheduler meta-data: Quartz Scheduler (v2.3.2) 'RuoyiScheduler' with instanceId '楼台1776953463042'
  Scheduler class: 'org.quartz.core.QuartzScheduler' - running locally.
  NOT STARTED.
  Currently in standby mode.
  Number of jobs executed: 0
  Using thread pool 'org.quartz.simpl.SimpleThreadPool' - with 20 threads.
  Using job-store 'org.springframework.scheduling.quartz.LocalDataSourceJobStore' - which supports persistence. and is clustered.

22:11:03.044 [restartedMain] INFO  o.q.i.StdSchedulerFactory - [instantiate,1374] - Quartz scheduler 'RuoyiScheduler' initialized from an externally provided properties instance.
22:11:03.044 [restartedMain] INFO  o.q.i.StdSchedulerFactory - [instantiate,1378] - Quartz scheduler version: 2.3.2
22:11:03.044 [restartedMain] INFO  o.q.c.QuartzScheduler - [setJobFactory,2293] - JobFactory set to: org.springframework.scheduling.quartz.AdaptableJobFactory@190dca9e
22:11:11.415 [restartedMain] INFO  o.a.c.h.Http11NioProtocol - [log,168] - Starting ProtocolHandler ["http-nio-8080"]
22:11:11.514 [restartedMain] INFO  c.r.RuoYiApplication - [logStarted,61] - Started RuoYiApplication in 14.332 seconds (JVM running for 7422.355)
22:11:12.887 [Thread-11] INFO  o.q.c.QuartzScheduler - [shutdown,666] - Scheduler RuoyiScheduler_$_楼台1776953463042 shutting down.
22:11:12.888 [Thread-11] INFO  o.q.c.QuartzScheduler - [standby,585] - Scheduler RuoyiScheduler_$_楼台1776953463042 paused.
22:11:12.888 [Thread-11] INFO  o.q.c.QuartzScheduler - [shutdown,740] - Scheduler RuoyiScheduler_$_楼台1776953463042 shutdown complete.
22:11:12.888 [Thread-11] INFO  sys-user - [shutdownAsyncManager,31] - ====关闭后台任务任务线程池====
22:11:12.891 [Thread-11] INFO  c.a.d.p.DruidDataSource - [close,2083] - {dataSource-2} closing ...
22:11:12.891 [Thread-11] INFO  c.a.d.p.DruidDataSource - [close,2156] - {dataSource-2} closed
22:11:13.178 [restartedMain] INFO  c.r.RuoYiApplication - [logStarting,55] - Starting RuoYiApplication using Java 21.0.2 on 楼台 with PID 42332 (D:\各种作业\ruo\RuoYi-Vue-v3.9.1\ruoyi-admin\target\classes started by 罗 in D:\各种作业\ruo)
22:11:13.178 [restartedMain] INFO  c.r.RuoYiApplication - [logStartupProfileInfo,686] - The following 1 profile is active: "druid"
22:11:13.330 [Quartz Scheduler [RuoyiScheduler]] INFO  o.q.c.QuartzScheduler - [start,547] - Scheduler RuoyiScheduler_$_楼台1776953463042 started.
22:11:13.736 [restartedMain] INFO  o.a.c.h.Http11NioProtocol - [log,168] - Initializing ProtocolHandler ["http-nio-8080"]
22:11:13.736 [restartedMain] INFO  o.a.c.c.StandardService - [log,168] - Starting service [Tomcat]
22:11:13.736 [restartedMain] INFO  o.a.c.c.StandardEngine - [log,168] - Starting Servlet engine: [Apache Tomcat/9.0.112]
22:11:13.753 [restartedMain] INFO  o.a.c.c.C.[.[.[/] - [log,168] - Initializing Spring embedded WebApplicationContext
22:11:13.871 [restartedMain] INFO  o.j.c.c.c.WebXmlConfigurationStrategyImpl - [get,43] - Property [serverName] loaded from FilterConfig.getInitParameter with value [http://localhost:8080]
22:11:13.872 [restartedMain] INFO  o.j.c.c.c.WebXmlConfigurationStrategyImpl - [get,43] - Property [redirectAfterValidation] loaded from FilterConfig.getInitParameter with value [false]
22:11:13.872 [restartedMain] INFO  o.j.c.c.c.WebXmlConfigurationStrategyImpl - [get,43] - Property [casServerUrlPrefix] loaded from FilterConfig.getInitParameter with value [https://csxrz.cqnu.edu.cn/cas]
22:11:16.675 [restartedMain] INFO  c.a.d.p.DruidDataSource - [init,865] - {dataSource-3} inited
22:11:17.681 [restartedMain] INFO  o.q.i.StdSchedulerFactory - [instantiate,1220] - Using default implementation for ThreadExecutor
22:11:17.683 [restartedMain] INFO  o.q.c.SchedulerSignalerImpl - [<init>,61] - Initialized Scheduler Signaller of type: class org.quartz.core.SchedulerSignalerImpl
22:11:17.683 [restartedMain] INFO  o.q.c.QuartzScheduler - [<init>,229] - Quartz Scheduler v.2.3.2 created.
22:11:17.683 [restartedMain] INFO  o.q.c.QuartzScheduler - [initialize,294] - Scheduler meta-data: Quartz Scheduler (v2.3.2) 'RuoyiScheduler' with instanceId '楼台1776953477681'
  Scheduler class: 'org.quartz.core.QuartzScheduler' - running locally.
  NOT STARTED.
  Currently in standby mode.
  Number of jobs executed: 0
  Using thread pool 'org.quartz.simpl.SimpleThreadPool' - with 20 threads.
  Using job-store 'org.springframework.scheduling.quartz.LocalDataSourceJobStore' - which supports persistence. and is clustered.

22:11:17.683 [restartedMain] INFO  o.q.i.StdSchedulerFactory - [instantiate,1374] - Quartz scheduler 'RuoyiScheduler' initialized from an externally provided properties instance.
22:11:17.683 [restartedMain] INFO  o.q.i.StdSchedulerFactory - [instantiate,1378] - Quartz scheduler version: 2.3.2
22:11:17.683 [restartedMain] INFO  o.q.c.QuartzScheduler - [setJobFactory,2293] - JobFactory set to: org.springframework.scheduling.quartz.AdaptableJobFactory@28eb9fba
22:11:25.427 [restartedMain] INFO  o.a.c.h.Http11NioProtocol - [log,168] - Starting ProtocolHandler ["http-nio-8080"]
22:11:25.496 [restartedMain] INFO  c.r.RuoYiApplication - [logStarted,61] - Started RuoYiApplication in 12.346 seconds (JVM running for 7436.336)
22:11:26.990 [Quartz Scheduler [RuoyiScheduler]] INFO  o.q.c.QuartzScheduler - [start,547] - Scheduler RuoyiScheduler_$_楼台1776953477681 started.
22:11:41.299 [http-nio-8080-exec-1] INFO  o.a.c.c.C.[.[.[/] - [log,168] - Initializing Spring DispatcherServlet 'dispatcherServlet'
22:12:42.587 [SpringApplicationShutdownHook] INFO  o.q.c.QuartzScheduler - [standby,585] - Scheduler RuoyiScheduler_$_楼台1776953477681 paused.
22:12:45.660 [SpringApplicationShutdownHook] INFO  o.q.c.QuartzScheduler - [shutdown,666] - Scheduler RuoyiScheduler_$_楼台1776953477681 shutting down.
22:12:45.660 [SpringApplicationShutdownHook] INFO  o.q.c.QuartzScheduler - [standby,585] - Scheduler RuoyiScheduler_$_楼台1776953477681 paused.
22:12:48.532 [SpringApplicationShutdownHook] INFO  o.q.c.QuartzScheduler - [shutdown,740] - Scheduler RuoyiScheduler_$_楼台1776953477681 shutdown complete.
22:12:48.532 [SpringApplicationShutdownHook] INFO  sys-user - [shutdownAsyncManager,31] - ====关闭后台任务任务线程池====
22:12:48.535 [SpringApplicationShutdownHook] INFO  c.a.d.p.DruidDataSource - [close,2083] - {dataSource-3} closing ...
22:12:48.536 [SpringApplicationShutdownHook] INFO  c.a.d.p.DruidDataSource - [close,2156] - {dataSource-3} closed
22:12:48.649 [Druid-ConnectionPool-Create-493625506] INFO  c.a.d.p.DruidDataSource - [run,2837] - put physical connection to pool failed.
22:13:07.292 [restartedMain] INFO  c.r.RuoYiApplication - [logStarting,55] - Starting RuoYiApplication using Java 21.0.2 on 楼台 with PID 47884 (D:\各种作业\ruo\RuoYi-Vue-v3.9.1\ruoyi-admin\target\classes started by 罗 in D:\各种作业\ruo)
22:13:07.294 [restartedMain] INFO  c.r.RuoYiApplication - [logStartupProfileInfo,686] - The following 1 profile is active: "druid"
22:13:07.298 [background-preinit] INFO  o.h.v.i.util.Version - [<clinit>,21] - HV000001: Hibernate Validator 6.2.5.Final
22:13:09.210 [restartedMain] INFO  o.a.c.h.Http11NioProtocol - [log,168] - Initializing ProtocolHandler ["http-nio-8080"]
22:13:09.211 [restartedMain] INFO  o.a.c.c.StandardService - [log,168] - Starting service [Tomcat]
22:13:09.211 [restartedMain] INFO  o.a.c.c.StandardEngine - [log,168] - Starting Servlet engine: [Apache Tomcat/9.0.112]
22:13:09.289 [restartedMain] INFO  o.a.c.c.C.[.[.[/] - [log,168] - Initializing Spring embedded WebApplicationContext
22:13:09.757 [restartedMain] INFO  o.j.c.c.c.WebXmlConfigurationStrategyImpl - [get,43] - Property [serverName] loaded from FilterConfig.getInitParameter with value [http://localhost:8080]
22:13:09.758 [restartedMain] INFO  o.j.c.c.c.WebXmlConfigurationStrategyImpl - [get,43] - Property [redirectAfterValidation] loaded from FilterConfig.getInitParameter with value [false]
22:13:09.758 [restartedMain] INFO  o.j.c.c.c.WebXmlConfigurationStrategyImpl - [get,43] - Property [casServerUrlPrefix] loaded from FilterConfig.getInitParameter with value [https://csxrz.cqnu.edu.cn/cas]
22:13:12.575 [restartedMain] INFO  c.a.d.p.DruidDataSource - [init,865] - {dataSource-1} inited
22:13:14.405 [restartedMain] INFO  o.q.i.StdSchedulerFactory - [instantiate,1220] - Using default implementation for ThreadExecutor
22:13:14.414 [restartedMain] INFO  o.q.c.SchedulerSignalerImpl - [<init>,61] - Initialized Scheduler Signaller of type: class org.quartz.core.SchedulerSignalerImpl
22:13:14.414 [restartedMain] INFO  o.q.c.QuartzScheduler - [<init>,229] - Quartz Scheduler v.2.3.2 created.
22:13:14.419 [restartedMain] INFO  o.q.c.QuartzScheduler - [initialize,294] - Scheduler meta-data: Quartz Scheduler (v2.3.2) 'RuoyiScheduler' with instanceId '楼台1776953594407'
  Scheduler class: 'org.quartz.core.QuartzScheduler' - running locally.
  NOT STARTED.
  Currently in standby mode.
  Number of jobs executed: 0
  Using thread pool 'org.quartz.simpl.SimpleThreadPool' - with 20 threads.
  Using job-store 'org.springframework.scheduling.quartz.LocalDataSourceJobStore' - which supports persistence. and is clustered.

22:13:14.420 [restartedMain] INFO  o.q.i.StdSchedulerFactory - [instantiate,1374] - Quartz scheduler 'RuoyiScheduler' initialized from an externally provided properties instance.
22:13:14.420 [restartedMain] INFO  o.q.i.StdSchedulerFactory - [instantiate,1378] - Quartz scheduler version: 2.3.2
22:13:14.421 [restartedMain] INFO  o.q.c.QuartzScheduler - [setJobFactory,2293] - JobFactory set to: org.springframework.scheduling.quartz.AdaptableJobFactory@1b9b3f5a
22:13:22.747 [restartedMain] INFO  o.a.c.h.Http11NioProtocol - [log,168] - Starting ProtocolHandler ["http-nio-8080"]
22:13:22.933 [restartedMain] INFO  c.r.RuoYiApplication - [logStarted,61] - Started RuoYiApplication in 15.941 seconds (JVM running for 16.618)
22:13:24.666 [Quartz Scheduler [RuoyiScheduler]] INFO  o.q.c.QuartzScheduler - [start,547] - Scheduler RuoyiScheduler_$_楼台1776953594407 started.
22:13:42.280 [http-nio-8080-exec-3] INFO  o.a.c.c.C.[.[.[/] - [log,168] - Initializing Spring DispatcherServlet 'dispatcherServlet'
22:15:35.394 [http-nio-8080-exec-25] INFO  n.b.p.u.u.YauaaVersion - [logVersion,104] - Yauaa 7.32.0 (v7.32.0 @ 2025-10-11T16:29:46Z)
22:15:35.527 [http-nio-8080-exec-25] INFO  n.b.p.u.c.ConfigLoader - [loadResources,310] - - Loaded 119 files in  125 ms using expression: classpath*:UserAgents/**/*.yaml
22:15:36.821 [http-nio-8080-exec-25] INFO  n.b.p.u.a.UserAgentStringMatchMaker - [finalizeLoadingRules,282] - Building all needed matchers for the requested 11 fields.
22:15:36.871 [http-nio-8080-exec-25] INFO  n.b.p.u.a.UserAgentStringMatchMaker - [initializeMatchers,336] - Initializing Analyzer data structures
22:15:37.857 [http-nio-8080-exec-25] INFO  n.b.p.u.a.UserAgentStringMatchMaker - [initializeMatchers,347] - Built in 984 msec : Hashmap 197922, Ranges map:2964
22:19:13.238 [SpringApplicationShutdownHook] INFO  o.q.c.QuartzScheduler - [standby,585] - Scheduler RuoyiScheduler_$_楼台1776953594407 paused.
22:19:15.174 [SpringApplicationShutdownHook] INFO  o.q.c.QuartzScheduler - [shutdown,666] - Scheduler RuoyiScheduler_$_楼台1776953594407 shutting down.
22:19:15.174 [SpringApplicationShutdownHook] INFO  o.q.c.QuartzScheduler - [standby,585] - Scheduler RuoyiScheduler_$_楼台1776953594407 paused.
22:19:15.174 [SpringApplicationShutdownHook] INFO  o.q.c.QuartzScheduler - [shutdown,740] - Scheduler RuoyiScheduler_$_楼台1776953594407 shutdown complete.
22:19:15.174 [SpringApplicationShutdownHook] INFO  sys-user - [shutdownAsyncManager,31] - ====关闭后台任务任务线程池====
22:19:15.177 [SpringApplicationShutdownHook] INFO  c.a.d.p.DruidDataSource - [close,2083] - {dataSource-1} closing ...
22:19:15.178 [SpringApplicationShutdownHook] INFO  c.a.d.p.DruidDataSource - [close,2156] - {dataSource-1} closed
22:19:17.330 [background-preinit] INFO  o.h.v.i.util.Version - [<clinit>,21] - HV000001: Hibernate Validator 6.2.5.Final
22:19:17.330 [restartedMain] INFO  c.r.RuoYiApplication - [logStarting,55] - Starting RuoYiApplication using Java 21.0.2 on 楼台 with PID 30272 (D:\各种作业\ruo\RuoYi-Vue-v3.9.1\ruoyi-admin\target\classes started by 罗 in D:\各种作业\ruo)
22:19:17.332 [restartedMain] INFO  c.r.RuoYiApplication - [logStartupProfileInfo,686] - The following 1 profile is active: "druid"
22:19:18.846 [restartedMain] INFO  o.a.c.h.Http11NioProtocol - [log,168] - Initializing ProtocolHandler ["http-nio-8080"]
22:19:18.846 [restartedMain] INFO  o.a.c.c.StandardService - [log,168] - Starting service [Tomcat]
22:19:18.846 [restartedMain] INFO  o.a.c.c.StandardEngine - [log,168] - Starting Servlet engine: [Apache Tomcat/9.0.112]
22:19:18.907 [restartedMain] INFO  o.a.c.c.C.[.[.[/] - [log,168] - Initializing Spring embedded WebApplicationContext
22:19:19.256 [restartedMain] INFO  o.j.c.c.c.WebXmlConfigurationStrategyImpl - [get,43] - Property [serverName] loaded from FilterConfig.getInitParameter with value [http://localhost:8080]
22:19:19.258 [restartedMain] INFO  o.j.c.c.c.WebXmlConfigurationStrategyImpl - [get,43] - Property [redirectAfterValidation] loaded from FilterConfig.getInitParameter with value [false]
22:19:19.259 [restartedMain] INFO  o.j.c.c.c.WebXmlConfigurationStrategyImpl - [get,43] - Property [casServerUrlPrefix] loaded from FilterConfig.getInitParameter with value [https://csxrz.cqnu.edu.cn/cas]
22:19:22.219 [restartedMain] INFO  c.a.d.p.DruidDataSource - [init,865] - {dataSource-1} inited
22:19:23.872 [restartedMain] INFO  o.q.i.StdSchedulerFactory - [instantiate,1220] - Using default implementation for ThreadExecutor
22:19:23.879 [restartedMain] INFO  o.q.c.SchedulerSignalerImpl - [<init>,61] - Initialized Scheduler Signaller of type: class org.quartz.core.SchedulerSignalerImpl
22:19:23.879 [restartedMain] INFO  o.q.c.QuartzScheduler - [<init>,229] - Quartz Scheduler v.2.3.2 created.
22:19:23.882 [restartedMain] INFO  o.q.c.QuartzScheduler - [initialize,294] - Scheduler meta-data: Quartz Scheduler (v2.3.2) 'RuoyiScheduler' with instanceId '楼台1776953963873'
  Scheduler class: 'org.quartz.core.QuartzScheduler' - running locally.
  NOT STARTED.
  Currently in standby mode.
  Number of jobs executed: 0
  Using thread pool 'org.quartz.simpl.SimpleThreadPool' - with 20 threads.
  Using job-store 'org.springframework.scheduling.quartz.LocalDataSourceJobStore' - which supports persistence. and is clustered.

22:19:23.883 [restartedMain] INFO  o.q.i.StdSchedulerFactory - [instantiate,1374] - Quartz scheduler 'RuoyiScheduler' initialized from an externally provided properties instance.
22:19:23.883 [restartedMain] INFO  o.q.i.StdSchedulerFactory - [instantiate,1378] - Quartz scheduler version: 2.3.2
22:19:23.884 [restartedMain] INFO  o.q.c.QuartzScheduler - [setJobFactory,2293] - JobFactory set to: org.springframework.scheduling.quartz.AdaptableJobFactory@275f0905
22:19:31.724 [restartedMain] INFO  o.a.c.h.Http11NioProtocol - [log,168] - Starting ProtocolHandler ["http-nio-8080"]
22:19:31.888 [restartedMain] INFO  c.r.RuoYiApplication - [logStarted,61] - Started RuoYiApplication in 14.842 seconds (JVM running for 15.565)
22:19:33.628 [Quartz Scheduler [RuoyiScheduler]] INFO  o.q.c.QuartzScheduler - [start,547] - Scheduler RuoyiScheduler_$_楼台1776953963873 started.
22:19:34.677 [http-nio-8080-exec-1] INFO  o.a.c.c.C.[.[.[/] - [log,168] - Initializing Spring DispatcherServlet 'dispatcherServlet'
22:21:50.439 [SpringApplicationShutdownHook] INFO  o.q.c.QuartzScheduler - [standby,585] - Scheduler RuoyiScheduler_$_楼台1776953963873 paused.
22:21:50.458 [SpringApplicationShutdownHook] INFO  o.q.c.QuartzScheduler - [shutdown,666] - Scheduler RuoyiScheduler_$_楼台1776953963873 shutting down.
22:21:50.459 [SpringApplicationShutdownHook] INFO  o.q.c.QuartzScheduler - [standby,585] - Scheduler RuoyiScheduler_$_楼台1776953963873 paused.
22:21:50.459 [SpringApplicationShutdownHook] INFO  o.q.c.QuartzScheduler - [shutdown,740] - Scheduler RuoyiScheduler_$_楼台1776953963873 shutdown complete.
22:21:50.459 [SpringApplicationShutdownHook] INFO  sys-user - [shutdownAsyncManager,31] - ====关闭后台任务任务线程池====
22:21:50.462 [SpringApplicationShutdownHook] INFO  c.a.d.p.DruidDataSource - [close,2083] - {dataSource-1} closing ...
22:21:50.465 [SpringApplicationShutdownHook] INFO  c.a.d.p.DruidDataSource - [close,2156] - {dataSource-1} closed
22:21:52.612 [background-preinit] INFO  o.h.v.i.util.Version - [<clinit>,21] - HV000001: Hibernate Validator 6.2.5.Final
22:21:52.611 [restartedMain] INFO  c.r.RuoYiApplication - [logStarting,55] - Starting RuoYiApplication using Java 21.0.2 on 楼台 with PID 30324 (D:\各种作业\ruo\RuoYi-Vue-v3.9.1\ruoyi-admin\target\classes started by 罗 in D:\各种作业\ruo)
22:21:52.614 [restartedMain] INFO  c.r.RuoYiApplication - [logStartupProfileInfo,686] - The following 1 profile is active: "druid"
22:21:54.193 [restartedMain] INFO  o.a.c.h.Http11NioProtocol - [log,168] - Initializing ProtocolHandler ["http-nio-8080"]
22:21:54.194 [restartedMain] INFO  o.a.c.c.StandardService - [log,168] - Starting service [Tomcat]
22:21:54.194 [restartedMain] INFO  o.a.c.c.StandardEngine - [log,168] - Starting Servlet engine: [Apache Tomcat/9.0.112]
22:21:54.256 [restartedMain] INFO  o.a.c.c.C.[.[.[/] - [log,168] - Initializing Spring embedded WebApplicationContext
22:21:54.632 [restartedMain] INFO  o.j.c.c.c.WebXmlConfigurationStrategyImpl - [get,43] - Property [serverName] loaded from FilterConfig.getInitParameter with value [http://localhost:8080]
22:21:54.633 [restartedMain] INFO  o.j.c.c.c.WebXmlConfigurationStrategyImpl - [get,43] - Property [redirectAfterValidation] loaded from FilterConfig.getInitParameter with value [false]
22:21:54.634 [restartedMain] INFO  o.j.c.c.c.WebXmlConfigurationStrategyImpl - [get,43] - Property [casServerUrlPrefix] loaded from FilterConfig.getInitParameter with value [https://csxrz.cqnu.edu.cn/cas]
22:21:57.548 [restartedMain] INFO  c.a.d.p.DruidDataSource - [init,865] - {dataSource-1} inited
22:21:59.190 [restartedMain] INFO  o.q.i.StdSchedulerFactory - [instantiate,1220] - Using default implementation for ThreadExecutor
22:21:59.197 [restartedMain] INFO  o.q.c.SchedulerSignalerImpl - [<init>,61] - Initialized Scheduler Signaller of type: class org.quartz.core.SchedulerSignalerImpl
22:21:59.198 [restartedMain] INFO  o.q.c.QuartzScheduler - [<init>,229] - Quartz Scheduler v.2.3.2 created.
22:21:59.200 [restartedMain] INFO  o.q.c.QuartzScheduler - [initialize,294] - Scheduler meta-data: Quartz Scheduler (v2.3.2) 'RuoyiScheduler' with instanceId '楼台1776954119190'
  Scheduler class: 'org.quartz.core.QuartzScheduler' - running locally.
  NOT STARTED.
  Currently in standby mode.
  Number of jobs executed: 0
  Using thread pool 'org.quartz.simpl.SimpleThreadPool' - with 20 threads.
  Using job-store 'org.springframework.scheduling.quartz.LocalDataSourceJobStore' - which supports persistence. and is clustered.

22:21:59.200 [restartedMain] INFO  o.q.i.StdSchedulerFactory - [instantiate,1374] - Quartz scheduler 'RuoyiScheduler' initialized from an externally provided properties instance.
22:21:59.200 [restartedMain] INFO  o.q.i.StdSchedulerFactory - [instantiate,1378] - Quartz scheduler version: 2.3.2
22:21:59.202 [restartedMain] INFO  o.q.c.QuartzScheduler - [setJobFactory,2293] - JobFactory set to: org.springframework.scheduling.quartz.AdaptableJobFactory@1bd0e4
22:22:07.100 [restartedMain] INFO  o.a.c.h.Http11NioProtocol - [log,168] - Starting ProtocolHandler ["http-nio-8080"]
22:22:07.267 [restartedMain] INFO  c.r.RuoYiApplication - [logStarted,61] - Started RuoYiApplication in 14.968 seconds (JVM running for 15.681)
22:22:16.309 [http-nio-8080-exec-1] INFO  o.a.c.c.C.[.[.[/] - [log,168] - Initializing Spring DispatcherServlet 'dispatcherServlet'
22:22:17.191 [Quartz Scheduler [RuoyiScheduler]] INFO  o.q.c.QuartzScheduler - [start,547] - Scheduler RuoyiScheduler_$_楼台1776954119190 started.
22:22:48.746 [http-nio-8080-exec-11] INFO  n.b.p.u.u.YauaaVersion - [logVersion,104] - Yauaa 7.32.0 (v7.32.0 @ 2025-10-11T16:29:46Z)
22:22:48.868 [http-nio-8080-exec-11] INFO  n.b.p.u.c.ConfigLoader - [loadResources,310] - - Loaded 119 files in  116 ms using expression: classpath*:UserAgents/**/*.yaml
22:22:50.169 [http-nio-8080-exec-11] INFO  n.b.p.u.a.UserAgentStringMatchMaker - [finalizeLoadingRules,282] - Building all needed matchers for the requested 11 fields.
22:22:50.217 [http-nio-8080-exec-11] INFO  n.b.p.u.a.UserAgentStringMatchMaker - [initializeMatchers,336] - Initializing Analyzer data structures
22:22:51.203 [http-nio-8080-exec-11] INFO  n.b.p.u.a.UserAgentStringMatchMaker - [initializeMatchers,347] - Built in 987 msec : Hashmap 197922, Ranges map:2964
22:27:09.892 [SpringApplicationShutdownHook] INFO  o.q.c.QuartzScheduler - [standby,585] - Scheduler RuoyiScheduler_$_楼台1776954119190 paused.
22:27:17.210 [SpringApplicationShutdownHook] INFO  o.q.c.QuartzScheduler - [shutdown,666] - Scheduler RuoyiScheduler_$_楼台1776954119190 shutting down.
22:27:17.210 [SpringApplicationShutdownHook] INFO  o.q.c.QuartzScheduler - [standby,585] - Scheduler RuoyiScheduler_$_楼台1776954119190 paused.
